2024-04-10 11:27:32.330 [http-nio-80-exec-5] INFO  jdbc.sqlonly - SELECT 	MEMBER_ID 
		FROM 	MEMBER 
		WHERE 	MEMBER_ID = 'q6'

2024-04-10 11:27:32.368 [http-nio-80-exec-5] INFO  jdbc.resultsettable - 
|----------|
|member_id |
|----------|
|----------|

2024-04-10 11:27:54.665 [http-nio-80-exec-6] INFO  jdbc.sqlonly - INSERT INTO MEMBER (
			MEMBER_ID, PASSWD, MEMBER_NM, MEMBER_NICK,
			PROFILE_IMG, PROFILE_UUID,
			SEX, HP, EMAIL,	ZIPCODE,
			ROAD_ADDRESS,JIBUN_ADDRESS,NAMUJI_ADDRESS,
			ETC
		) VALUES (
			'q6', '$2a$10$AQo0bqzIij2HQMvskVGP9OM4zcyKrpx6nHM5nL2RmyXb2O3ZA/VwS','이름6', '닉6',
			'c:/spring_member_profile/default.jpg', NULL,
			'm', '', '', '',
			'',	'','',
			''
		)

2024-04-10 11:28:08.271 [http-nio-80-exec-1] INFO  jdbc.sqlonly - SELECT	PASSWD,	ACTIVE_YN	
		FROM	MEMBER	
		WHERE	MEMBER_ID = 'q6'

2024-04-10 11:28:08.276 [http-nio-80-exec-1] INFO  jdbc.resultsettable - 
|-------------------------------------------------------------|----------|
|passwd                                                       |active_yn |
|-------------------------------------------------------------|----------|
|$2a$10$AQo0bqzIij2HQMvskVGP9OM4zcyKrpx6nHM5nL2RmyXb2O3ZA/VwS |Y         |
|-------------------------------------------------------------|----------|

2024-04-10 11:28:15.114 [http-nio-80-exec-8] INFO  jdbc.sqlonly - SELECT
				B.BD_ID			AS BD_ID,
				B.TITLE			AS TITLE,
				B.READ_CNT		AS READ_CNT,
				B.CREATE_DT		AS CREATE_DT,	
				M.MEMBER_NICK 	AS MEMBER_NICK,
				M.MEMBER_ID 	AS MEMBER_ID
		FROM	BOARD B
		JOIN	MEMBER M
		ON B.MEMBER_ID = M.MEMBER_ID

2024-04-10 11:28:15.129 [http-nio-80-exec-8] INFO  jdbc.resultsettable - 
|------|---------------|---------|----------------------|------------|----------|
|bd_id |title          |read_cnt |create_dt             |member_nick |member_id |
|------|---------------|---------|----------------------|------------|----------|
|3     |1번째 회원이 만든 게시글 |590      |2024-04-05 16:14:13.0 |별명1         |q1        |
|4     |4번째 회원님의 글입니다. |10       |2024-04-05 16:30:58.0 |444         |q4        |
|5     |4번째 다시 쓰는 글    |5        |2024-04-05 16:33:12.0 |444         |q4        |
|6     |1111           |80       |2024-04-05 17:31:43.0 |별명1         |q1        |
|8     |왜이렇게 안되니?      |4        |2024-04-09 17:02:19.0 |별명1         |q1        |
|------|---------------|---------|----------------------|------------|----------|

2024-04-10 11:28:18.086 [http-nio-80-exec-7] INFO  jdbc.sqlonly - SELECT 	* FROM MEMBER WHERE MEMBER_ID = 'q6'

2024-04-10 11:28:18.095 [http-nio-80-exec-7] INFO  jdbc.resultsettable - 
|----------|-------------------------------------------------------------|----------|------------|-------------------------------------|-------------|----|---|------|--------|-------------|--------------|---------------|----|----------|----------------------|------------|---------|
|member_id |passwd                                                       |member_nm |member_nick |profile_img                          |profile_uuid |sex |hp |email |zipcode |road_address |jibun_address |namuji_address |etc |active_yn |join_dt               |inactive_dt |login_dt |
|----------|-------------------------------------------------------------|----------|------------|-------------------------------------|-------------|----|---|------|--------|-------------|--------------|---------------|----|----------|----------------------|------------|---------|
|q6        |$2a$10$AQo0bqzIij2HQMvskVGP9OM4zcyKrpx6nHM5nL2RmyXb2O3ZA/VwS |이름6       |닉6          |c:/spring_member_profile/default.jpg |null         |m   |   |      |        |             |              |               |    |Y         |2024-04-10 11:27:54.0 |null        |null     |
|----------|-------------------------------------------------------------|----------|------------|-------------------------------------|-------------|----|---|------|--------|-------------|--------------|---------------|----|----------|----------------------|------------|---------|

2024-04-10 11:28:44.220 [http-nio-80-exec-7] INFO  jdbc.sqlonly - INSERT INTO BOARD (
			MEMBER_ID, TITLE, CONTENT
		)
		VALUES(
			'q6', '선거날인데', '누가 승리하려나? 
이놈의 선거제도는 언제 바뀔까? ㅠㅠ'
		)

2024-04-10 11:28:44.255 [http-nio-80-exec-2] INFO  jdbc.sqlonly - SELECT
				B.BD_ID			AS BD_ID,
				B.TITLE			AS TITLE,
				B.READ_CNT		AS READ_CNT,
				B.CREATE_DT		AS CREATE_DT,	
				M.MEMBER_NICK 	AS MEMBER_NICK,
				M.MEMBER_ID 	AS MEMBER_ID
		FROM	BOARD B
		JOIN	MEMBER M
		ON B.MEMBER_ID = M.MEMBER_ID

2024-04-10 11:28:44.267 [http-nio-80-exec-2] INFO  jdbc.resultsettable - 
|------|---------------|---------|----------------------|------------|----------|
|bd_id |title          |read_cnt |create_dt             |member_nick |member_id |
|------|---------------|---------|----------------------|------------|----------|
|3     |1번째 회원이 만든 게시글 |590      |2024-04-05 16:14:13.0 |별명1         |q1        |
|6     |1111           |80       |2024-04-05 17:31:43.0 |별명1         |q1        |
|8     |왜이렇게 안되니?      |4        |2024-04-09 17:02:19.0 |별명1         |q1        |
|4     |4번째 회원님의 글입니다. |10       |2024-04-05 16:30:58.0 |444         |q4        |
|5     |4번째 다시 쓰는 글    |5        |2024-04-05 16:33:12.0 |444         |q4        |
|9     |선거날인데          |0        |2024-04-10 11:28:44.0 |닉6          |q6        |
|------|---------------|---------|----------------------|------------|----------|

2024-04-10 11:28:51.811 [http-nio-80-exec-8] INFO  jdbc.sqlonly - SELECT 	* FROM MEMBER WHERE MEMBER_ID = 'q6'

2024-04-10 11:28:51.827 [http-nio-80-exec-8] INFO  jdbc.resultsettable - 
|----------|-------------------------------------------------------------|----------|------------|-------------------------------------|-------------|----|---|------|--------|-------------|--------------|---------------|----|----------|----------------------|------------|---------|
|member_id |passwd                                                       |member_nm |member_nick |profile_img                          |profile_uuid |sex |hp |email |zipcode |road_address |jibun_address |namuji_address |etc |active_yn |join_dt               |inactive_dt |login_dt |
|----------|-------------------------------------------------------------|----------|------------|-------------------------------------|-------------|----|---|------|--------|-------------|--------------|---------------|----|----------|----------------------|------------|---------|
|q6        |$2a$10$AQo0bqzIij2HQMvskVGP9OM4zcyKrpx6nHM5nL2RmyXb2O3ZA/VwS |이름6       |닉6          |c:/spring_member_profile/default.jpg |null         |m   |   |      |        |             |              |               |    |Y         |2024-04-10 11:27:54.0 |null        |null     |
|----------|-------------------------------------------------------------|----------|------------|-------------------------------------|-------------|----|---|------|--------|-------------|--------------|---------------|----|----------|----------------------|------------|---------|

2024-04-10 11:28:51.829 [http-nio-80-exec-8] INFO  jdbc.sqlonly - UPDATE	BOARD
		SET		READ_CNT = READ_CNT + 1
		WHERE	BD_ID = 9

2024-04-10 11:28:51.844 [http-nio-80-exec-8] INFO  jdbc.sqlonly - SELECT
				B.BD_ID			AS BD_ID,
				B.TITLE			AS TITLE,
				B.CONTENT		AS CONTENT,
				B.READ_CNT		AS READ_CNT,
				B.CREATE_DT		AS CREATE_DT,	
				M.MEMBER_NICK 	AS MEMBER_NICK,
				M.MEMBER_ID 	AS MEMBER_ID
		FROM	BOARD B
		JOIN	MEMBER M
		ON 		B.MEMBER_ID = M.MEMBER_ID
		WHERE 	BD_ID = 9

2024-04-10 11:28:51.848 [http-nio-80-exec-8] INFO  jdbc.resultsettable - 
|------|------|---------------------------------|---------|----------------------|------------|----------|
|bd_id |title |content                          |read_cnt |create_dt             |member_nick |member_id |
|------|------|---------------------------------|---------|----------------------|------------|----------|
|9     |선거날인데 |누가 승리하려나? 
이놈의 선거제도는 언제 바뀔까? ㅠㅠ |1        |2024-04-10 11:28:44.0 |닉6          |q6        |
|------|------|---------------------------------|---------|----------------------|------------|----------|

2024-04-10 11:28:51.849 [http-nio-80-exec-8] INFO  jdbc.sqlonly - UPDATE	BOARD
		SET		READ_CNT = READ_CNT + 1
		WHERE	BD_ID = 9

2024-04-10 11:28:51.860 [http-nio-80-exec-8] INFO  jdbc.sqlonly - SELECT
				B.BD_ID			AS BD_ID,
				B.TITLE			AS TITLE,
				B.CONTENT		AS CONTENT,
				B.READ_CNT		AS READ_CNT,
				B.CREATE_DT		AS CREATE_DT,	
				M.MEMBER_NICK 	AS MEMBER_NICK,
				M.MEMBER_ID 	AS MEMBER_ID
		FROM	BOARD B
		JOIN	MEMBER M
		ON 		B.MEMBER_ID = M.MEMBER_ID
		WHERE 	BD_ID = 9

2024-04-10 11:28:51.865 [http-nio-80-exec-8] INFO  jdbc.resultsettable - 
|------|------|---------------------------------|---------|----------------------|------------|----------|
|bd_id |title |content                          |read_cnt |create_dt             |member_nick |member_id |
|------|------|---------------------------------|---------|----------------------|------------|----------|
|9     |선거날인데 |누가 승리하려나? 
이놈의 선거제도는 언제 바뀔까? ㅠㅠ |2        |2024-04-10 11:28:44.0 |닉6          |q6        |
|------|------|---------------------------------|---------|----------------------|------------|----------|

2024-04-10 11:28:51.866 [http-nio-80-exec-8] INFO  jdbc.sqlonly - SELECT 
					M.MEMBER_ID, 
	           	 	M.MEMBER_NICK,
					REPL_ID,
					R.CONTENT, 
					R.CREATE_DT 
			FROM 	REPL R, MEMBER M 
			WHERE 	R.MEMBER_ID = M.MEMBER_ID
			AND 	R.BD_ID = 9

2024-04-10 11:28:51.872 [http-nio-80-exec-8] INFO  jdbc.resultsettable - 
|----------|------------|--------|--------|----------|
|member_id |member_nick |repl_id |content |create_dt |
|----------|------------|--------|--------|----------|
|----------|------------|--------|--------|----------|

2024-04-10 11:28:51.873 [http-nio-80-exec-8] INFO  jdbc.sqlonly - SELECT COUNT(BD_ID)
		FROM	REPL
		WHERE BD_ID = 9

2024-04-10 11:28:51.878 [http-nio-80-exec-8] INFO  jdbc.resultsettable - 
|-------------|
|count(bd_id) |
|-------------|
|0            |
|-------------|

2024-04-10 11:29:07.628 [http-nio-80-exec-7] INFO  jdbc.sqlonly - INSERT INTO REPL (
			REPL_ID, BD_ID, MEMBER_ID, CONTENT
		)VALUES(
			NULL, '9','q6','하루종일 졸린다.... ㅠㅠ'
		)

2024-04-10 11:29:07.648 [http-nio-80-exec-10] INFO  jdbc.sqlonly - SELECT 	* FROM MEMBER WHERE MEMBER_ID = 'q6'

2024-04-10 11:29:07.651 [http-nio-80-exec-10] INFO  jdbc.resultsettable - 
|----------|-------------------------------------------------------------|----------|------------|-------------------------------------|-------------|----|---|------|--------|-------------|--------------|---------------|----|----------|----------------------|------------|---------|
|member_id |passwd                                                       |member_nm |member_nick |profile_img                          |profile_uuid |sex |hp |email |zipcode |road_address |jibun_address |namuji_address |etc |active_yn |join_dt               |inactive_dt |login_dt |
|----------|-------------------------------------------------------------|----------|------------|-------------------------------------|-------------|----|---|------|--------|-------------|--------------|---------------|----|----------|----------------------|------------|---------|
|q6        |$2a$10$AQo0bqzIij2HQMvskVGP9OM4zcyKrpx6nHM5nL2RmyXb2O3ZA/VwS |이름6       |닉6          |c:/spring_member_profile/default.jpg |null         |m   |   |      |        |             |              |               |    |Y         |2024-04-10 11:27:54.0 |null        |null     |
|----------|-------------------------------------------------------------|----------|------------|-------------------------------------|-------------|----|---|------|--------|-------------|--------------|---------------|----|----------|----------------------|------------|---------|

2024-04-10 11:29:07.652 [http-nio-80-exec-10] INFO  jdbc.sqlonly - UPDATE	BOARD
		SET		READ_CNT = READ_CNT + 1
		WHERE	BD_ID = 9

2024-04-10 11:29:07.662 [http-nio-80-exec-10] INFO  jdbc.sqlonly - SELECT
				B.BD_ID			AS BD_ID,
				B.TITLE			AS TITLE,
				B.CONTENT		AS CONTENT,
				B.READ_CNT		AS READ_CNT,
				B.CREATE_DT		AS CREATE_DT,	
				M.MEMBER_NICK 	AS MEMBER_NICK,
				M.MEMBER_ID 	AS MEMBER_ID
		FROM	BOARD B
		JOIN	MEMBER M
		ON 		B.MEMBER_ID = M.MEMBER_ID
		WHERE 	BD_ID = 9

2024-04-10 11:29:07.668 [http-nio-80-exec-10] INFO  jdbc.resultsettable - 
|------|------|---------------------------------|---------|----------------------|------------|----------|
|bd_id |title |content                          |read_cnt |create_dt             |member_nick |member_id |
|------|------|---------------------------------|---------|----------------------|------------|----------|
|9     |선거날인데 |누가 승리하려나? 
이놈의 선거제도는 언제 바뀔까? ㅠㅠ |3        |2024-04-10 11:28:44.0 |닉6          |q6        |
|------|------|---------------------------------|---------|----------------------|------------|----------|

2024-04-10 11:29:07.669 [http-nio-80-exec-10] INFO  jdbc.sqlonly - UPDATE	BOARD
		SET		READ_CNT = READ_CNT + 1
		WHERE	BD_ID = 9

2024-04-10 11:29:07.682 [http-nio-80-exec-10] INFO  jdbc.sqlonly - SELECT
				B.BD_ID			AS BD_ID,
				B.TITLE			AS TITLE,
				B.CONTENT		AS CONTENT,
				B.READ_CNT		AS READ_CNT,
				B.CREATE_DT		AS CREATE_DT,	
				M.MEMBER_NICK 	AS MEMBER_NICK,
				M.MEMBER_ID 	AS MEMBER_ID
		FROM	BOARD B
		JOIN	MEMBER M
		ON 		B.MEMBER_ID = M.MEMBER_ID
		WHERE 	BD_ID = 9

2024-04-10 11:29:07.685 [http-nio-80-exec-10] INFO  jdbc.resultsettable - 
|------|------|---------------------------------|---------|----------------------|------------|----------|
|bd_id |title |content                          |read_cnt |create_dt             |member_nick |member_id |
|------|------|---------------------------------|---------|----------------------|------------|----------|
|9     |선거날인데 |누가 승리하려나? 
이놈의 선거제도는 언제 바뀔까? ㅠㅠ |4        |2024-04-10 11:28:44.0 |닉6          |q6        |
|------|------|---------------------------------|---------|----------------------|------------|----------|

2024-04-10 11:29:07.686 [http-nio-80-exec-10] INFO  jdbc.sqlonly - SELECT 
					M.MEMBER_ID, 
	           	 	M.MEMBER_NICK,
					REPL_ID,
					R.CONTENT, 
					R.CREATE_DT 
			FROM 	REPL R, MEMBER M 
			WHERE 	R.MEMBER_ID = M.MEMBER_ID
			AND 	R.BD_ID = 9

2024-04-10 11:29:07.693 [http-nio-80-exec-10] INFO  jdbc.resultsettable - 
|----------|------------|--------|----------------|----------------------|
|member_id |member_nick |repl_id |content         |create_dt             |
|----------|------------|--------|----------------|----------------------|
|q6        |닉6          |5       |하루종일 졸린다.... ㅠㅠ |2024-04-10 11:29:07.0 |
|----------|------------|--------|----------------|----------------------|

2024-04-10 11:29:07.694 [http-nio-80-exec-10] INFO  jdbc.sqlonly - SELECT COUNT(BD_ID)
		FROM	REPL
		WHERE BD_ID = 9

2024-04-10 11:29:07.695 [http-nio-80-exec-10] INFO  jdbc.resultsettable - 
|-------------|
|count(bd_id) |
|-------------|
|1            |
|-------------|

2024-04-10 11:29:16.807 [http-nio-80-exec-5] INFO  jdbc.sqlonly - SELECT
				B.BD_ID			AS BD_ID,
				B.TITLE			AS TITLE,
				B.READ_CNT		AS READ_CNT,
				B.CREATE_DT		AS CREATE_DT,	
				M.MEMBER_NICK 	AS MEMBER_NICK,
				M.MEMBER_ID 	AS MEMBER_ID
		FROM	BOARD B
		JOIN	MEMBER M
		ON B.MEMBER_ID = M.MEMBER_ID

2024-04-10 11:29:16.816 [http-nio-80-exec-5] INFO  jdbc.resultsettable - 
|------|---------------|---------|----------------------|------------|----------|
|bd_id |title          |read_cnt |create_dt             |member_nick |member_id |
|------|---------------|---------|----------------------|------------|----------|
|3     |1번째 회원이 만든 게시글 |590      |2024-04-05 16:14:13.0 |별명1         |q1        |
|6     |1111           |80       |2024-04-05 17:31:43.0 |별명1         |q1        |
|8     |왜이렇게 안되니?      |4        |2024-04-09 17:02:19.0 |별명1         |q1        |
|4     |4번째 회원님의 글입니다. |10       |2024-04-05 16:30:58.0 |444         |q4        |
|5     |4번째 다시 쓰는 글    |5        |2024-04-05 16:33:12.0 |444         |q4        |
|9     |선거날인데          |4        |2024-04-10 11:28:44.0 |닉6          |q6        |
|------|---------------|---------|----------------------|------------|----------|

2024-04-10 11:29:19.388 [http-nio-80-exec-4] INFO  jdbc.sqlonly - SELECT 	* FROM MEMBER WHERE MEMBER_ID = 'q6'

2024-04-10 11:29:19.394 [http-nio-80-exec-4] INFO  jdbc.resultsettable - 
|----------|-------------------------------------------------------------|----------|------------|-------------------------------------|-------------|----|---|------|--------|-------------|--------------|---------------|----|----------|----------------------|------------|---------|
|member_id |passwd                                                       |member_nm |member_nick |profile_img                          |profile_uuid |sex |hp |email |zipcode |road_address |jibun_address |namuji_address |etc |active_yn |join_dt               |inactive_dt |login_dt |
|----------|-------------------------------------------------------------|----------|------------|-------------------------------------|-------------|----|---|------|--------|-------------|--------------|---------------|----|----------|----------------------|------------|---------|
|q6        |$2a$10$AQo0bqzIij2HQMvskVGP9OM4zcyKrpx6nHM5nL2RmyXb2O3ZA/VwS |이름6       |닉6          |c:/spring_member_profile/default.jpg |null         |m   |   |      |        |             |              |               |    |Y         |2024-04-10 11:27:54.0 |null        |null     |
|----------|-------------------------------------------------------------|----------|------------|-------------------------------------|-------------|----|---|------|--------|-------------|--------------|---------------|----|----------|----------------------|------------|---------|

2024-04-10 11:29:19.402 [http-nio-80-exec-4] INFO  jdbc.sqlonly - UPDATE	BOARD
		SET		READ_CNT = READ_CNT + 1
		WHERE	BD_ID = 3

2024-04-10 11:29:19.429 [http-nio-80-exec-4] INFO  jdbc.sqlonly - SELECT
				B.BD_ID			AS BD_ID,
				B.TITLE			AS TITLE,
				B.CONTENT		AS CONTENT,
				B.READ_CNT		AS READ_CNT,
				B.CREATE_DT		AS CREATE_DT,	
				M.MEMBER_NICK 	AS MEMBER_NICK,
				M.MEMBER_ID 	AS MEMBER_ID
		FROM	BOARD B
		JOIN	MEMBER M
		ON 		B.MEMBER_ID = M.MEMBER_ID
		WHERE 	BD_ID = 3

2024-04-10 11:29:19.433 [http-nio-80-exec-4] INFO  jdbc.resultsettable - 
|------|---------------|-----------------------------------|---------|----------------------|------------|----------|
|bd_id |title          |content                            |read_cnt |create_dt             |member_nick |member_id |
|------|---------------|-----------------------------------|---------|----------------------|------------|----------|
|3     |1번째 회원이 만든 게시글 |처음으로 만드는 게시판..아기다리고기다리던포트폴리오게시판글작성 |591      |2024-04-05 16:14:13.0 |별명1         |q1        |
|------|---------------|-----------------------------------|---------|----------------------|------------|----------|

2024-04-10 11:29:19.434 [http-nio-80-exec-4] INFO  jdbc.sqlonly - UPDATE	BOARD
		SET		READ_CNT = READ_CNT + 1
		WHERE	BD_ID = 3

2024-04-10 11:29:19.442 [http-nio-80-exec-4] INFO  jdbc.sqlonly - SELECT
				B.BD_ID			AS BD_ID,
				B.TITLE			AS TITLE,
				B.CONTENT		AS CONTENT,
				B.READ_CNT		AS READ_CNT,
				B.CREATE_DT		AS CREATE_DT,	
				M.MEMBER_NICK 	AS MEMBER_NICK,
				M.MEMBER_ID 	AS MEMBER_ID
		FROM	BOARD B
		JOIN	MEMBER M
		ON 		B.MEMBER_ID = M.MEMBER_ID
		WHERE 	BD_ID = 3

2024-04-10 11:29:19.446 [http-nio-80-exec-4] INFO  jdbc.resultsettable - 
|------|---------------|-----------------------------------|---------|----------------------|------------|----------|
|bd_id |title          |content                            |read_cnt |create_dt             |member_nick |member_id |
|------|---------------|-----------------------------------|---------|----------------------|------------|----------|
|3     |1번째 회원이 만든 게시글 |처음으로 만드는 게시판..아기다리고기다리던포트폴리오게시판글작성 |592      |2024-04-05 16:14:13.0 |별명1         |q1        |
|------|---------------|-----------------------------------|---------|----------------------|------------|----------|

2024-04-10 11:29:19.447 [http-nio-80-exec-4] INFO  jdbc.sqlonly - SELECT 
					M.MEMBER_ID, 
	           	 	M.MEMBER_NICK,
					REPL_ID,
					R.CONTENT, 
					R.CREATE_DT 
			FROM 	REPL R, MEMBER M 
			WHERE 	R.MEMBER_ID = M.MEMBER_ID
			AND 	R.BD_ID = 3

2024-04-10 11:29:19.452 [http-nio-80-exec-4] INFO  jdbc.resultsettable - 
|----------|------------|--------|------------------|----------------------|
|member_id |member_nick |repl_id |content           |create_dt             |
|----------|------------|--------|------------------|----------------------|
|q1        |별명1         |1       |asdlk;fjas;dlkfj  |2024-04-08 00:00:00.0 |
|q1        |별명1         |2       |2번째 답글입니다.        |2024-04-09 00:00:00.0 |
|q1        |별명1         |3       |댓글을 작성하도록 해요.     |2024-04-09 17:34:55.0 |
|q1        |별명1         |4       |댓글을 작성하도록 해요.2번째냔 |2024-04-09 17:36:04.0 |
|----------|------------|--------|------------------|----------------------|

2024-04-10 11:29:19.453 [http-nio-80-exec-4] INFO  jdbc.sqlonly - SELECT COUNT(BD_ID)
		FROM	REPL
		WHERE BD_ID = 3

2024-04-10 11:29:19.454 [http-nio-80-exec-4] INFO  jdbc.resultsettable - 
|-------------|
|count(bd_id) |
|-------------|
|4            |
|-------------|

2024-04-10 11:31:38.643 [http-nio-80-exec-1] INFO  jdbc.sqlonly - SELECT 	* FROM MEMBER WHERE MEMBER_ID = 'q6'

2024-04-10 11:31:38.647 [http-nio-80-exec-1] INFO  jdbc.resultsettable - 
|----------|-------------------------------------------------------------|----------|------------|-------------------------------------|-------------|----|---|------|--------|-------------|--------------|---------------|----|----------|----------------------|------------|---------|
|member_id |passwd                                                       |member_nm |member_nick |profile_img                          |profile_uuid |sex |hp |email |zipcode |road_address |jibun_address |namuji_address |etc |active_yn |join_dt               |inactive_dt |login_dt |
|----------|-------------------------------------------------------------|----------|------------|-------------------------------------|-------------|----|---|------|--------|-------------|--------------|---------------|----|----------|----------------------|------------|---------|
|q6        |$2a$10$AQo0bqzIij2HQMvskVGP9OM4zcyKrpx6nHM5nL2RmyXb2O3ZA/VwS |이름6       |닉6          |c:/spring_member_profile/default.jpg |null         |m   |   |      |        |             |              |               |    |Y         |2024-04-10 11:27:54.0 |null        |null     |
|----------|-------------------------------------------------------------|----------|------------|-------------------------------------|-------------|----|---|------|--------|-------------|--------------|---------------|----|----------|----------------------|------------|---------|

2024-04-10 11:31:38.649 [http-nio-80-exec-1] INFO  jdbc.sqlonly - UPDATE	BOARD
		SET		READ_CNT = READ_CNT + 1
		WHERE	BD_ID = 3

2024-04-10 11:31:38.660 [http-nio-80-exec-1] INFO  jdbc.sqlonly - SELECT
				B.BD_ID			AS BD_ID,
				B.TITLE			AS TITLE,
				B.CONTENT		AS CONTENT,
				B.READ_CNT		AS READ_CNT,
				B.CREATE_DT		AS CREATE_DT,	
				M.MEMBER_NICK 	AS MEMBER_NICK,
				M.MEMBER_ID 	AS MEMBER_ID
		FROM	BOARD B
		JOIN	MEMBER M
		ON 		B.MEMBER_ID = M.MEMBER_ID
		WHERE 	BD_ID = 3

2024-04-10 11:31:38.662 [http-nio-80-exec-1] INFO  jdbc.resultsettable - 
|------|---------------|-----------------------------------|---------|----------------------|------------|----------|
|bd_id |title          |content                            |read_cnt |create_dt             |member_nick |member_id |
|------|---------------|-----------------------------------|---------|----------------------|------------|----------|
|3     |1번째 회원이 만든 게시글 |처음으로 만드는 게시판..아기다리고기다리던포트폴리오게시판글작성 |593      |2024-04-05 16:14:13.0 |별명1         |q1        |
|------|---------------|-----------------------------------|---------|----------------------|------------|----------|

2024-04-10 11:31:38.663 [http-nio-80-exec-1] INFO  jdbc.sqlonly - UPDATE	BOARD
		SET		READ_CNT = READ_CNT + 1
		WHERE	BD_ID = 3

2024-04-10 11:31:38.668 [http-nio-80-exec-1] INFO  jdbc.sqlonly - SELECT
				B.BD_ID			AS BD_ID,
				B.TITLE			AS TITLE,
				B.CONTENT		AS CONTENT,
				B.READ_CNT		AS READ_CNT,
				B.CREATE_DT		AS CREATE_DT,	
				M.MEMBER_NICK 	AS MEMBER_NICK,
				M.MEMBER_ID 	AS MEMBER_ID
		FROM	BOARD B
		JOIN	MEMBER M
		ON 		B.MEMBER_ID = M.MEMBER_ID
		WHERE 	BD_ID = 3

2024-04-10 11:31:38.673 [http-nio-80-exec-1] INFO  jdbc.resultsettable - 
|------|---------------|-----------------------------------|---------|----------------------|------------|----------|
|bd_id |title          |content                            |read_cnt |create_dt             |member_nick |member_id |
|------|---------------|-----------------------------------|---------|----------------------|------------|----------|
|3     |1번째 회원이 만든 게시글 |처음으로 만드는 게시판..아기다리고기다리던포트폴리오게시판글작성 |594      |2024-04-05 16:14:13.0 |별명1         |q1        |
|------|---------------|-----------------------------------|---------|----------------------|------------|----------|

2024-04-10 11:31:38.675 [http-nio-80-exec-1] INFO  jdbc.sqlonly - SELECT 
					M.MEMBER_ID, 
	           	 	M.MEMBER_NICK,
					REPL_ID,
					R.CONTENT, 
					R.CREATE_DT 
			FROM 	REPL R, MEMBER M 
			WHERE 	R.MEMBER_ID = M.MEMBER_ID
			AND 	R.BD_ID = 3

2024-04-10 11:31:38.680 [http-nio-80-exec-1] INFO  jdbc.resultsettable - 
|----------|------------|--------|------------------|----------------------|
|member_id |member_nick |repl_id |content           |create_dt             |
|----------|------------|--------|------------------|----------------------|
|q1        |별명1         |1       |asdlk;fjas;dlkfj  |2024-04-08 00:00:00.0 |
|q1        |별명1         |2       |2번째 답글입니다.        |2024-04-09 00:00:00.0 |
|q1        |별명1         |3       |댓글을 작성하도록 해요.     |2024-04-09 17:34:55.0 |
|q1        |별명1         |4       |댓글을 작성하도록 해요.2번째냔 |2024-04-09 17:36:04.0 |
|----------|------------|--------|------------------|----------------------|

2024-04-10 11:31:38.681 [http-nio-80-exec-1] INFO  jdbc.sqlonly - SELECT COUNT(BD_ID)
		FROM	REPL
		WHERE BD_ID = 3

2024-04-10 11:31:38.683 [http-nio-80-exec-1] INFO  jdbc.resultsettable - 
|-------------|
|count(bd_id) |
|-------------|
|4            |
|-------------|

2024-04-10 11:31:45.624 [http-nio-80-exec-2] INFO  jdbc.sqlonly - SELECT
				B.BD_ID			AS BD_ID,
				B.TITLE			AS TITLE,
				B.READ_CNT		AS READ_CNT,
				B.CREATE_DT		AS CREATE_DT,	
				M.MEMBER_NICK 	AS MEMBER_NICK,
				M.MEMBER_ID 	AS MEMBER_ID
		FROM	BOARD B
		JOIN	MEMBER M
		ON B.MEMBER_ID = M.MEMBER_ID

2024-04-10 11:31:45.629 [http-nio-80-exec-2] INFO  jdbc.resultsettable - 
|------|---------------|---------|----------------------|------------|----------|
|bd_id |title          |read_cnt |create_dt             |member_nick |member_id |
|------|---------------|---------|----------------------|------------|----------|
|3     |1번째 회원이 만든 게시글 |594      |2024-04-05 16:14:13.0 |별명1         |q1        |
|6     |1111           |80       |2024-04-05 17:31:43.0 |별명1         |q1        |
|8     |왜이렇게 안되니?      |4        |2024-04-09 17:02:19.0 |별명1         |q1        |
|4     |4번째 회원님의 글입니다. |10       |2024-04-05 16:30:58.0 |444         |q4        |
|5     |4번째 다시 쓰는 글    |5        |2024-04-05 16:33:12.0 |444         |q4        |
|9     |선거날인데          |4        |2024-04-10 11:28:44.0 |닉6          |q6        |
|------|---------------|---------|----------------------|------------|----------|

2024-04-10 11:31:48.828 [http-nio-80-exec-8] INFO  jdbc.sqlonly - SELECT 	* FROM MEMBER WHERE MEMBER_ID = 'q6'

2024-04-10 11:31:48.831 [http-nio-80-exec-8] INFO  jdbc.resultsettable - 
|----------|-------------------------------------------------------------|----------|------------|-------------------------------------|-------------|----|---|------|--------|-------------|--------------|---------------|----|----------|----------------------|------------|---------|
|member_id |passwd                                                       |member_nm |member_nick |profile_img                          |profile_uuid |sex |hp |email |zipcode |road_address |jibun_address |namuji_address |etc |active_yn |join_dt               |inactive_dt |login_dt |
|----------|-------------------------------------------------------------|----------|------------|-------------------------------------|-------------|----|---|------|--------|-------------|--------------|---------------|----|----------|----------------------|------------|---------|
|q6        |$2a$10$AQo0bqzIij2HQMvskVGP9OM4zcyKrpx6nHM5nL2RmyXb2O3ZA/VwS |이름6       |닉6          |c:/spring_member_profile/default.jpg |null         |m   |   |      |        |             |              |               |    |Y         |2024-04-10 11:27:54.0 |null        |null     |
|----------|-------------------------------------------------------------|----------|------------|-------------------------------------|-------------|----|---|------|--------|-------------|--------------|---------------|----|----------|----------------------|------------|---------|

2024-04-10 11:31:48.834 [http-nio-80-exec-8] INFO  jdbc.sqlonly - UPDATE	BOARD
		SET		READ_CNT = READ_CNT + 1
		WHERE	BD_ID = 3

2024-04-10 11:31:48.855 [http-nio-80-exec-8] INFO  jdbc.sqlonly - SELECT
				B.BD_ID			AS BD_ID,
				B.TITLE			AS TITLE,
				B.CONTENT		AS CONTENT,
				B.READ_CNT		AS READ_CNT,
				B.CREATE_DT		AS CREATE_DT,	
				M.MEMBER_NICK 	AS MEMBER_NICK,
				M.MEMBER_ID 	AS MEMBER_ID
		FROM	BOARD B
		JOIN	MEMBER M
		ON 		B.MEMBER_ID = M.MEMBER_ID
		WHERE 	BD_ID = 3

2024-04-10 11:31:48.857 [http-nio-80-exec-8] INFO  jdbc.resultsettable - 
|------|---------------|-----------------------------------|---------|----------------------|------------|----------|
|bd_id |title          |content                            |read_cnt |create_dt             |member_nick |member_id |
|------|---------------|-----------------------------------|---------|----------------------|------------|----------|
|3     |1번째 회원이 만든 게시글 |처음으로 만드는 게시판..아기다리고기다리던포트폴리오게시판글작성 |595      |2024-04-05 16:14:13.0 |별명1         |q1        |
|------|---------------|-----------------------------------|---------|----------------------|------------|----------|

2024-04-10 11:31:48.859 [http-nio-80-exec-8] INFO  jdbc.sqlonly - UPDATE	BOARD
		SET		READ_CNT = READ_CNT + 1
		WHERE	BD_ID = 3

2024-04-10 11:31:48.876 [http-nio-80-exec-8] INFO  jdbc.sqlonly - SELECT
				B.BD_ID			AS BD_ID,
				B.TITLE			AS TITLE,
				B.CONTENT		AS CONTENT,
				B.READ_CNT		AS READ_CNT,
				B.CREATE_DT		AS CREATE_DT,	
				M.MEMBER_NICK 	AS MEMBER_NICK,
				M.MEMBER_ID 	AS MEMBER_ID
		FROM	BOARD B
		JOIN	MEMBER M
		ON 		B.MEMBER_ID = M.MEMBER_ID
		WHERE 	BD_ID = 3

2024-04-10 11:31:48.879 [http-nio-80-exec-8] INFO  jdbc.resultsettable - 
|------|---------------|-----------------------------------|---------|----------------------|------------|----------|
|bd_id |title          |content                            |read_cnt |create_dt             |member_nick |member_id |
|------|---------------|-----------------------------------|---------|----------------------|------------|----------|
|3     |1번째 회원이 만든 게시글 |처음으로 만드는 게시판..아기다리고기다리던포트폴리오게시판글작성 |596      |2024-04-05 16:14:13.0 |별명1         |q1        |
|------|---------------|-----------------------------------|---------|----------------------|------------|----------|

2024-04-10 11:31:48.880 [http-nio-80-exec-8] INFO  jdbc.sqlonly - SELECT 
					M.MEMBER_ID, 
	           	 	M.MEMBER_NICK,
					REPL_ID,
					R.CONTENT, 
					R.CREATE_DT 
			FROM 	REPL R, MEMBER M 
			WHERE 	R.MEMBER_ID = M.MEMBER_ID
			AND 	R.BD_ID = 3

2024-04-10 11:31:48.887 [http-nio-80-exec-8] INFO  jdbc.resultsettable - 
|----------|------------|--------|------------------|----------------------|
|member_id |member_nick |repl_id |content           |create_dt             |
|----------|------------|--------|------------------|----------------------|
|q1        |별명1         |1       |asdlk;fjas;dlkfj  |2024-04-08 00:00:00.0 |
|q1        |별명1         |2       |2번째 답글입니다.        |2024-04-09 00:00:00.0 |
|q1        |별명1         |3       |댓글을 작성하도록 해요.     |2024-04-09 17:34:55.0 |
|q1        |별명1         |4       |댓글을 작성하도록 해요.2번째냔 |2024-04-09 17:36:04.0 |
|----------|------------|--------|------------------|----------------------|

2024-04-10 11:31:48.888 [http-nio-80-exec-8] INFO  jdbc.sqlonly - SELECT COUNT(BD_ID)
		FROM	REPL
		WHERE BD_ID = 3

2024-04-10 11:31:48.890 [http-nio-80-exec-8] INFO  jdbc.resultsettable - 
|-------------|
|count(bd_id) |
|-------------|
|4            |
|-------------|

2024-04-10 11:33:21.137 [http-nio-80-exec-8] INFO  jdbc.sqlonly - SELECT 	* FROM MEMBER WHERE MEMBER_ID = 'q6'

2024-04-10 11:33:21.141 [http-nio-80-exec-8] INFO  jdbc.resultsettable - 
|----------|-------------------------------------------------------------|----------|------------|-------------------------------------|-------------|----|---|------|--------|-------------|--------------|---------------|----|----------|----------------------|------------|---------|
|member_id |passwd                                                       |member_nm |member_nick |profile_img                          |profile_uuid |sex |hp |email |zipcode |road_address |jibun_address |namuji_address |etc |active_yn |join_dt               |inactive_dt |login_dt |
|----------|-------------------------------------------------------------|----------|------------|-------------------------------------|-------------|----|---|------|--------|-------------|--------------|---------------|----|----------|----------------------|------------|---------|
|q6        |$2a$10$AQo0bqzIij2HQMvskVGP9OM4zcyKrpx6nHM5nL2RmyXb2O3ZA/VwS |이름6       |닉6          |c:/spring_member_profile/default.jpg |null         |m   |   |      |        |             |              |               |    |Y         |2024-04-10 11:27:54.0 |null        |null     |
|----------|-------------------------------------------------------------|----------|------------|-------------------------------------|-------------|----|---|------|--------|-------------|--------------|---------------|----|----------|----------------------|------------|---------|

2024-04-10 11:33:21.142 [http-nio-80-exec-8] INFO  jdbc.sqlonly - UPDATE	BOARD
		SET		READ_CNT = READ_CNT + 1
		WHERE	BD_ID = 3

2024-04-10 11:33:21.147 [http-nio-80-exec-8] INFO  jdbc.sqlonly - SELECT
				B.BD_ID			AS BD_ID,
				B.TITLE			AS TITLE,
				B.CONTENT		AS CONTENT,
				B.READ_CNT		AS READ_CNT,
				B.CREATE_DT		AS CREATE_DT,	
				M.MEMBER_NICK 	AS MEMBER_NICK,
				M.MEMBER_ID 	AS MEMBER_ID
		FROM	BOARD B
		JOIN	MEMBER M
		ON 		B.MEMBER_ID = M.MEMBER_ID
		WHERE 	BD_ID = 3

2024-04-10 11:33:21.153 [http-nio-80-exec-8] INFO  jdbc.resultsettable - 
|------|---------------|-----------------------------------|---------|----------------------|------------|----------|
|bd_id |title          |content                            |read_cnt |create_dt             |member_nick |member_id |
|------|---------------|-----------------------------------|---------|----------------------|------------|----------|
|3     |1번째 회원이 만든 게시글 |처음으로 만드는 게시판..아기다리고기다리던포트폴리오게시판글작성 |597      |2024-04-05 16:14:13.0 |별명1         |q1        |
|------|---------------|-----------------------------------|---------|----------------------|------------|----------|

2024-04-10 11:33:21.156 [http-nio-80-exec-8] INFO  jdbc.sqlonly - UPDATE	BOARD
		SET		READ_CNT = READ_CNT + 1
		WHERE	BD_ID = 3

2024-04-10 11:33:21.164 [http-nio-80-exec-8] INFO  jdbc.sqlonly - SELECT
				B.BD_ID			AS BD_ID,
				B.TITLE			AS TITLE,
				B.CONTENT		AS CONTENT,
				B.READ_CNT		AS READ_CNT,
				B.CREATE_DT		AS CREATE_DT,	
				M.MEMBER_NICK 	AS MEMBER_NICK,
				M.MEMBER_ID 	AS MEMBER_ID
		FROM	BOARD B
		JOIN	MEMBER M
		ON 		B.MEMBER_ID = M.MEMBER_ID
		WHERE 	BD_ID = 3

2024-04-10 11:33:21.167 [http-nio-80-exec-8] INFO  jdbc.resultsettable - 
|------|---------------|-----------------------------------|---------|----------------------|------------|----------|
|bd_id |title          |content                            |read_cnt |create_dt             |member_nick |member_id |
|------|---------------|-----------------------------------|---------|----------------------|------------|----------|
|3     |1번째 회원이 만든 게시글 |처음으로 만드는 게시판..아기다리고기다리던포트폴리오게시판글작성 |598      |2024-04-05 16:14:13.0 |별명1         |q1        |
|------|---------------|-----------------------------------|---------|----------------------|------------|----------|

2024-04-10 11:33:21.170 [http-nio-80-exec-8] INFO  jdbc.sqlonly - SELECT 
					M.MEMBER_ID, 
	           	 	M.MEMBER_NICK,
					REPL_ID,
					R.CONTENT, 
					R.CREATE_DT 
			FROM 	REPL R, MEMBER M 
			WHERE 	R.MEMBER_ID = M.MEMBER_ID
			AND 	R.BD_ID = 3

2024-04-10 11:33:21.174 [http-nio-80-exec-8] INFO  jdbc.resultsettable - 
|----------|------------|--------|------------------|----------------------|
|member_id |member_nick |repl_id |content           |create_dt             |
|----------|------------|--------|------------------|----------------------|
|q1        |별명1         |1       |asdlk;fjas;dlkfj  |2024-04-08 00:00:00.0 |
|q1        |별명1         |2       |2번째 답글입니다.        |2024-04-09 00:00:00.0 |
|q1        |별명1         |3       |댓글을 작성하도록 해요.     |2024-04-09 17:34:55.0 |
|q1        |별명1         |4       |댓글을 작성하도록 해요.2번째냔 |2024-04-09 17:36:04.0 |
|----------|------------|--------|------------------|----------------------|

2024-04-10 11:33:21.175 [http-nio-80-exec-8] INFO  jdbc.sqlonly - SELECT COUNT(BD_ID)
		FROM	REPL
		WHERE BD_ID = 3

2024-04-10 11:33:21.177 [http-nio-80-exec-8] INFO  jdbc.resultsettable - 
|-------------|
|count(bd_id) |
|-------------|
|4            |
|-------------|

2024-04-10 11:33:37.947 [http-nio-80-exec-7] INFO  jdbc.sqlonly - INSERT INTO REPL (
			REPL_ID, BD_ID, MEMBER_ID, CONTENT
		)VALUES(
			NULL, '3','q6','하이루 댓글을 만들어 봐야지'
		)

2024-04-10 11:33:37.980 [http-nio-80-exec-3] INFO  jdbc.sqlonly - SELECT 	* FROM MEMBER WHERE MEMBER_ID = 'q6'

2024-04-10 11:33:37.983 [http-nio-80-exec-3] INFO  jdbc.resultsettable - 
|----------|-------------------------------------------------------------|----------|------------|-------------------------------------|-------------|----|---|------|--------|-------------|--------------|---------------|----|----------|----------------------|------------|---------|
|member_id |passwd                                                       |member_nm |member_nick |profile_img                          |profile_uuid |sex |hp |email |zipcode |road_address |jibun_address |namuji_address |etc |active_yn |join_dt               |inactive_dt |login_dt |
|----------|-------------------------------------------------------------|----------|------------|-------------------------------------|-------------|----|---|------|--------|-------------|--------------|---------------|----|----------|----------------------|------------|---------|
|q6        |$2a$10$AQo0bqzIij2HQMvskVGP9OM4zcyKrpx6nHM5nL2RmyXb2O3ZA/VwS |이름6       |닉6          |c:/spring_member_profile/default.jpg |null         |m   |   |      |        |             |              |               |    |Y         |2024-04-10 11:27:54.0 |null        |null     |
|----------|-------------------------------------------------------------|----------|------------|-------------------------------------|-------------|----|---|------|--------|-------------|--------------|---------------|----|----------|----------------------|------------|---------|

2024-04-10 11:33:37.986 [http-nio-80-exec-3] INFO  jdbc.sqlonly - UPDATE	BOARD
		SET		READ_CNT = READ_CNT + 1
		WHERE	BD_ID = 3

2024-04-10 11:33:37.997 [http-nio-80-exec-3] INFO  jdbc.sqlonly - SELECT
				B.BD_ID			AS BD_ID,
				B.TITLE			AS TITLE,
				B.CONTENT		AS CONTENT,
				B.READ_CNT		AS READ_CNT,
				B.CREATE_DT		AS CREATE_DT,	
				M.MEMBER_NICK 	AS MEMBER_NICK,
				M.MEMBER_ID 	AS MEMBER_ID
		FROM	BOARD B
		JOIN	MEMBER M
		ON 		B.MEMBER_ID = M.MEMBER_ID
		WHERE 	BD_ID = 3

2024-04-10 11:33:37.999 [http-nio-80-exec-3] INFO  jdbc.resultsettable - 
|------|---------------|-----------------------------------|---------|----------------------|------------|----------|
|bd_id |title          |content                            |read_cnt |create_dt             |member_nick |member_id |
|------|---------------|-----------------------------------|---------|----------------------|------------|----------|
|3     |1번째 회원이 만든 게시글 |처음으로 만드는 게시판..아기다리고기다리던포트폴리오게시판글작성 |599      |2024-04-05 16:14:13.0 |별명1         |q1        |
|------|---------------|-----------------------------------|---------|----------------------|------------|----------|

2024-04-10 11:33:38.000 [http-nio-80-exec-3] INFO  jdbc.sqlonly - UPDATE	BOARD
		SET		READ_CNT = READ_CNT + 1
		WHERE	BD_ID = 3

2024-04-10 11:33:38.038 [http-nio-80-exec-3] INFO  jdbc.sqlonly - SELECT
				B.BD_ID			AS BD_ID,
				B.TITLE			AS TITLE,
				B.CONTENT		AS CONTENT,
				B.READ_CNT		AS READ_CNT,
				B.CREATE_DT		AS CREATE_DT,	
				M.MEMBER_NICK 	AS MEMBER_NICK,
				M.MEMBER_ID 	AS MEMBER_ID
		FROM	BOARD B
		JOIN	MEMBER M
		ON 		B.MEMBER_ID = M.MEMBER_ID
		WHERE 	BD_ID = 3

2024-04-10 11:33:38.041 [http-nio-80-exec-3] INFO  jdbc.resultsettable - 
|------|---------------|-----------------------------------|---------|----------------------|------------|----------|
|bd_id |title          |content                            |read_cnt |create_dt             |member_nick |member_id |
|------|---------------|-----------------------------------|---------|----------------------|------------|----------|
|3     |1번째 회원이 만든 게시글 |처음으로 만드는 게시판..아기다리고기다리던포트폴리오게시판글작성 |600      |2024-04-05 16:14:13.0 |별명1         |q1        |
|------|---------------|-----------------------------------|---------|----------------------|------------|----------|

2024-04-10 11:33:38.042 [http-nio-80-exec-3] INFO  jdbc.sqlonly - SELECT 
					M.MEMBER_ID, 
	           	 	M.MEMBER_NICK,
					REPL_ID,
					R.CONTENT, 
					R.CREATE_DT 
			FROM 	REPL R, MEMBER M 
			WHERE 	R.MEMBER_ID = M.MEMBER_ID
			AND 	R.BD_ID = 3

2024-04-10 11:33:38.048 [http-nio-80-exec-3] INFO  jdbc.resultsettable - 
|----------|------------|--------|------------------|----------------------|
|member_id |member_nick |repl_id |content           |create_dt             |
|----------|------------|--------|------------------|----------------------|
|q1        |별명1         |1       |asdlk;fjas;dlkfj  |2024-04-08 00:00:00.0 |
|q1        |별명1         |2       |2번째 답글입니다.        |2024-04-09 00:00:00.0 |
|q1        |별명1         |3       |댓글을 작성하도록 해요.     |2024-04-09 17:34:55.0 |
|q1        |별명1         |4       |댓글을 작성하도록 해요.2번째냔 |2024-04-09 17:36:04.0 |
|q6        |닉6          |6       |하이루 댓글을 만들어 봐야지   |2024-04-10 11:33:37.0 |
|----------|------------|--------|------------------|----------------------|

2024-04-10 11:33:38.049 [http-nio-80-exec-3] INFO  jdbc.sqlonly - SELECT COUNT(BD_ID)
		FROM	REPL
		WHERE BD_ID = 3

2024-04-10 11:33:38.053 [http-nio-80-exec-3] INFO  jdbc.resultsettable - 
|-------------|
|count(bd_id) |
|-------------|
|5            |
|-------------|

2024-04-10 11:34:09.992 [http-nio-80-exec-4] INFO  jdbc.sqlonly - SELECT 	* FROM MEMBER WHERE MEMBER_ID = 'q6'

2024-04-10 11:34:09.996 [http-nio-80-exec-4] INFO  jdbc.resultsettable - 
|----------|-------------------------------------------------------------|----------|------------|-------------------------------------|-------------|----|---|------|--------|-------------|--------------|---------------|----|----------|----------------------|------------|---------|
|member_id |passwd                                                       |member_nm |member_nick |profile_img                          |profile_uuid |sex |hp |email |zipcode |road_address |jibun_address |namuji_address |etc |active_yn |join_dt               |inactive_dt |login_dt |
|----------|-------------------------------------------------------------|----------|------------|-------------------------------------|-------------|----|---|------|--------|-------------|--------------|---------------|----|----------|----------------------|------------|---------|
|q6        |$2a$10$AQo0bqzIij2HQMvskVGP9OM4zcyKrpx6nHM5nL2RmyXb2O3ZA/VwS |이름6       |닉6          |c:/spring_member_profile/default.jpg |null         |m   |   |      |        |             |              |               |    |Y         |2024-04-10 11:27:54.0 |null        |null     |
|----------|-------------------------------------------------------------|----------|------------|-------------------------------------|-------------|----|---|------|--------|-------------|--------------|---------------|----|----------|----------------------|------------|---------|

2024-04-10 11:34:09.997 [http-nio-80-exec-4] INFO  jdbc.sqlonly - UPDATE	BOARD
		SET		READ_CNT = READ_CNT + 1
		WHERE	BD_ID = 3

2024-04-10 11:34:10.009 [http-nio-80-exec-4] INFO  jdbc.sqlonly - SELECT
				B.BD_ID			AS BD_ID,
				B.TITLE			AS TITLE,
				B.CONTENT		AS CONTENT,
				B.READ_CNT		AS READ_CNT,
				B.CREATE_DT		AS CREATE_DT,	
				M.MEMBER_NICK 	AS MEMBER_NICK,
				M.MEMBER_ID 	AS MEMBER_ID
		FROM	BOARD B
		JOIN	MEMBER M
		ON 		B.MEMBER_ID = M.MEMBER_ID
		WHERE 	BD_ID = 3

2024-04-10 11:34:10.012 [http-nio-80-exec-4] INFO  jdbc.resultsettable - 
|------|---------------|-----------------------------------|---------|----------------------|------------|----------|
|bd_id |title          |content                            |read_cnt |create_dt             |member_nick |member_id |
|------|---------------|-----------------------------------|---------|----------------------|------------|----------|
|3     |1번째 회원이 만든 게시글 |처음으로 만드는 게시판..아기다리고기다리던포트폴리오게시판글작성 |601      |2024-04-05 16:14:13.0 |별명1         |q1        |
|------|---------------|-----------------------------------|---------|----------------------|------------|----------|

2024-04-10 11:34:10.014 [http-nio-80-exec-4] INFO  jdbc.sqlonly - UPDATE	BOARD
		SET		READ_CNT = READ_CNT + 1
		WHERE	BD_ID = 3

2024-04-10 11:34:10.019 [http-nio-80-exec-4] INFO  jdbc.sqlonly - SELECT
				B.BD_ID			AS BD_ID,
				B.TITLE			AS TITLE,
				B.CONTENT		AS CONTENT,
				B.READ_CNT		AS READ_CNT,
				B.CREATE_DT		AS CREATE_DT,	
				M.MEMBER_NICK 	AS MEMBER_NICK,
				M.MEMBER_ID 	AS MEMBER_ID
		FROM	BOARD B
		JOIN	MEMBER M
		ON 		B.MEMBER_ID = M.MEMBER_ID
		WHERE 	BD_ID = 3

2024-04-10 11:34:10.022 [http-nio-80-exec-4] INFO  jdbc.resultsettable - 
|------|---------------|-----------------------------------|---------|----------------------|------------|----------|
|bd_id |title          |content                            |read_cnt |create_dt             |member_nick |member_id |
|------|---------------|-----------------------------------|---------|----------------------|------------|----------|
|3     |1번째 회원이 만든 게시글 |처음으로 만드는 게시판..아기다리고기다리던포트폴리오게시판글작성 |602      |2024-04-05 16:14:13.0 |별명1         |q1        |
|------|---------------|-----------------------------------|---------|----------------------|------------|----------|

2024-04-10 11:34:10.024 [http-nio-80-exec-4] INFO  jdbc.sqlonly - SELECT 
					M.MEMBER_ID, 
	           	 	M.MEMBER_NICK,
					REPL_ID,
					R.CONTENT, 
					R.CREATE_DT 
			FROM 	REPL R, MEMBER M 
			WHERE 	R.MEMBER_ID = M.MEMBER_ID
			AND 	R.BD_ID = 3

2024-04-10 11:34:10.028 [http-nio-80-exec-4] INFO  jdbc.resultsettable - 
|----------|------------|--------|------------------|----------------------|
|member_id |member_nick |repl_id |content           |create_dt             |
|----------|------------|--------|------------------|----------------------|
|q1        |별명1         |1       |asdlk;fjas;dlkfj  |2024-04-08 00:00:00.0 |
|q1        |별명1         |2       |2번째 답글입니다.        |2024-04-09 00:00:00.0 |
|q1        |별명1         |3       |댓글을 작성하도록 해요.     |2024-04-09 17:34:55.0 |
|q1        |별명1         |4       |댓글을 작성하도록 해요.2번째냔 |2024-04-09 17:36:04.0 |
|q6        |닉6          |6       |하이루 댓글을 만들어 봐야지   |2024-04-10 11:33:37.0 |
|----------|------------|--------|------------------|----------------------|

2024-04-10 11:34:10.029 [http-nio-80-exec-4] INFO  jdbc.sqlonly - SELECT COUNT(BD_ID)
		FROM	REPL
		WHERE BD_ID = 3

2024-04-10 11:34:10.032 [http-nio-80-exec-4] INFO  jdbc.resultsettable - 
|-------------|
|count(bd_id) |
|-------------|
|5            |
|-------------|

2024-04-10 13:47:04.341 [http-nio-80-exec-2] INFO  jdbc.sqlonly - SELECT	PASSWD,	ACTIVE_YN	
		FROM	MEMBER	
		WHERE	MEMBER_ID = 'q5'

2024-04-10 13:47:04.350 [http-nio-80-exec-2] INFO  jdbc.resultsettable - 
|-------------------------------------------------------------|----------|
|passwd                                                       |active_yn |
|-------------------------------------------------------------|----------|
|$2a$10$f7KAGJfONqg37kJ8evwE2OgRC0.tO/3/02cAYzEnChMpOu5g4MFFy |Y         |
|-------------------------------------------------------------|----------|

2024-04-10 14:19:35.447 [http-nio-80-exec-4] INFO  jdbc.sqlonly - SELECT	PASSWD,	ACTIVE_YN	
		FROM	MEMBER	
		WHERE	MEMBER_ID = 'q5'

2024-04-10 14:19:35.449 [http-nio-80-exec-4] INFO  jdbc.resultsettable - 
|-------------------------------------------------------------|----------|
|passwd                                                       |active_yn |
|-------------------------------------------------------------|----------|
|$2a$10$f7KAGJfONqg37kJ8evwE2OgRC0.tO/3/02cAYzEnChMpOu5g4MFFy |Y         |
|-------------------------------------------------------------|----------|

2024-04-10 14:33:57.966 [http-nio-80-exec-1] INFO  jdbc.sqlonly - SELECT 	* FROM MEMBER WHERE MEMBER_ID = 'q5'

2024-04-10 14:33:57.970 [http-nio-80-exec-1] INFO  jdbc.resultsettable - 
|----------|-------------------------------------------------------------|----------|------------|-------------------------------------|-------------|----|---|------|--------|-------------|--------------|---------------|----|----------|----------------------|------------|---------|
|member_id |passwd                                                       |member_nm |member_nick |profile_img                          |profile_uuid |sex |hp |email |zipcode |road_address |jibun_address |namuji_address |etc |active_yn |join_dt               |inactive_dt |login_dt |
|----------|-------------------------------------------------------------|----------|------------|-------------------------------------|-------------|----|---|------|--------|-------------|--------------|---------------|----|----------|----------------------|------------|---------|
|q5        |$2a$10$f7KAGJfONqg37kJ8evwE2OgRC0.tO/3/02cAYzEnChMpOu5g4MFFy |5드롱       |5번째회원님      |c:/spring_member_profile/default.jpg |null         |m   |   |      |        |             |              |               |    |Y         |2024-04-07 15:47:22.0 |null        |null     |
|----------|-------------------------------------------------------------|----------|------------|-------------------------------------|-------------|----|---|------|--------|-------------|--------------|---------------|----|----------|----------------------|------------|---------|

2024-04-10 14:37:46.498 [http-nio-80-exec-8] INFO  jdbc.sqlonly - SELECT 	* FROM MEMBER WHERE MEMBER_ID = 'q5'

2024-04-10 14:37:46.501 [http-nio-80-exec-8] INFO  jdbc.resultsettable - 
|----------|-------------------------------------------------------------|----------|------------|-------------------------------------|-------------|----|---|------|--------|-------------|--------------|---------------|----|----------|----------------------|------------|---------|
|member_id |passwd                                                       |member_nm |member_nick |profile_img                          |profile_uuid |sex |hp |email |zipcode |road_address |jibun_address |namuji_address |etc |active_yn |join_dt               |inactive_dt |login_dt |
|----------|-------------------------------------------------------------|----------|------------|-------------------------------------|-------------|----|---|------|--------|-------------|--------------|---------------|----|----------|----------------------|------------|---------|
|q5        |$2a$10$f7KAGJfONqg37kJ8evwE2OgRC0.tO/3/02cAYzEnChMpOu5g4MFFy |5드롱       |5번째회원님      |c:/spring_member_profile/default.jpg |null         |m   |   |      |        |             |              |               |    |Y         |2024-04-07 15:47:22.0 |null        |null     |
|----------|-------------------------------------------------------------|----------|------------|-------------------------------------|-------------|----|---|------|--------|-------------|--------------|---------------|----|----------|----------------------|------------|---------|

2024-04-10 14:38:47.297 [http-nio-80-exec-3] INFO  jdbc.sqlonly - SELECT 	* FROM MEMBER WHERE MEMBER_ID = 'q5'

2024-04-10 14:38:47.300 [http-nio-80-exec-3] INFO  jdbc.resultsettable - 
|----------|-------------------------------------------------------------|----------|------------|-------------------------------------|-------------|----|---|------|--------|-------------|--------------|---------------|----|----------|----------------------|------------|---------|
|member_id |passwd                                                       |member_nm |member_nick |profile_img                          |profile_uuid |sex |hp |email |zipcode |road_address |jibun_address |namuji_address |etc |active_yn |join_dt               |inactive_dt |login_dt |
|----------|-------------------------------------------------------------|----------|------------|-------------------------------------|-------------|----|---|------|--------|-------------|--------------|---------------|----|----------|----------------------|------------|---------|
|q5        |$2a$10$f7KAGJfONqg37kJ8evwE2OgRC0.tO/3/02cAYzEnChMpOu5g4MFFy |5드롱       |5번째회원님      |c:/spring_member_profile/default.jpg |null         |m   |   |      |        |             |              |               |    |Y         |2024-04-07 15:47:22.0 |null        |null     |
|----------|-------------------------------------------------------------|----------|------------|-------------------------------------|-------------|----|---|------|--------|-------------|--------------|---------------|----|----------|----------------------|------------|---------|

2024-04-10 14:39:23.249 [http-nio-80-exec-7] INFO  jdbc.sqlonly - SELECT 	* FROM MEMBER WHERE MEMBER_ID = 'q5'

2024-04-10 14:39:23.252 [http-nio-80-exec-7] INFO  jdbc.resultsettable - 
|----------|-------------------------------------------------------------|----------|------------|-------------------------------------|-------------|----|---|------|--------|-------------|--------------|---------------|----|----------|----------------------|------------|---------|
|member_id |passwd                                                       |member_nm |member_nick |profile_img                          |profile_uuid |sex |hp |email |zipcode |road_address |jibun_address |namuji_address |etc |active_yn |join_dt               |inactive_dt |login_dt |
|----------|-------------------------------------------------------------|----------|------------|-------------------------------------|-------------|----|---|------|--------|-------------|--------------|---------------|----|----------|----------------------|------------|---------|
|q5        |$2a$10$f7KAGJfONqg37kJ8evwE2OgRC0.tO/3/02cAYzEnChMpOu5g4MFFy |5드롱       |5번째회원님      |c:/spring_member_profile/default.jpg |null         |m   |   |      |        |             |              |               |    |Y         |2024-04-07 15:47:22.0 |null        |null     |
|----------|-------------------------------------------------------------|----------|------------|-------------------------------------|-------------|----|---|------|--------|-------------|--------------|---------------|----|----------|----------------------|------------|---------|

2024-04-10 14:39:45.316 [http-nio-80-exec-6] INFO  jdbc.sqlonly - SELECT 	* FROM MEMBER WHERE MEMBER_ID = 'q5'

2024-04-10 14:39:45.322 [http-nio-80-exec-6] INFO  jdbc.resultsettable - 
|----------|-------------------------------------------------------------|----------|------------|-------------------------------------|-------------|----|---|------|--------|-------------|--------------|---------------|----|----------|----------------------|------------|---------|
|member_id |passwd                                                       |member_nm |member_nick |profile_img                          |profile_uuid |sex |hp |email |zipcode |road_address |jibun_address |namuji_address |etc |active_yn |join_dt               |inactive_dt |login_dt |
|----------|-------------------------------------------------------------|----------|------------|-------------------------------------|-------------|----|---|------|--------|-------------|--------------|---------------|----|----------|----------------------|------------|---------|
|q5        |$2a$10$f7KAGJfONqg37kJ8evwE2OgRC0.tO/3/02cAYzEnChMpOu5g4MFFy |5드롱       |5번째회원님      |c:/spring_member_profile/default.jpg |null         |m   |   |      |        |             |              |               |    |Y         |2024-04-07 15:47:22.0 |null        |null     |
|----------|-------------------------------------------------------------|----------|------------|-------------------------------------|-------------|----|---|------|--------|-------------|--------------|---------------|----|----------|----------------------|------------|---------|

2024-04-10 14:40:24.678 [http-nio-80-exec-4] INFO  jdbc.sqlonly - SELECT 	* FROM MEMBER WHERE MEMBER_ID = 'q5'

2024-04-10 14:40:24.680 [http-nio-80-exec-4] INFO  jdbc.resultsettable - 
|----------|-------------------------------------------------------------|----------|------------|-------------------------------------|-------------|----|---|------|--------|-------------|--------------|---------------|----|----------|----------------------|------------|---------|
|member_id |passwd                                                       |member_nm |member_nick |profile_img                          |profile_uuid |sex |hp |email |zipcode |road_address |jibun_address |namuji_address |etc |active_yn |join_dt               |inactive_dt |login_dt |
|----------|-------------------------------------------------------------|----------|------------|-------------------------------------|-------------|----|---|------|--------|-------------|--------------|---------------|----|----------|----------------------|------------|---------|
|q5        |$2a$10$f7KAGJfONqg37kJ8evwE2OgRC0.tO/3/02cAYzEnChMpOu5g4MFFy |5드롱       |5번째회원님      |c:/spring_member_profile/default.jpg |null         |m   |   |      |        |             |              |               |    |Y         |2024-04-07 15:47:22.0 |null        |null     |
|----------|-------------------------------------------------------------|----------|------------|-------------------------------------|-------------|----|---|------|--------|-------------|--------------|---------------|----|----------|----------------------|------------|---------|

2024-04-10 14:40:41.331 [http-nio-80-exec-9] INFO  jdbc.sqlonly - SELECT 	* FROM MEMBER WHERE MEMBER_ID = 'q5'

2024-04-10 14:40:41.334 [http-nio-80-exec-9] INFO  jdbc.resultsettable - 
|----------|-------------------------------------------------------------|----------|------------|-------------------------------------|-------------|----|---|------|--------|-------------|--------------|---------------|----|----------|----------------------|------------|---------|
|member_id |passwd                                                       |member_nm |member_nick |profile_img                          |profile_uuid |sex |hp |email |zipcode |road_address |jibun_address |namuji_address |etc |active_yn |join_dt               |inactive_dt |login_dt |
|----------|-------------------------------------------------------------|----------|------------|-------------------------------------|-------------|----|---|------|--------|-------------|--------------|---------------|----|----------|----------------------|------------|---------|
|q5        |$2a$10$f7KAGJfONqg37kJ8evwE2OgRC0.tO/3/02cAYzEnChMpOu5g4MFFy |5드롱       |5번째회원님      |c:/spring_member_profile/default.jpg |null         |m   |   |      |        |             |              |               |    |Y         |2024-04-07 15:47:22.0 |null        |null     |
|----------|-------------------------------------------------------------|----------|------------|-------------------------------------|-------------|----|---|------|--------|-------------|--------------|---------------|----|----------|----------------------|------------|---------|

2024-04-10 14:40:52.663 [http-nio-80-exec-9] INFO  jdbc.sqlonly - SELECT 	* FROM MEMBER WHERE MEMBER_ID = 'q5'

2024-04-10 14:40:52.666 [http-nio-80-exec-9] INFO  jdbc.resultsettable - 
|----------|-------------------------------------------------------------|----------|------------|-------------------------------------|-------------|----|---|------|--------|-------------|--------------|---------------|----|----------|----------------------|------------|---------|
|member_id |passwd                                                       |member_nm |member_nick |profile_img                          |profile_uuid |sex |hp |email |zipcode |road_address |jibun_address |namuji_address |etc |active_yn |join_dt               |inactive_dt |login_dt |
|----------|-------------------------------------------------------------|----------|------------|-------------------------------------|-------------|----|---|------|--------|-------------|--------------|---------------|----|----------|----------------------|------------|---------|
|q5        |$2a$10$f7KAGJfONqg37kJ8evwE2OgRC0.tO/3/02cAYzEnChMpOu5g4MFFy |5드롱       |5번째회원님      |c:/spring_member_profile/default.jpg |null         |m   |   |      |        |             |              |               |    |Y         |2024-04-07 15:47:22.0 |null        |null     |
|----------|-------------------------------------------------------------|----------|------------|-------------------------------------|-------------|----|---|------|--------|-------------|--------------|---------------|----|----------|----------------------|------------|---------|

2024-04-10 14:42:44.253 [http-nio-80-exec-6] INFO  jdbc.sqlonly - SELECT 	* FROM MEMBER WHERE MEMBER_ID = 'q5'

2024-04-10 14:42:44.256 [http-nio-80-exec-6] INFO  jdbc.resultsettable - 
|----------|-------------------------------------------------------------|----------|------------|-------------------------------------|-------------|----|---|------|--------|-------------|--------------|---------------|----|----------|----------------------|------------|---------|
|member_id |passwd                                                       |member_nm |member_nick |profile_img                          |profile_uuid |sex |hp |email |zipcode |road_address |jibun_address |namuji_address |etc |active_yn |join_dt               |inactive_dt |login_dt |
|----------|-------------------------------------------------------------|----------|------------|-------------------------------------|-------------|----|---|------|--------|-------------|--------------|---------------|----|----------|----------------------|------------|---------|
|q5        |$2a$10$f7KAGJfONqg37kJ8evwE2OgRC0.tO/3/02cAYzEnChMpOu5g4MFFy |5드롱       |5번째회원님      |c:/spring_member_profile/default.jpg |null         |m   |   |      |        |             |              |               |    |Y         |2024-04-07 15:47:22.0 |null        |null     |
|----------|-------------------------------------------------------------|----------|------------|-------------------------------------|-------------|----|---|------|--------|-------------|--------------|---------------|----|----------|----------------------|------------|---------|

2024-04-10 14:42:47.722 [http-nio-80-exec-2] INFO  jdbc.sqlonly - SELECT 	* FROM MEMBER WHERE MEMBER_ID = 'q5'

2024-04-10 14:42:47.725 [http-nio-80-exec-2] INFO  jdbc.resultsettable - 
|----------|-------------------------------------------------------------|----------|------------|-------------------------------------|-------------|----|---|------|--------|-------------|--------------|---------------|----|----------|----------------------|------------|---------|
|member_id |passwd                                                       |member_nm |member_nick |profile_img                          |profile_uuid |sex |hp |email |zipcode |road_address |jibun_address |namuji_address |etc |active_yn |join_dt               |inactive_dt |login_dt |
|----------|-------------------------------------------------------------|----------|------------|-------------------------------------|-------------|----|---|------|--------|-------------|--------------|---------------|----|----------|----------------------|------------|---------|
|q5        |$2a$10$f7KAGJfONqg37kJ8evwE2OgRC0.tO/3/02cAYzEnChMpOu5g4MFFy |5드롱       |5번째회원님      |c:/spring_member_profile/default.jpg |null         |m   |   |      |        |             |              |               |    |Y         |2024-04-07 15:47:22.0 |null        |null     |
|----------|-------------------------------------------------------------|----------|------------|-------------------------------------|-------------|----|---|------|--------|-------------|--------------|---------------|----|----------|----------------------|------------|---------|

2024-04-10 14:43:24.824 [http-nio-80-exec-10] INFO  jdbc.sqlonly - SELECT	PASSWD,	ACTIVE_YN	
		FROM	MEMBER	
		WHERE	MEMBER_ID = 'q1'

2024-04-10 14:43:24.825 [http-nio-80-exec-10] INFO  jdbc.resultsettable - 
|-------------------------------------------------------------|----------|
|passwd                                                       |active_yn |
|-------------------------------------------------------------|----------|
|$2a$10$WqjPBv.6wBeu.p5yBMJ9aO21AqcySeyD8FL8WzXgxyN65aQn2pAqK |Y         |
|-------------------------------------------------------------|----------|

2024-04-10 14:43:32.564 [http-nio-80-exec-6] INFO  jdbc.sqlonly - SELECT 	* FROM MEMBER WHERE MEMBER_ID = 'q1'

2024-04-10 14:43:32.567 [http-nio-80-exec-6] INFO  jdbc.resultsettable - 
|----------|-------------------------------------------------------------|----------|------------|-------------------------------------|-------------|----|---|------|--------|-------------|--------------|---------------|----|----------|----------------------|------------|---------|
|member_id |passwd                                                       |member_nm |member_nick |profile_img                          |profile_uuid |sex |hp |email |zipcode |road_address |jibun_address |namuji_address |etc |active_yn |join_dt               |inactive_dt |login_dt |
|----------|-------------------------------------------------------------|----------|------------|-------------------------------------|-------------|----|---|------|--------|-------------|--------------|---------------|----|----------|----------------------|------------|---------|
|q1        |$2a$10$WqjPBv.6wBeu.p5yBMJ9aO21AqcySeyD8FL8WzXgxyN65aQn2pAqK |이름1       |별명1         |c:/spring_member_profile/default.jpg |null         |m   |   |      |        |             |              |               |    |Y         |2024-04-05 16:29:33.0 |null        |null     |
|----------|-------------------------------------------------------------|----------|------------|-------------------------------------|-------------|----|---|------|--------|-------------|--------------|---------------|----|----------|----------------------|------------|---------|

2024-04-10 14:52:31.907 [http-nio-80-exec-1] INFO  jdbc.sqlonly - SELECT 	* FROM MEMBER WHERE MEMBER_ID = 'q1'

2024-04-10 14:52:31.910 [http-nio-80-exec-1] INFO  jdbc.resultsettable - 
|----------|-------------------------------------------------------------|----------|------------|-------------------------------------|-------------|----|---|------|--------|-------------|--------------|---------------|----|----------|----------------------|------------|---------|
|member_id |passwd                                                       |member_nm |member_nick |profile_img                          |profile_uuid |sex |hp |email |zipcode |road_address |jibun_address |namuji_address |etc |active_yn |join_dt               |inactive_dt |login_dt |
|----------|-------------------------------------------------------------|----------|------------|-------------------------------------|-------------|----|---|------|--------|-------------|--------------|---------------|----|----------|----------------------|------------|---------|
|q1        |$2a$10$WqjPBv.6wBeu.p5yBMJ9aO21AqcySeyD8FL8WzXgxyN65aQn2pAqK |이름1       |별명1         |c:/spring_member_profile/default.jpg |null         |m   |   |      |        |             |              |               |    |Y         |2024-04-05 16:29:33.0 |null        |null     |
|----------|-------------------------------------------------------------|----------|------------|-------------------------------------|-------------|----|---|------|--------|-------------|--------------|---------------|----|----------|----------------------|------------|---------|

2024-04-10 14:53:09.499 [http-nio-80-exec-7] INFO  jdbc.sqlonly - SELECT 	MEMBER_ID 
		FROM 	MEMBER 
		WHERE 	MEMBER_ID = 'q11'

2024-04-10 14:53:09.501 [http-nio-80-exec-7] INFO  jdbc.resultsettable - 
|----------|
|member_id |
|----------|
|----------|

2024-04-10 14:54:47.068 [http-nio-80-exec-8] INFO  jdbc.sqlonly - INSERT INTO MEMBER (
			MEMBER_ID, PASSWD, MEMBER_NM, MEMBER_NICK,
			PROFILE_IMG, PROFILE_UUID,
			SEX, HP, EMAIL,	ZIPCODE,
			ROAD_ADDRESS,JIBUN_ADDRESS,NAMUJI_ADDRESS,
			ETC
		) VALUES (
			'q11', '$2a$10$6BHTTTf0RIY16tcNkZKBGuo0qlSCXfCmrwTuz090hi/4GDf.6hwv.','이름11', '닉네임11',
			'01.jpg', '082ac666-08c7-46f6-afcf-2408bb255dc0.jpg',
			'w', '01029292929', 'q11@gmail.com', '06912',
			'서울 동작구 매봉로4길 15 (상도동)',	'서울 동작구 상도동 1-5','1',
			'<p>회원가입을 수정해야합니다.</p>
'
		)

2024-04-10 14:54:47.086 [http-nio-80-exec-8] ERROR jdbc.sqlonly - 111. PreparedStatement.execute() INSERT INTO MEMBER (
			MEMBER_ID, PASSWD, MEMBER_NM, MEMBER_NICK,
			PROFILE_IMG, PROFILE_UUID,
			SEX, HP, EMAIL,	ZIPCODE,
			ROAD_ADDRESS,JIBUN_ADDRESS,NAMUJI_ADDRESS,
			ETC
		) VALUES (
			'q11', '$2a$10$6BHTTTf0RIY16tcNkZKBGuo0qlSCXfCmrwTuz090hi/4GDf.6hwv.','이름11', '닉네임11',
			'01.jpg', '082ac666-08c7-46f6-afcf-2408bb255dc0.jpg',
			'w', '01029292929', 'q11@gmail.com', '06912',
			'서울 동작구 매봉로4길 15 (상도동)',	'서울 동작구 상도동 1-5','1',
			'<p>회원가입을 수정해야합니다.</p>
'
		)

com.mysql.cj.jdbc.exceptions.MysqlDataTruncation: Data truncation: Data too long for column 'ROAD_ADDRESS' at row 1
	at com.mysql.cj.jdbc.exceptions.SQLExceptionsMapping.translateException(SQLExceptionsMapping.java:104)
	at com.mysql.cj.jdbc.ClientPreparedStatement.executeInternal(ClientPreparedStatement.java:912)
	at com.mysql.cj.jdbc.ClientPreparedStatement.execute(ClientPreparedStatement.java:354)
	at net.sf.log4jdbc.sql.jdbcapi.PreparedStatementSpy.execute(PreparedStatementSpy.java:443)
	at com.zaxxer.hikari.pool.ProxyPreparedStatement.execute(ProxyPreparedStatement.java:44)
	at com.zaxxer.hikari.pool.HikariProxyPreparedStatement.execute(HikariProxyPreparedStatement.java)
	at org.apache.ibatis.executor.statement.PreparedStatementHandler.update(PreparedStatementHandler.java:48)
	at org.apache.ibatis.executor.statement.RoutingStatementHandler.update(RoutingStatementHandler.java:75)
	at org.apache.ibatis.executor.SimpleExecutor.doUpdate(SimpleExecutor.java:50)
	at org.apache.ibatis.executor.BaseExecutor.update(BaseExecutor.java:117)
	at org.apache.ibatis.executor.CachingExecutor.update(CachingExecutor.java:76)
	at org.apache.ibatis.session.defaults.DefaultSqlSession.update(DefaultSqlSession.java:197)
	at org.apache.ibatis.session.defaults.DefaultSqlSession.insert(DefaultSqlSession.java:184)
	at java.base/jdk.internal.reflect.NativeMethodAccessorImpl.invoke0(Native Method)
	at java.base/jdk.internal.reflect.NativeMethodAccessorImpl.invoke(NativeMethodAccessorImpl.java:77)
	at java.base/jdk.internal.reflect.DelegatingMethodAccessorImpl.invoke(DelegatingMethodAccessorImpl.java:43)
	at java.base/java.lang.reflect.Method.invoke(Method.java:568)
	at org.mybatis.spring.SqlSessionTemplate$SqlSessionInterceptor.invoke(SqlSessionTemplate.java:425)
	at jdk.proxy2/jdk.proxy2.$Proxy71.insert(Unknown Source)
	at org.mybatis.spring.SqlSessionTemplate.insert(SqlSessionTemplate.java:272)
	at org.apache.ibatis.binding.MapperMethod.execute(MapperMethod.java:62)
	at org.apache.ibatis.binding.MapperProxy$PlainMethodInvoker.invoke(MapperProxy.java:141)
	at org.apache.ibatis.binding.MapperProxy.invoke(MapperProxy.java:86)
	at jdk.proxy25/jdk.proxy25.$Proxy164.createMember(Unknown Source)
	at com.application.oasisCMS.member.service.MemberServiceImpl.createMember(MemberServiceImpl.java:62)
	at com.application.oasisCMS.member.controller.MemberController.registerMember(MemberController.java:58)
	at java.base/jdk.internal.reflect.NativeMethodAccessorImpl.invoke0(Native Method)
	at java.base/jdk.internal.reflect.NativeMethodAccessorImpl.invoke(NativeMethodAccessorImpl.java:77)
	at java.base/jdk.internal.reflect.DelegatingMethodAccessorImpl.invoke(DelegatingMethodAccessorImpl.java:43)
	at java.base/java.lang.reflect.Method.invoke(Method.java:568)
	at org.springframework.web.method.support.InvocableHandlerMethod.doInvoke(InvocableHandlerMethod.java:255)
	at org.springframework.web.method.support.InvocableHandlerMethod.invokeForRequest(InvocableHandlerMethod.java:188)
	at org.springframework.web.servlet.mvc.method.annotation.ServletInvocableHandlerMethod.invokeAndHandle(ServletInvocableHandlerMethod.java:118)
	at org.springframework.web.servlet.mvc.method.annotation.RequestMappingHandlerAdapter.invokeHandlerMethod(RequestMappingHandlerAdapter.java:925)
	at org.springframework.web.servlet.mvc.method.annotation.RequestMappingHandlerAdapter.handleInternal(RequestMappingHandlerAdapter.java:830)
	at org.springframework.web.servlet.mvc.method.AbstractHandlerMethodAdapter.handle(AbstractHandlerMethodAdapter.java:87)
	at org.springframework.web.servlet.DispatcherServlet.doDispatch(DispatcherServlet.java:1089)
	at org.springframework.web.servlet.DispatcherServlet.doService(DispatcherServlet.java:979)
	at org.springframework.web.servlet.FrameworkServlet.processRequest(FrameworkServlet.java:1014)
	at org.springframework.web.servlet.FrameworkServlet.doPost(FrameworkServlet.java:914)
	at jakarta.servlet.http.HttpServlet.service(HttpServlet.java:590)
	at org.springframework.web.servlet.FrameworkServlet.service(FrameworkServlet.java:885)
	at jakarta.servlet.http.HttpServlet.service(HttpServlet.java:658)
	at org.apache.catalina.core.ApplicationFilterChain.internalDoFilter(ApplicationFilterChain.java:205)
	at org.apache.catalina.core.ApplicationFilterChain.doFilter(ApplicationFilterChain.java:149)
	at org.apache.tomcat.websocket.server.WsFilter.doFilter(WsFilter.java:51)
	at org.apache.catalina.core.ApplicationFilterChain.internalDoFilter(ApplicationFilterChain.java:174)
	at org.apache.catalina.core.ApplicationFilterChain.doFilter(ApplicationFilterChain.java:149)
	at org.springframework.web.filter.CompositeFilter$VirtualFilterChain.doFilter(CompositeFilter.java:108)
	at org.springframework.security.web.FilterChainProxy.lambda$doFilterInternal$3(FilterChainProxy.java:231)
	at org.springframework.security.web.FilterChainProxy$VirtualFilterChain.doFilter(FilterChainProxy.java:365)
	at org.springframework.security.web.access.ExceptionTranslationFilter.doFilter(ExceptionTranslationFilter.java:126)
	at org.springframework.security.web.access.ExceptionTranslationFilter.doFilter(ExceptionTranslationFilter.java:120)
	at org.springframework.security.web.FilterChainProxy$VirtualFilterChain.doFilter(FilterChainProxy.java:374)
	at org.springframework.security.web.authentication.AnonymousAuthenticationFilter.doFilter(AnonymousAuthenticationFilter.java:100)
	at org.springframework.security.web.FilterChainProxy$VirtualFilterChain.doFilter(FilterChainProxy.java:374)
	at org.springframework.security.web.servletapi.SecurityContextHolderAwareRequestFilter.doFilter(SecurityContextHolderAwareRequestFilter.java:179)
	at org.springframework.security.web.FilterChainProxy$VirtualFilterChain.doFilter(FilterChainProxy.java:374)
	at org.springframework.security.web.savedrequest.RequestCacheAwareFilter.doFilter(RequestCacheAwareFilter.java:63)
	at org.springframework.security.web.FilterChainProxy$VirtualFilterChain.doFilter(FilterChainProxy.java:374)
	at org.springframework.security.web.authentication.logout.LogoutFilter.doFilter(LogoutFilter.java:107)
	at org.springframework.security.web.authentication.logout.LogoutFilter.doFilter(LogoutFilter.java:93)
	at org.springframework.security.web.FilterChainProxy$VirtualFilterChain.doFilter(FilterChainProxy.java:374)
	at org.springframework.security.web.header.HeaderWriterFilter.doHeadersAfter(HeaderWriterFilter.java:90)
	at org.springframework.security.web.header.HeaderWriterFilter.doFilterInternal(HeaderWriterFilter.java:75)
	at org.springframework.web.filter.OncePerRequestFilter.doFilter(OncePerRequestFilter.java:116)
	at org.springframework.security.web.FilterChainProxy$VirtualFilterChain.doFilter(FilterChainProxy.java:374)
	at org.springframework.security.web.context.SecurityContextHolderFilter.doFilter(SecurityContextHolderFilter.java:82)
	at org.springframework.security.web.context.SecurityContextHolderFilter.doFilter(SecurityContextHolderFilter.java:69)
	at org.springframework.security.web.FilterChainProxy$VirtualFilterChain.doFilter(FilterChainProxy.java:374)
	at org.springframework.security.web.context.request.async.WebAsyncManagerIntegrationFilter.doFilterInternal(WebAsyncManagerIntegrationFilter.java:62)
	at org.springframework.web.filter.OncePerRequestFilter.doFilter(OncePerRequestFilter.java:116)
	at org.springframework.security.web.FilterChainProxy$VirtualFilterChain.doFilter(FilterChainProxy.java:374)
	at org.springframework.security.web.session.DisableEncodeUrlFilter.doFilterInternal(DisableEncodeUrlFilter.java:42)
	at org.springframework.web.filter.OncePerRequestFilter.doFilter(OncePerRequestFilter.java:116)
	at org.springframework.security.web.FilterChainProxy$VirtualFilterChain.doFilter(FilterChainProxy.java:374)
	at org.springframework.security.web.FilterChainProxy.doFilterInternal(FilterChainProxy.java:233)
	at org.springframework.security.web.FilterChainProxy.doFilter(FilterChainProxy.java:191)
	at org.springframework.web.filter.CompositeFilter$VirtualFilterChain.doFilter(CompositeFilter.java:113)
	at org.springframework.web.servlet.handler.HandlerMappingIntrospector.lambda$createCacheFilter$3(HandlerMappingIntrospector.java:195)
	at org.springframework.web.filter.CompositeFilter$VirtualFilterChain.doFilter(CompositeFilter.java:113)
	at org.springframework.web.filter.CompositeFilter.doFilter(CompositeFilter.java:74)
	at org.springframework.security.config.annotation.web.configuration.WebMvcSecurityConfiguration$CompositeFilterChainProxy.doFilter(WebMvcSecurityConfiguration.java:230)
	at org.springframework.web.filter.DelegatingFilterProxy.invokeDelegate(DelegatingFilterProxy.java:352)
	at org.springframework.web.filter.DelegatingFilterProxy.doFilter(DelegatingFilterProxy.java:268)
	at org.apache.catalina.core.ApplicationFilterChain.internalDoFilter(ApplicationFilterChain.java:174)
	at org.apache.catalina.core.ApplicationFilterChain.doFilter(ApplicationFilterChain.java:149)
	at org.springframework.web.filter.RequestContextFilter.doFilterInternal(RequestContextFilter.java:100)
	at org.springframework.web.filter.OncePerRequestFilter.doFilter(OncePerRequestFilter.java:116)
	at org.apache.catalina.core.ApplicationFilterChain.internalDoFilter(ApplicationFilterChain.java:174)
	at org.apache.catalina.core.ApplicationFilterChain.doFilter(ApplicationFilterChain.java:149)
	at org.springframework.web.filter.FormContentFilter.doFilterInternal(FormContentFilter.java:93)
	at org.springframework.web.filter.OncePerRequestFilter.doFilter(OncePerRequestFilter.java:116)
	at org.apache.catalina.core.ApplicationFilterChain.internalDoFilter(ApplicationFilterChain.java:174)
	at org.apache.catalina.core.ApplicationFilterChain.doFilter(ApplicationFilterChain.java:149)
	at org.springframework.web.filter.CharacterEncodingFilter.doFilterInternal(CharacterEncodingFilter.java:201)
	at org.springframework.web.filter.OncePerRequestFilter.doFilter(OncePerRequestFilter.java:116)
	at org.apache.catalina.core.ApplicationFilterChain.internalDoFilter(ApplicationFilterChain.java:174)
	at org.apache.catalina.core.ApplicationFilterChain.doFilter(ApplicationFilterChain.java:149)
	at org.apache.catalina.core.StandardWrapperValve.invoke(StandardWrapperValve.java:167)
	at org.apache.catalina.core.StandardContextValve.invoke(StandardContextValve.java:90)
	at org.apache.catalina.authenticator.AuthenticatorBase.invoke(AuthenticatorBase.java:482)
	at org.apache.catalina.core.StandardHostValve.invoke(StandardHostValve.java:115)
	at org.apache.catalina.valves.ErrorReportValve.invoke(ErrorReportValve.java:93)
	at org.apache.catalina.core.StandardEngineValve.invoke(StandardEngineValve.java:74)
	at org.apache.catalina.connector.CoyoteAdapter.service(CoyoteAdapter.java:344)
	at org.apache.coyote.http11.Http11Processor.service(Http11Processor.java:391)
	at org.apache.coyote.AbstractProcessorLight.process(AbstractProcessorLight.java:63)
	at org.apache.coyote.AbstractProtocol$ConnectionHandler.process(AbstractProtocol.java:896)
	at org.apache.tomcat.util.net.NioEndpoint$SocketProcessor.doRun(NioEndpoint.java:1744)
	at org.apache.tomcat.util.net.SocketProcessorBase.run(SocketProcessorBase.java:52)
	at org.apache.tomcat.util.threads.ThreadPoolExecutor.runWorker(ThreadPoolExecutor.java:1191)
	at org.apache.tomcat.util.threads.ThreadPoolExecutor$Worker.run(ThreadPoolExecutor.java:659)
	at org.apache.tomcat.util.threads.TaskThread$WrappingRunnable.run(TaskThread.java:63)
	at java.base/java.lang.Thread.run(Thread.java:833)
2024-04-10 14:56:43.101 [http-nio-80-exec-10] INFO  jdbc.sqlonly - SELECT 	MEMBER_ID 
		FROM 	MEMBER 
		WHERE 	MEMBER_ID = 'q11'

2024-04-10 14:56:43.103 [http-nio-80-exec-10] INFO  jdbc.resultsettable - 
|----------|
|member_id |
|----------|
|----------|

2024-04-10 14:56:49.863 [http-nio-80-exec-9] INFO  jdbc.sqlonly - INSERT INTO MEMBER (
			MEMBER_ID, PASSWD, MEMBER_NM, MEMBER_NICK,
			PROFILE_IMG, PROFILE_UUID,
			SEX, HP, EMAIL,	ZIPCODE,
			ROAD_ADDRESS,JIBUN_ADDRESS,NAMUJI_ADDRESS,
			ETC
		) VALUES (
			'q11', '$2a$10$jlqtjz46Adlhou3T9SQZlu/zHauK7ikbWkPP5Oz64hmVFJSUdODvu','이름11', '닉네임11',
			'01.jpg', '7de31992-772d-41d7-a888-c976c20de4d1.jpg',
			'w', '01029292929', 'q11@gmail.com', '06912',
			'서울 동작구 매봉로4길 15 (상도동)',	'서울 동작구 상도동 1-5','1',
			'<p>회원가입을 수정해야합니다.</p>
'
		)

2024-04-10 14:56:57.265 [http-nio-80-exec-8] INFO  jdbc.sqlonly - SELECT 	* FROM MEMBER WHERE MEMBER_ID = 'q1'

2024-04-10 14:56:57.268 [http-nio-80-exec-8] INFO  jdbc.resultsettable - 
|----------|-------------------------------------------------------------|----------|------------|-------------------------------------|-------------|----|---|------|--------|-------------|--------------|---------------|----|----------|----------------------|------------|---------|
|member_id |passwd                                                       |member_nm |member_nick |profile_img                          |profile_uuid |sex |hp |email |zipcode |road_address |jibun_address |namuji_address |etc |active_yn |join_dt               |inactive_dt |login_dt |
|----------|-------------------------------------------------------------|----------|------------|-------------------------------------|-------------|----|---|------|--------|-------------|--------------|---------------|----|----------|----------------------|------------|---------|
|q1        |$2a$10$WqjPBv.6wBeu.p5yBMJ9aO21AqcySeyD8FL8WzXgxyN65aQn2pAqK |이름1       |별명1         |c:/spring_member_profile/default.jpg |null         |m   |   |      |        |             |              |               |    |Y         |2024-04-05 16:29:33.0 |null        |null     |
|----------|-------------------------------------------------------------|----------|------------|-------------------------------------|-------------|----|---|------|--------|-------------|--------------|---------------|----|----------|----------------------|------------|---------|

2024-04-10 15:09:24.289 [http-nio-80-exec-10] INFO  jdbc.sqlonly - SELECT 	MEMBER_ID 
		FROM 	MEMBER 
		WHERE 	MEMBER_ID = 'q11'

2024-04-10 15:09:24.291 [http-nio-80-exec-10] INFO  jdbc.resultsettable - 
|----------|
|member_id |
|----------|
|q11       |
|----------|

2024-04-10 15:09:31.487 [http-nio-80-exec-5] INFO  jdbc.sqlonly - SELECT 	MEMBER_ID 
		FROM 	MEMBER 
		WHERE 	MEMBER_ID = 'q7'

2024-04-10 15:09:31.488 [http-nio-80-exec-5] INFO  jdbc.resultsettable - 
|----------|
|member_id |
|----------|
|----------|

2024-04-10 15:10:26.933 [http-nio-80-exec-4] INFO  jdbc.sqlonly - INSERT INTO MEMBER (
			MEMBER_ID, PASSWD, MEMBER_NM, MEMBER_NICK,
			PROFILE_IMG, PROFILE_UUID,
			SEX, HP, EMAIL,	ZIPCODE,
			ROAD_ADDRESS,JIBUN_ADDRESS,NAMUJI_ADDRESS,
			ETC
		) VALUES (
			'q7', '$2a$10$6pe7p3VNIJNS0SczTn0De.uhIc8s6zUqpjR.QFlb/uXughy0R5ytO','이름7', '닉네임7',
			'01.jpg', 'ed94c59b-9477-4865-8b18-547a6d760f20.jpg',
			'm', '010-0000-0000', 'q7@gmail.com', '06912',
			'서울 동작구 매봉로4길 15 (상도동)',	'서울 동작구 상도동 1-5','이름',
			'<p>회원가입을 하면 기분이 좋아요.</p>
'
		)

2024-04-10 15:10:39.472 [http-nio-80-exec-5] INFO  jdbc.sqlonly - SELECT	PASSWD,	ACTIVE_YN	
		FROM	MEMBER	
		WHERE	MEMBER_ID = 'q7'

2024-04-10 15:10:39.474 [http-nio-80-exec-5] INFO  jdbc.resultsettable - 
|-------------------------------------------------------------|----------|
|passwd                                                       |active_yn |
|-------------------------------------------------------------|----------|
|$2a$10$6pe7p3VNIJNS0SczTn0De.uhIc8s6zUqpjR.QFlb/uXughy0R5ytO |Y         |
|-------------------------------------------------------------|----------|

2024-04-10 15:10:44.503 [http-nio-80-exec-9] INFO  jdbc.sqlonly - SELECT 	* FROM MEMBER WHERE MEMBER_ID = 'q7'

2024-04-10 15:10:44.506 [http-nio-80-exec-9] INFO  jdbc.resultsettable - 
|----------|-------------------------------------------------------------|----------|------------|------------|-----------------------------------------|----|--------------|-------------|--------|----------------------|---------------|---------------|---------------------------|----------|----------------------|------------|---------|
|member_id |passwd                                                       |member_nm |member_nick |profile_img |profile_uuid                             |sex |hp            |email        |zipcode |road_address          |jibun_address  |namuji_address |etc                        |active_yn |join_dt               |inactive_dt |login_dt |
|----------|-------------------------------------------------------------|----------|------------|------------|-----------------------------------------|----|--------------|-------------|--------|----------------------|---------------|---------------|---------------------------|----------|----------------------|------------|---------|
|q7        |$2a$10$6pe7p3VNIJNS0SczTn0De.uhIc8s6zUqpjR.QFlb/uXughy0R5ytO |이름7       |닉네임7        |01.jpg      |ed94c59b-9477-4865-8b18-547a6d760f20.jpg |m   |010-0000-0000 |q7@gmail.com |06912   |서울 동작구 매봉로4길 15 (상도동) |서울 동작구 상도동 1-5 |이름             |<p>회원가입을 하면 기분이 좋아요.</p>
 |Y         |2024-04-10 15:10:26.0 |null        |null     |
|----------|-------------------------------------------------------------|----------|------------|------------|-----------------------------------------|----|--------------|-------------|--------|----------------------|---------------|---------------|---------------------------|----------|----------------------|------------|---------|

2024-04-10 15:28:23.065 [http-nio-80-exec-5] INFO  jdbc.sqlonly - SELECT 	* FROM MEMBER WHERE MEMBER_ID = 'q7'

2024-04-10 15:28:23.069 [http-nio-80-exec-5] INFO  jdbc.resultsettable - 
|----------|-------------------------------------------------------------|----------|------------|------------|-----------------------------------------|----|--------------|-------------|--------|----------------------|---------------|---------------|---------------------------|----------|----------------------|------------|---------|
|member_id |passwd                                                       |member_nm |member_nick |profile_img |profile_uuid                             |sex |hp            |email        |zipcode |road_address          |jibun_address  |namuji_address |etc                        |active_yn |join_dt               |inactive_dt |login_dt |
|----------|-------------------------------------------------------------|----------|------------|------------|-----------------------------------------|----|--------------|-------------|--------|----------------------|---------------|---------------|---------------------------|----------|----------------------|------------|---------|
|q7        |$2a$10$6pe7p3VNIJNS0SczTn0De.uhIc8s6zUqpjR.QFlb/uXughy0R5ytO |이름7       |닉네임7        |01.jpg      |ed94c59b-9477-4865-8b18-547a6d760f20.jpg |m   |010-0000-0000 |q7@gmail.com |06912   |서울 동작구 매봉로4길 15 (상도동) |서울 동작구 상도동 1-5 |이름             |<p>회원가입을 하면 기분이 좋아요.</p>
 |Y         |2024-04-10 15:10:26.0 |null        |null     |
|----------|-------------------------------------------------------------|----------|------------|------------|-----------------------------------------|----|--------------|-------------|--------|----------------------|---------------|---------------|---------------------------|----------|----------------------|------------|---------|

2024-04-10 15:28:33.692 [http-nio-80-exec-10] INFO  jdbc.sqlonly - SELECT 	* FROM MEMBER WHERE MEMBER_ID = 'q7'

2024-04-10 15:28:33.695 [http-nio-80-exec-10] INFO  jdbc.resultsettable - 
|----------|-------------------------------------------------------------|----------|------------|------------|-----------------------------------------|----|--------------|-------------|--------|----------------------|---------------|---------------|---------------------------|----------|----------------------|------------|---------|
|member_id |passwd                                                       |member_nm |member_nick |profile_img |profile_uuid                             |sex |hp            |email        |zipcode |road_address          |jibun_address  |namuji_address |etc                        |active_yn |join_dt               |inactive_dt |login_dt |
|----------|-------------------------------------------------------------|----------|------------|------------|-----------------------------------------|----|--------------|-------------|--------|----------------------|---------------|---------------|---------------------------|----------|----------------------|------------|---------|
|q7        |$2a$10$6pe7p3VNIJNS0SczTn0De.uhIc8s6zUqpjR.QFlb/uXughy0R5ytO |이름7       |닉네임7        |01.jpg      |ed94c59b-9477-4865-8b18-547a6d760f20.jpg |m   |010-0000-0000 |q7@gmail.com |06912   |서울 동작구 매봉로4길 15 (상도동) |서울 동작구 상도동 1-5 |이름             |<p>회원가입을 하면 기분이 좋아요.</p>
 |Y         |2024-04-10 15:10:26.0 |null        |null     |
|----------|-------------------------------------------------------------|----------|------------|------------|-----------------------------------------|----|--------------|-------------|--------|----------------------|---------------|---------------|---------------------------|----------|----------------------|------------|---------|

