2024-03-04 15:32:14.031 [scheduling-1] INFO  jdbc.sqlonly - SELECT
				*
		FROM
				BRAND

2024-03-04 15:32:14.125 [scheduling-1] INFO  jdbc.resultsettable - 
|---------|---------|----------------------|----------|
|brand_id |brand_nm |entered_at            |active_yn |
|---------|---------|----------------------|----------|
|1        |samsung  |2021-01-01 00:00:00.0 |Y         |
|2        |lg       |2021-01-01 00:00:00.0 |Y         |
|3        |apple    |2021-01-01 00:00:00.0 |Y         |
|4        |lenovo   |2021-01-01 00:00:00.0 |N         |
|5        |gigabyte |2021-01-01 00:00:00.0 |N         |
|6        |hp       |2021-01-01 00:00:00.0 |N         |
|100      |추가된브랜드   |2024-02-28 16:21:35.0 |Y         |
|---------|---------|----------------------|----------|

2024-03-04 15:32:15.008 [scheduling-1] INFO  jdbc.sqlonly - SELECT
				*
		FROM
				BRAND

2024-03-04 15:32:15.014 [scheduling-1] INFO  jdbc.resultsettable - 
|---------|---------|----------------------|----------|
|brand_id |brand_nm |entered_at            |active_yn |
|---------|---------|----------------------|----------|
|1        |samsung  |2021-01-01 00:00:00.0 |Y         |
|2        |lg       |2021-01-01 00:00:00.0 |Y         |
|3        |apple    |2021-01-01 00:00:00.0 |Y         |
|4        |lenovo   |2021-01-01 00:00:00.0 |N         |
|5        |gigabyte |2021-01-01 00:00:00.0 |N         |
|6        |hp       |2021-01-01 00:00:00.0 |N         |
|100      |추가된브랜드   |2024-02-28 16:21:35.0 |Y         |
|---------|---------|----------------------|----------|

2024-03-04 15:32:16.013 [scheduling-1] INFO  jdbc.sqlonly - SELECT
				*
		FROM
				BRAND

2024-03-04 15:32:16.018 [scheduling-1] INFO  jdbc.resultsettable - 
|---------|---------|----------------------|----------|
|brand_id |brand_nm |entered_at            |active_yn |
|---------|---------|----------------------|----------|
|1        |samsung  |2021-01-01 00:00:00.0 |Y         |
|2        |lg       |2021-01-01 00:00:00.0 |Y         |
|3        |apple    |2021-01-01 00:00:00.0 |Y         |
|4        |lenovo   |2021-01-01 00:00:00.0 |N         |
|5        |gigabyte |2021-01-01 00:00:00.0 |N         |
|6        |hp       |2021-01-01 00:00:00.0 |N         |
|100      |추가된브랜드   |2024-02-28 16:21:35.0 |Y         |
|---------|---------|----------------------|----------|

2024-03-04 15:32:17.005 [scheduling-1] INFO  jdbc.sqlonly - SELECT
				*
		FROM
				BRAND

2024-03-04 15:32:17.010 [scheduling-1] INFO  jdbc.resultsettable - 
|---------|---------|----------------------|----------|
|brand_id |brand_nm |entered_at            |active_yn |
|---------|---------|----------------------|----------|
|1        |samsung  |2021-01-01 00:00:00.0 |Y         |
|2        |lg       |2021-01-01 00:00:00.0 |Y         |
|3        |apple    |2021-01-01 00:00:00.0 |Y         |
|4        |lenovo   |2021-01-01 00:00:00.0 |N         |
|5        |gigabyte |2021-01-01 00:00:00.0 |N         |
|6        |hp       |2021-01-01 00:00:00.0 |N         |
|100      |추가된브랜드   |2024-02-28 16:21:35.0 |Y         |
|---------|---------|----------------------|----------|

2024-03-04 15:32:18.016 [scheduling-1] INFO  jdbc.sqlonly - SELECT
				*
		FROM
				BRAND

2024-03-04 15:32:18.021 [scheduling-1] INFO  jdbc.resultsettable - 
|---------|---------|----------------------|----------|
|brand_id |brand_nm |entered_at            |active_yn |
|---------|---------|----------------------|----------|
|1        |samsung  |2021-01-01 00:00:00.0 |Y         |
|2        |lg       |2021-01-01 00:00:00.0 |Y         |
|3        |apple    |2021-01-01 00:00:00.0 |Y         |
|4        |lenovo   |2021-01-01 00:00:00.0 |N         |
|5        |gigabyte |2021-01-01 00:00:00.0 |N         |
|6        |hp       |2021-01-01 00:00:00.0 |N         |
|100      |추가된브랜드   |2024-02-28 16:21:35.0 |Y         |
|---------|---------|----------------------|----------|

2024-03-04 15:32:19.010 [scheduling-1] INFO  jdbc.sqlonly - SELECT
				*
		FROM
				BRAND

2024-03-04 15:32:19.013 [scheduling-1] INFO  jdbc.resultsettable - 
|---------|---------|----------------------|----------|
|brand_id |brand_nm |entered_at            |active_yn |
|---------|---------|----------------------|----------|
|1        |samsung  |2021-01-01 00:00:00.0 |Y         |
|2        |lg       |2021-01-01 00:00:00.0 |Y         |
|3        |apple    |2021-01-01 00:00:00.0 |Y         |
|4        |lenovo   |2021-01-01 00:00:00.0 |N         |
|5        |gigabyte |2021-01-01 00:00:00.0 |N         |
|6        |hp       |2021-01-01 00:00:00.0 |N         |
|100      |추가된브랜드   |2024-02-28 16:21:35.0 |Y         |
|---------|---------|----------------------|----------|

2024-03-04 15:32:20.008 [scheduling-1] INFO  jdbc.sqlonly - SELECT
				*
		FROM
				BRAND

2024-03-04 15:32:20.012 [scheduling-1] INFO  jdbc.resultsettable - 
|---------|---------|----------------------|----------|
|brand_id |brand_nm |entered_at            |active_yn |
|---------|---------|----------------------|----------|
|1        |samsung  |2021-01-01 00:00:00.0 |Y         |
|2        |lg       |2021-01-01 00:00:00.0 |Y         |
|3        |apple    |2021-01-01 00:00:00.0 |Y         |
|4        |lenovo   |2021-01-01 00:00:00.0 |N         |
|5        |gigabyte |2021-01-01 00:00:00.0 |N         |
|6        |hp       |2021-01-01 00:00:00.0 |N         |
|100      |추가된브랜드   |2024-02-28 16:21:35.0 |Y         |
|---------|---------|----------------------|----------|

2024-03-04 15:32:21.007 [scheduling-1] INFO  jdbc.sqlonly - SELECT
				*
		FROM
				BRAND

2024-03-04 15:32:21.010 [scheduling-1] INFO  jdbc.resultsettable - 
|---------|---------|----------------------|----------|
|brand_id |brand_nm |entered_at            |active_yn |
|---------|---------|----------------------|----------|
|1        |samsung  |2021-01-01 00:00:00.0 |Y         |
|2        |lg       |2021-01-01 00:00:00.0 |Y         |
|3        |apple    |2021-01-01 00:00:00.0 |Y         |
|4        |lenovo   |2021-01-01 00:00:00.0 |N         |
|5        |gigabyte |2021-01-01 00:00:00.0 |N         |
|6        |hp       |2021-01-01 00:00:00.0 |N         |
|100      |추가된브랜드   |2024-02-28 16:21:35.0 |Y         |
|---------|---------|----------------------|----------|

2024-03-04 15:32:22.015 [scheduling-1] INFO  jdbc.sqlonly - SELECT
				*
		FROM
				BRAND

2024-03-04 15:32:22.019 [scheduling-1] INFO  jdbc.resultsettable - 
|---------|---------|----------------------|----------|
|brand_id |brand_nm |entered_at            |active_yn |
|---------|---------|----------------------|----------|
|1        |samsung  |2021-01-01 00:00:00.0 |Y         |
|2        |lg       |2021-01-01 00:00:00.0 |Y         |
|3        |apple    |2021-01-01 00:00:00.0 |Y         |
|4        |lenovo   |2021-01-01 00:00:00.0 |N         |
|5        |gigabyte |2021-01-01 00:00:00.0 |N         |
|6        |hp       |2021-01-01 00:00:00.0 |N         |
|100      |추가된브랜드   |2024-02-28 16:21:35.0 |Y         |
|---------|---------|----------------------|----------|

2024-03-04 15:32:23.011 [scheduling-1] INFO  jdbc.sqlonly - SELECT
				*
		FROM
				BRAND

2024-03-04 15:32:23.016 [scheduling-1] INFO  jdbc.resultsettable - 
|---------|---------|----------------------|----------|
|brand_id |brand_nm |entered_at            |active_yn |
|---------|---------|----------------------|----------|
|1        |samsung  |2021-01-01 00:00:00.0 |Y         |
|2        |lg       |2021-01-01 00:00:00.0 |Y         |
|3        |apple    |2021-01-01 00:00:00.0 |Y         |
|4        |lenovo   |2021-01-01 00:00:00.0 |N         |
|5        |gigabyte |2021-01-01 00:00:00.0 |N         |
|6        |hp       |2021-01-01 00:00:00.0 |N         |
|100      |추가된브랜드   |2024-02-28 16:21:35.0 |Y         |
|---------|---------|----------------------|----------|

2024-03-04 15:32:24.013 [scheduling-1] INFO  jdbc.sqlonly - SELECT
				*
		FROM
				BRAND

2024-03-04 15:32:24.017 [scheduling-1] INFO  jdbc.resultsettable - 
|---------|---------|----------------------|----------|
|brand_id |brand_nm |entered_at            |active_yn |
|---------|---------|----------------------|----------|
|1        |samsung  |2021-01-01 00:00:00.0 |Y         |
|2        |lg       |2021-01-01 00:00:00.0 |Y         |
|3        |apple    |2021-01-01 00:00:00.0 |Y         |
|4        |lenovo   |2021-01-01 00:00:00.0 |N         |
|5        |gigabyte |2021-01-01 00:00:00.0 |N         |
|6        |hp       |2021-01-01 00:00:00.0 |N         |
|100      |추가된브랜드   |2024-02-28 16:21:35.0 |Y         |
|---------|---------|----------------------|----------|

2024-03-04 15:32:25.002 [scheduling-1] INFO  jdbc.sqlonly - SELECT
				*
		FROM
				BRAND

2024-03-04 15:32:25.003 [scheduling-1] INFO  jdbc.resultsettable - 
|---------|---------|----------------------|----------|
|brand_id |brand_nm |entered_at            |active_yn |
|---------|---------|----------------------|----------|
|1        |samsung  |2021-01-01 00:00:00.0 |Y         |
|2        |lg       |2021-01-01 00:00:00.0 |Y         |
|3        |apple    |2021-01-01 00:00:00.0 |Y         |
|4        |lenovo   |2021-01-01 00:00:00.0 |N         |
|5        |gigabyte |2021-01-01 00:00:00.0 |N         |
|6        |hp       |2021-01-01 00:00:00.0 |N         |
|100      |추가된브랜드   |2024-02-28 16:21:35.0 |Y         |
|---------|---------|----------------------|----------|

2024-03-04 15:32:26.005 [scheduling-1] INFO  jdbc.sqlonly - SELECT
				*
		FROM
				BRAND

2024-03-04 15:32:26.009 [scheduling-1] INFO  jdbc.resultsettable - 
|---------|---------|----------------------|----------|
|brand_id |brand_nm |entered_at            |active_yn |
|---------|---------|----------------------|----------|
|1        |samsung  |2021-01-01 00:00:00.0 |Y         |
|2        |lg       |2021-01-01 00:00:00.0 |Y         |
|3        |apple    |2021-01-01 00:00:00.0 |Y         |
|4        |lenovo   |2021-01-01 00:00:00.0 |N         |
|5        |gigabyte |2021-01-01 00:00:00.0 |N         |
|6        |hp       |2021-01-01 00:00:00.0 |N         |
|100      |추가된브랜드   |2024-02-28 16:21:35.0 |Y         |
|---------|---------|----------------------|----------|

2024-03-04 15:32:27.015 [scheduling-1] INFO  jdbc.sqlonly - SELECT
				*
		FROM
				BRAND

2024-03-04 15:32:27.020 [scheduling-1] INFO  jdbc.resultsettable - 
|---------|---------|----------------------|----------|
|brand_id |brand_nm |entered_at            |active_yn |
|---------|---------|----------------------|----------|
|1        |samsung  |2021-01-01 00:00:00.0 |Y         |
|2        |lg       |2021-01-01 00:00:00.0 |Y         |
|3        |apple    |2021-01-01 00:00:00.0 |Y         |
|4        |lenovo   |2021-01-01 00:00:00.0 |N         |
|5        |gigabyte |2021-01-01 00:00:00.0 |N         |
|6        |hp       |2021-01-01 00:00:00.0 |N         |
|100      |추가된브랜드   |2024-02-28 16:21:35.0 |Y         |
|---------|---------|----------------------|----------|

2024-03-04 15:32:28.007 [scheduling-1] INFO  jdbc.sqlonly - SELECT
				*
		FROM
				BRAND

2024-03-04 15:32:28.008 [scheduling-1] INFO  jdbc.resultsettable - 
|---------|---------|----------------------|----------|
|brand_id |brand_nm |entered_at            |active_yn |
|---------|---------|----------------------|----------|
|1        |samsung  |2021-01-01 00:00:00.0 |Y         |
|2        |lg       |2021-01-01 00:00:00.0 |Y         |
|3        |apple    |2021-01-01 00:00:00.0 |Y         |
|4        |lenovo   |2021-01-01 00:00:00.0 |N         |
|5        |gigabyte |2021-01-01 00:00:00.0 |N         |
|6        |hp       |2021-01-01 00:00:00.0 |N         |
|100      |추가된브랜드   |2024-02-28 16:21:35.0 |Y         |
|---------|---------|----------------------|----------|

2024-03-04 15:32:29.008 [scheduling-1] INFO  jdbc.sqlonly - SELECT
				*
		FROM
				BRAND

2024-03-04 15:32:29.012 [scheduling-1] INFO  jdbc.resultsettable - 
|---------|---------|----------------------|----------|
|brand_id |brand_nm |entered_at            |active_yn |
|---------|---------|----------------------|----------|
|1        |samsung  |2021-01-01 00:00:00.0 |Y         |
|2        |lg       |2021-01-01 00:00:00.0 |Y         |
|3        |apple    |2021-01-01 00:00:00.0 |Y         |
|4        |lenovo   |2021-01-01 00:00:00.0 |N         |
|5        |gigabyte |2021-01-01 00:00:00.0 |N         |
|6        |hp       |2021-01-01 00:00:00.0 |N         |
|100      |추가된브랜드   |2024-02-28 16:21:35.0 |Y         |
|---------|---------|----------------------|----------|

2024-03-04 15:32:30.013 [scheduling-1] INFO  jdbc.sqlonly - SELECT
				*
		FROM
				BRAND

2024-03-04 15:32:30.014 [scheduling-1] INFO  jdbc.resultsettable - 
|---------|---------|----------------------|----------|
|brand_id |brand_nm |entered_at            |active_yn |
|---------|---------|----------------------|----------|
|1        |samsung  |2021-01-01 00:00:00.0 |Y         |
|2        |lg       |2021-01-01 00:00:00.0 |Y         |
|3        |apple    |2021-01-01 00:00:00.0 |Y         |
|4        |lenovo   |2021-01-01 00:00:00.0 |N         |
|5        |gigabyte |2021-01-01 00:00:00.0 |N         |
|6        |hp       |2021-01-01 00:00:00.0 |N         |
|100      |추가된브랜드   |2024-02-28 16:21:35.0 |Y         |
|---------|---------|----------------------|----------|

2024-03-04 15:32:31.003 [scheduling-1] INFO  jdbc.sqlonly - SELECT
				*
		FROM
				BRAND

2024-03-04 15:32:31.007 [scheduling-1] INFO  jdbc.resultsettable - 
|---------|---------|----------------------|----------|
|brand_id |brand_nm |entered_at            |active_yn |
|---------|---------|----------------------|----------|
|1        |samsung  |2021-01-01 00:00:00.0 |Y         |
|2        |lg       |2021-01-01 00:00:00.0 |Y         |
|3        |apple    |2021-01-01 00:00:00.0 |Y         |
|4        |lenovo   |2021-01-01 00:00:00.0 |N         |
|5        |gigabyte |2021-01-01 00:00:00.0 |N         |
|6        |hp       |2021-01-01 00:00:00.0 |N         |
|100      |추가된브랜드   |2024-02-28 16:21:35.0 |Y         |
|---------|---------|----------------------|----------|

2024-03-04 15:32:32.010 [scheduling-1] INFO  jdbc.sqlonly - SELECT
				*
		FROM
				BRAND

2024-03-04 15:32:32.014 [scheduling-1] INFO  jdbc.resultsettable - 
|---------|---------|----------------------|----------|
|brand_id |brand_nm |entered_at            |active_yn |
|---------|---------|----------------------|----------|
|1        |samsung  |2021-01-01 00:00:00.0 |Y         |
|2        |lg       |2021-01-01 00:00:00.0 |Y         |
|3        |apple    |2021-01-01 00:00:00.0 |Y         |
|4        |lenovo   |2021-01-01 00:00:00.0 |N         |
|5        |gigabyte |2021-01-01 00:00:00.0 |N         |
|6        |hp       |2021-01-01 00:00:00.0 |N         |
|100      |추가된브랜드   |2024-02-28 16:21:35.0 |Y         |
|---------|---------|----------------------|----------|

2024-03-04 15:32:33.016 [scheduling-1] INFO  jdbc.sqlonly - SELECT
				*
		FROM
				BRAND

2024-03-04 15:32:33.020 [scheduling-1] INFO  jdbc.resultsettable - 
|---------|---------|----------------------|----------|
|brand_id |brand_nm |entered_at            |active_yn |
|---------|---------|----------------------|----------|
|1        |samsung  |2021-01-01 00:00:00.0 |Y         |
|2        |lg       |2021-01-01 00:00:00.0 |Y         |
|3        |apple    |2021-01-01 00:00:00.0 |Y         |
|4        |lenovo   |2021-01-01 00:00:00.0 |N         |
|5        |gigabyte |2021-01-01 00:00:00.0 |N         |
|6        |hp       |2021-01-01 00:00:00.0 |N         |
|100      |추가된브랜드   |2024-02-28 16:21:35.0 |Y         |
|---------|---------|----------------------|----------|

2024-03-04 15:32:34.016 [scheduling-1] INFO  jdbc.sqlonly - SELECT
				*
		FROM
				BRAND

2024-03-04 15:32:34.019 [scheduling-1] INFO  jdbc.resultsettable - 
|---------|---------|----------------------|----------|
|brand_id |brand_nm |entered_at            |active_yn |
|---------|---------|----------------------|----------|
|1        |samsung  |2021-01-01 00:00:00.0 |Y         |
|2        |lg       |2021-01-01 00:00:00.0 |Y         |
|3        |apple    |2021-01-01 00:00:00.0 |Y         |
|4        |lenovo   |2021-01-01 00:00:00.0 |N         |
|5        |gigabyte |2021-01-01 00:00:00.0 |N         |
|6        |hp       |2021-01-01 00:00:00.0 |N         |
|100      |추가된브랜드   |2024-02-28 16:21:35.0 |Y         |
|---------|---------|----------------------|----------|

2024-03-04 15:32:35.009 [scheduling-1] INFO  jdbc.sqlonly - SELECT
				*
		FROM
				BRAND

2024-03-04 15:32:35.013 [scheduling-1] INFO  jdbc.resultsettable - 
|---------|---------|----------------------|----------|
|brand_id |brand_nm |entered_at            |active_yn |
|---------|---------|----------------------|----------|
|1        |samsung  |2021-01-01 00:00:00.0 |Y         |
|2        |lg       |2021-01-01 00:00:00.0 |Y         |
|3        |apple    |2021-01-01 00:00:00.0 |Y         |
|4        |lenovo   |2021-01-01 00:00:00.0 |N         |
|5        |gigabyte |2021-01-01 00:00:00.0 |N         |
|6        |hp       |2021-01-01 00:00:00.0 |N         |
|100      |추가된브랜드   |2024-02-28 16:21:35.0 |Y         |
|---------|---------|----------------------|----------|

2024-03-04 15:32:36.015 [scheduling-1] INFO  jdbc.sqlonly - SELECT
				*
		FROM
				BRAND

2024-03-04 15:32:36.017 [scheduling-1] INFO  jdbc.resultsettable - 
|---------|---------|----------------------|----------|
|brand_id |brand_nm |entered_at            |active_yn |
|---------|---------|----------------------|----------|
|1        |samsung  |2021-01-01 00:00:00.0 |Y         |
|2        |lg       |2021-01-01 00:00:00.0 |Y         |
|3        |apple    |2021-01-01 00:00:00.0 |Y         |
|4        |lenovo   |2021-01-01 00:00:00.0 |N         |
|5        |gigabyte |2021-01-01 00:00:00.0 |N         |
|6        |hp       |2021-01-01 00:00:00.0 |N         |
|100      |추가된브랜드   |2024-02-28 16:21:35.0 |Y         |
|---------|---------|----------------------|----------|

2024-03-04 15:32:37.005 [scheduling-1] INFO  jdbc.sqlonly - SELECT
				*
		FROM
				BRAND

2024-03-04 15:32:37.006 [scheduling-1] INFO  jdbc.resultsettable - 
|---------|---------|----------------------|----------|
|brand_id |brand_nm |entered_at            |active_yn |
|---------|---------|----------------------|----------|
|1        |samsung  |2021-01-01 00:00:00.0 |Y         |
|2        |lg       |2021-01-01 00:00:00.0 |Y         |
|3        |apple    |2021-01-01 00:00:00.0 |Y         |
|4        |lenovo   |2021-01-01 00:00:00.0 |N         |
|5        |gigabyte |2021-01-01 00:00:00.0 |N         |
|6        |hp       |2021-01-01 00:00:00.0 |N         |
|100      |추가된브랜드   |2024-02-28 16:21:35.0 |Y         |
|---------|---------|----------------------|----------|

2024-03-04 15:32:38.014 [scheduling-1] INFO  jdbc.sqlonly - SELECT
				*
		FROM
				BRAND

2024-03-04 15:32:38.015 [scheduling-1] INFO  jdbc.resultsettable - 
|---------|---------|----------------------|----------|
|brand_id |brand_nm |entered_at            |active_yn |
|---------|---------|----------------------|----------|
|1        |samsung  |2021-01-01 00:00:00.0 |Y         |
|2        |lg       |2021-01-01 00:00:00.0 |Y         |
|3        |apple    |2021-01-01 00:00:00.0 |Y         |
|4        |lenovo   |2021-01-01 00:00:00.0 |N         |
|5        |gigabyte |2021-01-01 00:00:00.0 |N         |
|6        |hp       |2021-01-01 00:00:00.0 |N         |
|100      |추가된브랜드   |2024-02-28 16:21:35.0 |Y         |
|---------|---------|----------------------|----------|

2024-03-04 15:32:39.007 [scheduling-1] INFO  jdbc.sqlonly - SELECT
				*
		FROM
				BRAND

2024-03-04 15:32:39.011 [scheduling-1] INFO  jdbc.resultsettable - 
|---------|---------|----------------------|----------|
|brand_id |brand_nm |entered_at            |active_yn |
|---------|---------|----------------------|----------|
|1        |samsung  |2021-01-01 00:00:00.0 |Y         |
|2        |lg       |2021-01-01 00:00:00.0 |Y         |
|3        |apple    |2021-01-01 00:00:00.0 |Y         |
|4        |lenovo   |2021-01-01 00:00:00.0 |N         |
|5        |gigabyte |2021-01-01 00:00:00.0 |N         |
|6        |hp       |2021-01-01 00:00:00.0 |N         |
|100      |추가된브랜드   |2024-02-28 16:21:35.0 |Y         |
|---------|---------|----------------------|----------|

2024-03-04 15:32:40.014 [scheduling-1] INFO  jdbc.sqlonly - SELECT
				*
		FROM
				BRAND

2024-03-04 15:32:40.017 [scheduling-1] INFO  jdbc.resultsettable - 
|---------|---------|----------------------|----------|
|brand_id |brand_nm |entered_at            |active_yn |
|---------|---------|----------------------|----------|
|1        |samsung  |2021-01-01 00:00:00.0 |Y         |
|2        |lg       |2021-01-01 00:00:00.0 |Y         |
|3        |apple    |2021-01-01 00:00:00.0 |Y         |
|4        |lenovo   |2021-01-01 00:00:00.0 |N         |
|5        |gigabyte |2021-01-01 00:00:00.0 |N         |
|6        |hp       |2021-01-01 00:00:00.0 |N         |
|100      |추가된브랜드   |2024-02-28 16:21:35.0 |Y         |
|---------|---------|----------------------|----------|

2024-03-04 15:32:41.011 [scheduling-1] INFO  jdbc.sqlonly - SELECT
				*
		FROM
				BRAND

2024-03-04 15:32:41.014 [scheduling-1] INFO  jdbc.resultsettable - 
|---------|---------|----------------------|----------|
|brand_id |brand_nm |entered_at            |active_yn |
|---------|---------|----------------------|----------|
|1        |samsung  |2021-01-01 00:00:00.0 |Y         |
|2        |lg       |2021-01-01 00:00:00.0 |Y         |
|3        |apple    |2021-01-01 00:00:00.0 |Y         |
|4        |lenovo   |2021-01-01 00:00:00.0 |N         |
|5        |gigabyte |2021-01-01 00:00:00.0 |N         |
|6        |hp       |2021-01-01 00:00:00.0 |N         |
|100      |추가된브랜드   |2024-02-28 16:21:35.0 |Y         |
|---------|---------|----------------------|----------|

2024-03-04 15:32:42.002 [scheduling-1] INFO  jdbc.sqlonly - SELECT
				*
		FROM
				BRAND

2024-03-04 15:32:42.006 [scheduling-1] INFO  jdbc.resultsettable - 
|---------|---------|----------------------|----------|
|brand_id |brand_nm |entered_at            |active_yn |
|---------|---------|----------------------|----------|
|1        |samsung  |2021-01-01 00:00:00.0 |Y         |
|2        |lg       |2021-01-01 00:00:00.0 |Y         |
|3        |apple    |2021-01-01 00:00:00.0 |Y         |
|4        |lenovo   |2021-01-01 00:00:00.0 |N         |
|5        |gigabyte |2021-01-01 00:00:00.0 |N         |
|6        |hp       |2021-01-01 00:00:00.0 |N         |
|100      |추가된브랜드   |2024-02-28 16:21:35.0 |Y         |
|---------|---------|----------------------|----------|

2024-03-04 15:32:43.008 [scheduling-1] INFO  jdbc.sqlonly - SELECT
				*
		FROM
				BRAND

2024-03-04 15:32:43.012 [scheduling-1] INFO  jdbc.resultsettable - 
|---------|---------|----------------------|----------|
|brand_id |brand_nm |entered_at            |active_yn |
|---------|---------|----------------------|----------|
|1        |samsung  |2021-01-01 00:00:00.0 |Y         |
|2        |lg       |2021-01-01 00:00:00.0 |Y         |
|3        |apple    |2021-01-01 00:00:00.0 |Y         |
|4        |lenovo   |2021-01-01 00:00:00.0 |N         |
|5        |gigabyte |2021-01-01 00:00:00.0 |N         |
|6        |hp       |2021-01-01 00:00:00.0 |N         |
|100      |추가된브랜드   |2024-02-28 16:21:35.0 |Y         |
|---------|---------|----------------------|----------|

2024-03-04 15:32:44.011 [scheduling-1] INFO  jdbc.sqlonly - SELECT
				*
		FROM
				BRAND

2024-03-04 15:32:44.014 [scheduling-1] INFO  jdbc.resultsettable - 
|---------|---------|----------------------|----------|
|brand_id |brand_nm |entered_at            |active_yn |
|---------|---------|----------------------|----------|
|1        |samsung  |2021-01-01 00:00:00.0 |Y         |
|2        |lg       |2021-01-01 00:00:00.0 |Y         |
|3        |apple    |2021-01-01 00:00:00.0 |Y         |
|4        |lenovo   |2021-01-01 00:00:00.0 |N         |
|5        |gigabyte |2021-01-01 00:00:00.0 |N         |
|6        |hp       |2021-01-01 00:00:00.0 |N         |
|100      |추가된브랜드   |2024-02-28 16:21:35.0 |Y         |
|---------|---------|----------------------|----------|

2024-03-04 15:32:45.003 [scheduling-1] INFO  jdbc.sqlonly - SELECT
				*
		FROM
				BRAND

2024-03-04 15:32:45.006 [scheduling-1] INFO  jdbc.resultsettable - 
|---------|---------|----------------------|----------|
|brand_id |brand_nm |entered_at            |active_yn |
|---------|---------|----------------------|----------|
|1        |samsung  |2021-01-01 00:00:00.0 |Y         |
|2        |lg       |2021-01-01 00:00:00.0 |Y         |
|3        |apple    |2021-01-01 00:00:00.0 |Y         |
|4        |lenovo   |2021-01-01 00:00:00.0 |N         |
|5        |gigabyte |2021-01-01 00:00:00.0 |N         |
|6        |hp       |2021-01-01 00:00:00.0 |N         |
|100      |추가된브랜드   |2024-02-28 16:21:35.0 |Y         |
|---------|---------|----------------------|----------|

2024-03-04 15:32:46.008 [scheduling-1] INFO  jdbc.sqlonly - SELECT
				*
		FROM
				BRAND

2024-03-04 15:32:46.009 [scheduling-1] INFO  jdbc.resultsettable - 
|---------|---------|----------------------|----------|
|brand_id |brand_nm |entered_at            |active_yn |
|---------|---------|----------------------|----------|
|1        |samsung  |2021-01-01 00:00:00.0 |Y         |
|2        |lg       |2021-01-01 00:00:00.0 |Y         |
|3        |apple    |2021-01-01 00:00:00.0 |Y         |
|4        |lenovo   |2021-01-01 00:00:00.0 |N         |
|5        |gigabyte |2021-01-01 00:00:00.0 |N         |
|6        |hp       |2021-01-01 00:00:00.0 |N         |
|100      |추가된브랜드   |2024-02-28 16:21:35.0 |Y         |
|---------|---------|----------------------|----------|

2024-03-04 15:32:47.002 [scheduling-1] INFO  jdbc.sqlonly - SELECT
				*
		FROM
				BRAND

2024-03-04 15:32:47.003 [scheduling-1] INFO  jdbc.resultsettable - 
|---------|---------|----------------------|----------|
|brand_id |brand_nm |entered_at            |active_yn |
|---------|---------|----------------------|----------|
|1        |samsung  |2021-01-01 00:00:00.0 |Y         |
|2        |lg       |2021-01-01 00:00:00.0 |Y         |
|3        |apple    |2021-01-01 00:00:00.0 |Y         |
|4        |lenovo   |2021-01-01 00:00:00.0 |N         |
|5        |gigabyte |2021-01-01 00:00:00.0 |N         |
|6        |hp       |2021-01-01 00:00:00.0 |N         |
|100      |추가된브랜드   |2024-02-28 16:21:35.0 |Y         |
|---------|---------|----------------------|----------|

2024-03-04 15:32:48.012 [scheduling-1] INFO  jdbc.sqlonly - SELECT
				*
		FROM
				BRAND

2024-03-04 15:32:48.015 [scheduling-1] INFO  jdbc.resultsettable - 
|---------|---------|----------------------|----------|
|brand_id |brand_nm |entered_at            |active_yn |
|---------|---------|----------------------|----------|
|1        |samsung  |2021-01-01 00:00:00.0 |Y         |
|2        |lg       |2021-01-01 00:00:00.0 |Y         |
|3        |apple    |2021-01-01 00:00:00.0 |Y         |
|4        |lenovo   |2021-01-01 00:00:00.0 |N         |
|5        |gigabyte |2021-01-01 00:00:00.0 |N         |
|6        |hp       |2021-01-01 00:00:00.0 |N         |
|100      |추가된브랜드   |2024-02-28 16:21:35.0 |Y         |
|---------|---------|----------------------|----------|

2024-03-04 15:32:49.007 [scheduling-1] INFO  jdbc.sqlonly - SELECT
				*
		FROM
				BRAND

2024-03-04 15:32:49.008 [scheduling-1] INFO  jdbc.resultsettable - 
|---------|---------|----------------------|----------|
|brand_id |brand_nm |entered_at            |active_yn |
|---------|---------|----------------------|----------|
|1        |samsung  |2021-01-01 00:00:00.0 |Y         |
|2        |lg       |2021-01-01 00:00:00.0 |Y         |
|3        |apple    |2021-01-01 00:00:00.0 |Y         |
|4        |lenovo   |2021-01-01 00:00:00.0 |N         |
|5        |gigabyte |2021-01-01 00:00:00.0 |N         |
|6        |hp       |2021-01-01 00:00:00.0 |N         |
|100      |추가된브랜드   |2024-02-28 16:21:35.0 |Y         |
|---------|---------|----------------------|----------|

2024-03-04 15:32:50.001 [scheduling-1] INFO  jdbc.sqlonly - SELECT
				*
		FROM
				BRAND

2024-03-04 15:32:50.002 [scheduling-1] INFO  jdbc.resultsettable - 
|---------|---------|----------------------|----------|
|brand_id |brand_nm |entered_at            |active_yn |
|---------|---------|----------------------|----------|
|1        |samsung  |2021-01-01 00:00:00.0 |Y         |
|2        |lg       |2021-01-01 00:00:00.0 |Y         |
|3        |apple    |2021-01-01 00:00:00.0 |Y         |
|4        |lenovo   |2021-01-01 00:00:00.0 |N         |
|5        |gigabyte |2021-01-01 00:00:00.0 |N         |
|6        |hp       |2021-01-01 00:00:00.0 |N         |
|100      |추가된브랜드   |2024-02-28 16:21:35.0 |Y         |
|---------|---------|----------------------|----------|

2024-03-04 15:32:51.011 [scheduling-1] INFO  jdbc.sqlonly - SELECT
				*
		FROM
				BRAND

2024-03-04 15:32:51.012 [scheduling-1] INFO  jdbc.resultsettable - 
|---------|---------|----------------------|----------|
|brand_id |brand_nm |entered_at            |active_yn |
|---------|---------|----------------------|----------|
|1        |samsung  |2021-01-01 00:00:00.0 |Y         |
|2        |lg       |2021-01-01 00:00:00.0 |Y         |
|3        |apple    |2021-01-01 00:00:00.0 |Y         |
|4        |lenovo   |2021-01-01 00:00:00.0 |N         |
|5        |gigabyte |2021-01-01 00:00:00.0 |N         |
|6        |hp       |2021-01-01 00:00:00.0 |N         |
|100      |추가된브랜드   |2024-02-28 16:21:35.0 |Y         |
|---------|---------|----------------------|----------|

2024-03-04 15:32:52.006 [scheduling-1] INFO  jdbc.sqlonly - SELECT
				*
		FROM
				BRAND

2024-03-04 15:32:52.009 [scheduling-1] INFO  jdbc.resultsettable - 
|---------|---------|----------------------|----------|
|brand_id |brand_nm |entered_at            |active_yn |
|---------|---------|----------------------|----------|
|1        |samsung  |2021-01-01 00:00:00.0 |Y         |
|2        |lg       |2021-01-01 00:00:00.0 |Y         |
|3        |apple    |2021-01-01 00:00:00.0 |Y         |
|4        |lenovo   |2021-01-01 00:00:00.0 |N         |
|5        |gigabyte |2021-01-01 00:00:00.0 |N         |
|6        |hp       |2021-01-01 00:00:00.0 |N         |
|100      |추가된브랜드   |2024-02-28 16:21:35.0 |Y         |
|---------|---------|----------------------|----------|

2024-03-04 15:32:53.013 [scheduling-1] INFO  jdbc.sqlonly - SELECT
				*
		FROM
				BRAND

2024-03-04 15:32:53.016 [scheduling-1] INFO  jdbc.resultsettable - 
|---------|---------|----------------------|----------|
|brand_id |brand_nm |entered_at            |active_yn |
|---------|---------|----------------------|----------|
|1        |samsung  |2021-01-01 00:00:00.0 |Y         |
|2        |lg       |2021-01-01 00:00:00.0 |Y         |
|3        |apple    |2021-01-01 00:00:00.0 |Y         |
|4        |lenovo   |2021-01-01 00:00:00.0 |N         |
|5        |gigabyte |2021-01-01 00:00:00.0 |N         |
|6        |hp       |2021-01-01 00:00:00.0 |N         |
|100      |추가된브랜드   |2024-02-28 16:21:35.0 |Y         |
|---------|---------|----------------------|----------|

2024-03-04 15:32:54.006 [scheduling-1] INFO  jdbc.sqlonly - SELECT
				*
		FROM
				BRAND

2024-03-04 15:32:54.009 [scheduling-1] INFO  jdbc.resultsettable - 
|---------|---------|----------------------|----------|
|brand_id |brand_nm |entered_at            |active_yn |
|---------|---------|----------------------|----------|
|1        |samsung  |2021-01-01 00:00:00.0 |Y         |
|2        |lg       |2021-01-01 00:00:00.0 |Y         |
|3        |apple    |2021-01-01 00:00:00.0 |Y         |
|4        |lenovo   |2021-01-01 00:00:00.0 |N         |
|5        |gigabyte |2021-01-01 00:00:00.0 |N         |
|6        |hp       |2021-01-01 00:00:00.0 |N         |
|100      |추가된브랜드   |2024-02-28 16:21:35.0 |Y         |
|---------|---------|----------------------|----------|

2024-03-04 15:32:55.015 [scheduling-1] INFO  jdbc.sqlonly - SELECT
				*
		FROM
				BRAND

2024-03-04 15:32:55.018 [scheduling-1] INFO  jdbc.resultsettable - 
|---------|---------|----------------------|----------|
|brand_id |brand_nm |entered_at            |active_yn |
|---------|---------|----------------------|----------|
|1        |samsung  |2021-01-01 00:00:00.0 |Y         |
|2        |lg       |2021-01-01 00:00:00.0 |Y         |
|3        |apple    |2021-01-01 00:00:00.0 |Y         |
|4        |lenovo   |2021-01-01 00:00:00.0 |N         |
|5        |gigabyte |2021-01-01 00:00:00.0 |N         |
|6        |hp       |2021-01-01 00:00:00.0 |N         |
|100      |추가된브랜드   |2024-02-28 16:21:35.0 |Y         |
|---------|---------|----------------------|----------|

2024-03-04 15:32:56.009 [scheduling-1] INFO  jdbc.sqlonly - SELECT
				*
		FROM
				BRAND

2024-03-04 15:32:56.012 [scheduling-1] INFO  jdbc.resultsettable - 
|---------|---------|----------------------|----------|
|brand_id |brand_nm |entered_at            |active_yn |
|---------|---------|----------------------|----------|
|1        |samsung  |2021-01-01 00:00:00.0 |Y         |
|2        |lg       |2021-01-01 00:00:00.0 |Y         |
|3        |apple    |2021-01-01 00:00:00.0 |Y         |
|4        |lenovo   |2021-01-01 00:00:00.0 |N         |
|5        |gigabyte |2021-01-01 00:00:00.0 |N         |
|6        |hp       |2021-01-01 00:00:00.0 |N         |
|100      |추가된브랜드   |2024-02-28 16:21:35.0 |Y         |
|---------|---------|----------------------|----------|

2024-03-04 15:32:57.007 [scheduling-1] INFO  jdbc.sqlonly - SELECT
				*
		FROM
				BRAND

2024-03-04 15:32:57.010 [scheduling-1] INFO  jdbc.resultsettable - 
|---------|---------|----------------------|----------|
|brand_id |brand_nm |entered_at            |active_yn |
|---------|---------|----------------------|----------|
|1        |samsung  |2021-01-01 00:00:00.0 |Y         |
|2        |lg       |2021-01-01 00:00:00.0 |Y         |
|3        |apple    |2021-01-01 00:00:00.0 |Y         |
|4        |lenovo   |2021-01-01 00:00:00.0 |N         |
|5        |gigabyte |2021-01-01 00:00:00.0 |N         |
|6        |hp       |2021-01-01 00:00:00.0 |N         |
|100      |추가된브랜드   |2024-02-28 16:21:35.0 |Y         |
|---------|---------|----------------------|----------|

2024-03-04 15:32:58.015 [scheduling-1] INFO  jdbc.sqlonly - SELECT
				*
		FROM
				BRAND

2024-03-04 15:32:58.018 [scheduling-1] INFO  jdbc.resultsettable - 
|---------|---------|----------------------|----------|
|brand_id |brand_nm |entered_at            |active_yn |
|---------|---------|----------------------|----------|
|1        |samsung  |2021-01-01 00:00:00.0 |Y         |
|2        |lg       |2021-01-01 00:00:00.0 |Y         |
|3        |apple    |2021-01-01 00:00:00.0 |Y         |
|4        |lenovo   |2021-01-01 00:00:00.0 |N         |
|5        |gigabyte |2021-01-01 00:00:00.0 |N         |
|6        |hp       |2021-01-01 00:00:00.0 |N         |
|100      |추가된브랜드   |2024-02-28 16:21:35.0 |Y         |
|---------|---------|----------------------|----------|

2024-03-04 15:32:59.007 [scheduling-1] INFO  jdbc.sqlonly - SELECT
				*
		FROM
				BRAND

2024-03-04 15:32:59.009 [scheduling-1] INFO  jdbc.resultsettable - 
|---------|---------|----------------------|----------|
|brand_id |brand_nm |entered_at            |active_yn |
|---------|---------|----------------------|----------|
|1        |samsung  |2021-01-01 00:00:00.0 |Y         |
|2        |lg       |2021-01-01 00:00:00.0 |Y         |
|3        |apple    |2021-01-01 00:00:00.0 |Y         |
|4        |lenovo   |2021-01-01 00:00:00.0 |N         |
|5        |gigabyte |2021-01-01 00:00:00.0 |N         |
|6        |hp       |2021-01-01 00:00:00.0 |N         |
|100      |추가된브랜드   |2024-02-28 16:21:35.0 |Y         |
|---------|---------|----------------------|----------|

2024-03-04 15:34:00.008 [scheduling-1] INFO  jdbc.sqlonly - SELECT
				*
		FROM
				PRODUCT

2024-03-04 15:34:00.036 [scheduling-1] INFO  jdbc.resultsettable - 
|-----------|---------------------------------------------|--------|---------------|----------------------|---------|
|product_id |product_nm                                   |price   |delivery_price |enroll_at             |brand_id |
|-----------|---------------------------------------------|--------|---------------|----------------------|---------|
|1          |삼성전자 2021 노트북 플러스2 15.6                      |598000  |0              |2021-01-07 00:00:00.0 |1        |
|2          |삼성전자 2021 갤럭시북 15.6                          |1208000 |0              |2021-02-28 00:00:00.0 |1        |
|3          |LG전자 10세대 코어i7 윈10탑재 17형 LG 그램 2020년형 17Z90N |2149000 |0              |2021-03-07 00:00:00.0 |2        |
|4          |LG전자 2021그램 360 14                           |1740000 |0              |2021-07-08 00:00:00.0 |2        |
|5          |LG전자 2020 울트라 PC 14                          |477000  |0              |2021-10-10 00:00:00.0 |2        |
|6          |2020 맥북 프로 13                                |2129650 |3000           |2022-01-01 00:00:00.0 |3        |
|7          |Apple 2020 맥북 에어 13                          |1489800 |3000           |2022-03-03 00:00:00.0 |3        |
|8          |레노버 2021 IdeaPad Slim3 15.6                  |2129650 |2500           |2022-07-07 00:00:00.0 |4        |
|9          |기가바이트 2021 Gaming G5 15.6                    |1499000 |2500           |2022-11-11 00:00:00.0 |5        |
|10         |HP 2021 노트북 15s                              |768840  |2500           |2022-12-31 00:00:00.0 |6        |
|-----------|---------------------------------------------|--------|---------------|----------------------|---------|

2024-03-04 15:35:00.011 [scheduling-1] INFO  jdbc.sqlonly - SELECT
				*
		FROM
				BRAND

2024-03-04 15:35:00.016 [scheduling-1] INFO  jdbc.resultsettable - 
|---------|---------|----------------------|----------|
|brand_id |brand_nm |entered_at            |active_yn |
|---------|---------|----------------------|----------|
|1        |samsung  |2021-01-01 00:00:00.0 |Y         |
|2        |lg       |2021-01-01 00:00:00.0 |Y         |
|3        |apple    |2021-01-01 00:00:00.0 |Y         |
|4        |lenovo   |2021-01-01 00:00:00.0 |N         |
|5        |gigabyte |2021-01-01 00:00:00.0 |N         |
|6        |hp       |2021-01-01 00:00:00.0 |N         |
|100      |추가된브랜드   |2024-02-28 16:21:35.0 |Y         |
|---------|---------|----------------------|----------|

2024-03-04 15:49:18.143 [main] INFO  jdbc.sqlonly - UPDATE
				ACCOUNT
		SET
				BALANCE = BALANCE - 10000
		WHERE
				ACCOUNT_ID = '111'

2024-03-04 16:04:23.683 [main] INFO  jdbc.sqlonly - UPDATE
				ACCOUNT
		SET
				BALANCE = BALANCE - 10000
		WHERE
				ACCOUNT_ID = '111'

2024-03-04 16:09:33.115 [main] INFO  jdbc.sqlonly - UPDATE
				MEMBER
		SET
				POINT = POINT + 100
		WHERE
				MEMBER_ID = 'user1'

2024-03-04 16:09:33.122 [main] INFO  jdbc.sqlonly - UPDATE
				CART
		SET
				CART_CNT = CART_CNT - 1
		WHERE 
				MEMBER_ID = 'user1'

2024-03-04 16:11:16.692 [main] INFO  jdbc.sqlonly - UPDATE
				MEMBER
		SET
				POINT = POINT + 100
		WHERE
				MEMBER_ID = 'user1'

2024-03-04 16:11:16.696 [main] INFO  jdbc.sqlonly - UPDATE
				CART
		SET
				CART_CNT = CART_CNT - 1
		WHERE 
				MEMBER_ID = 'user1'

