2024-05-08 15:09:08.891 [http-nio-80-exec-7] INFO  jdbc.sqlonly - SELECT * FROM BS;

2024-05-08 15:09:08.954 [http-nio-80-exec-7] INFO  jdbc.resultsettable - 
|------|----------------|--------------|-----------------------------------------|----------------------|---------|--------------|--------------|--------------|----------------------|
|bd_id |title           |bs_img        |bs_uuid                                  |content               |read_cnt |bs_category_1 |bs_category_2 |bs_category_3 |create_dt             |
|------|----------------|--------------|-----------------------------------------|----------------------|---------|--------------|--------------|--------------|----------------------|
|7     |5월 1일방송         |academy.jpg   |c63e7d63-21b5-4fc5-91f8-c1c8607151be.jpg |<p>영성시 5월 1일 방송</p>
 |0        |2             |영성시           |null          |2024-05-02 19:06:38.0 |
|8     |5월 2일 방송        |community.png |06c89959-2054-4b68-9ecf-349026624d2e.png |                      |0        |3             |영성강화          |null          |2024-05-02 19:47:30.0 |
|9     |5월 3일           |book.jpg      |9b60820e-65d4-4e99-ae18-3165c64f6e88.jpg |<p>금요일 방송</p>
       |0        |4             |영성강화          |null          |2024-05-02 19:48:05.0 |
|10    |영성강화 - 5월 4일 방송 |academy.jpg   |8acd5e58-4a04-49f4-9df8-daaff2776f2c.jpg |<p>영성강화 5월 4일</p>
   |0        |5             |영성강화          |null          |2024-05-03 14:02:52.0 |
|11    |5월 5일 주일예배      |main.jpg      |57790fd8-1ea6-4f7c-ac49-997d8e95dff3.jpg |<p>예배와 설교입니다.</p>
   |0        |6             |예배            |null          |2024-05-03 14:04:58.0 |
|12    |5월 6일 강의        |head.jpg      |fc4c6ca4-ef69-4373-b1b3-668754cd2a06.jpg |<p>강화내용</p>
         |0        |0             |영성강화          |null          |2024-05-03 14:17:54.0 |
|13    |5월7일 영성시        |head.jpg      |d01c9b4a-bded-476c-9f97-b88637a4ec24.jpg |<p>영성시&nbsp;</p>
    |0        |1             |              |null          |2024-05-03 14:47:16.0 |
|------|----------------|--------------|-----------------------------------------|----------------------|---------|--------------|--------------|--------------|----------------------|

2024-05-08 15:18:13.766 [http-nio-80-exec-7] INFO  jdbc.sqlonly - SELECT * FROM BS;

2024-05-08 15:18:13.781 [http-nio-80-exec-7] INFO  jdbc.resultsettable - 
|------|----------------|--------------|-----------------------------------------|----------------------|---------|--------------|--------------|--------------|----------------------|
|bd_id |title           |bs_img        |bs_uuid                                  |content               |read_cnt |bs_category_1 |bs_category_2 |bs_category_3 |create_dt             |
|------|----------------|--------------|-----------------------------------------|----------------------|---------|--------------|--------------|--------------|----------------------|
|7     |5월 1일방송         |academy.jpg   |c63e7d63-21b5-4fc5-91f8-c1c8607151be.jpg |<p>영성시 5월 1일 방송</p>
 |0        |2             |영성시           |null          |2024-05-02 19:06:38.0 |
|8     |5월 2일 방송        |community.png |06c89959-2054-4b68-9ecf-349026624d2e.png |                      |0        |3             |영성강화          |null          |2024-05-02 19:47:30.0 |
|9     |5월 3일           |book.jpg      |9b60820e-65d4-4e99-ae18-3165c64f6e88.jpg |<p>금요일 방송</p>
       |0        |4             |영성강화          |null          |2024-05-02 19:48:05.0 |
|10    |영성강화 - 5월 4일 방송 |academy.jpg   |8acd5e58-4a04-49f4-9df8-daaff2776f2c.jpg |<p>영성강화 5월 4일</p>
   |0        |5             |영성강화          |null          |2024-05-03 14:02:52.0 |
|11    |5월 5일 주일예배      |main.jpg      |57790fd8-1ea6-4f7c-ac49-997d8e95dff3.jpg |<p>예배와 설교입니다.</p>
   |0        |6             |예배            |null          |2024-05-03 14:04:58.0 |
|12    |5월 6일 강의        |head.jpg      |fc4c6ca4-ef69-4373-b1b3-668754cd2a06.jpg |<p>강화내용</p>
         |0        |0             |영성강화          |null          |2024-05-03 14:17:54.0 |
|13    |5월7일 영성시        |head.jpg      |d01c9b4a-bded-476c-9f97-b88637a4ec24.jpg |<p>영성시&nbsp;</p>
    |0        |1             |              |null          |2024-05-03 14:47:16.0 |
|------|----------------|--------------|-----------------------------------------|----------------------|---------|--------------|--------------|--------------|----------------------|

2024-05-08 15:18:24.888 [http-nio-80-exec-5] INFO  jdbc.sqlonly - SELECT	PASSWD,	ACTIVE_YN	
		FROM	MEMBER	
		WHERE	MEMBER_ID = 'admin'

2024-05-08 15:18:24.904 [http-nio-80-exec-5] INFO  jdbc.resultsettable - 
|-------------------------------------------------------------|----------|
|passwd                                                       |active_yn |
|-------------------------------------------------------------|----------|
|$2a$10$dDmu6J6aFyVPH9VrVDR26.WvAVy3Qs0nO/fGIIfHJ57dXBDfyFZie |Y         |
|-------------------------------------------------------------|----------|

2024-05-08 15:18:30.037 [http-nio-80-exec-1] INFO  jdbc.sqlonly - SELECT * FROM BS;

2024-05-08 15:18:30.078 [http-nio-80-exec-1] INFO  jdbc.resultsettable - 
|------|----------------|--------------|-----------------------------------------|----------------------|---------|--------------|--------------|--------------|----------------------|
|bd_id |title           |bs_img        |bs_uuid                                  |content               |read_cnt |bs_category_1 |bs_category_2 |bs_category_3 |create_dt             |
|------|----------------|--------------|-----------------------------------------|----------------------|---------|--------------|--------------|--------------|----------------------|
|7     |5월 1일방송         |academy.jpg   |c63e7d63-21b5-4fc5-91f8-c1c8607151be.jpg |<p>영성시 5월 1일 방송</p>
 |0        |2             |영성시           |null          |2024-05-02 19:06:38.0 |
|8     |5월 2일 방송        |community.png |06c89959-2054-4b68-9ecf-349026624d2e.png |                      |0        |3             |영성강화          |null          |2024-05-02 19:47:30.0 |
|9     |5월 3일           |book.jpg      |9b60820e-65d4-4e99-ae18-3165c64f6e88.jpg |<p>금요일 방송</p>
       |0        |4             |영성강화          |null          |2024-05-02 19:48:05.0 |
|10    |영성강화 - 5월 4일 방송 |academy.jpg   |8acd5e58-4a04-49f4-9df8-daaff2776f2c.jpg |<p>영성강화 5월 4일</p>
   |0        |5             |영성강화          |null          |2024-05-03 14:02:52.0 |
|11    |5월 5일 주일예배      |main.jpg      |57790fd8-1ea6-4f7c-ac49-997d8e95dff3.jpg |<p>예배와 설교입니다.</p>
   |0        |6             |예배            |null          |2024-05-03 14:04:58.0 |
|12    |5월 6일 강의        |head.jpg      |fc4c6ca4-ef69-4373-b1b3-668754cd2a06.jpg |<p>강화내용</p>
         |0        |0             |영성강화          |null          |2024-05-03 14:17:54.0 |
|13    |5월7일 영성시        |head.jpg      |d01c9b4a-bded-476c-9f97-b88637a4ec24.jpg |<p>영성시&nbsp;</p>
    |0        |1             |              |null          |2024-05-03 14:47:16.0 |
|------|----------------|--------------|-----------------------------------------|----------------------|---------|--------------|--------------|--------------|----------------------|

2024-05-08 15:18:36.166 [http-nio-80-exec-7] INFO  jdbc.sqlonly - SELECT * FROM BS;

2024-05-08 15:18:36.179 [http-nio-80-exec-7] INFO  jdbc.resultsettable - 
|------|----------------|--------------|-----------------------------------------|----------------------|---------|--------------|--------------|--------------|----------------------|
|bd_id |title           |bs_img        |bs_uuid                                  |content               |read_cnt |bs_category_1 |bs_category_2 |bs_category_3 |create_dt             |
|------|----------------|--------------|-----------------------------------------|----------------------|---------|--------------|--------------|--------------|----------------------|
|7     |5월 1일방송         |academy.jpg   |c63e7d63-21b5-4fc5-91f8-c1c8607151be.jpg |<p>영성시 5월 1일 방송</p>
 |0        |2             |영성시           |null          |2024-05-02 19:06:38.0 |
|8     |5월 2일 방송        |community.png |06c89959-2054-4b68-9ecf-349026624d2e.png |                      |0        |3             |영성강화          |null          |2024-05-02 19:47:30.0 |
|9     |5월 3일           |book.jpg      |9b60820e-65d4-4e99-ae18-3165c64f6e88.jpg |<p>금요일 방송</p>
       |0        |4             |영성강화          |null          |2024-05-02 19:48:05.0 |
|10    |영성강화 - 5월 4일 방송 |academy.jpg   |8acd5e58-4a04-49f4-9df8-daaff2776f2c.jpg |<p>영성강화 5월 4일</p>
   |0        |5             |영성강화          |null          |2024-05-03 14:02:52.0 |
|11    |5월 5일 주일예배      |main.jpg      |57790fd8-1ea6-4f7c-ac49-997d8e95dff3.jpg |<p>예배와 설교입니다.</p>
   |0        |6             |예배            |null          |2024-05-03 14:04:58.0 |
|12    |5월 6일 강의        |head.jpg      |fc4c6ca4-ef69-4373-b1b3-668754cd2a06.jpg |<p>강화내용</p>
         |0        |0             |영성강화          |null          |2024-05-03 14:17:54.0 |
|13    |5월7일 영성시        |head.jpg      |d01c9b4a-bded-476c-9f97-b88637a4ec24.jpg |<p>영성시&nbsp;</p>
    |0        |1             |              |null          |2024-05-03 14:47:16.0 |
|------|----------------|--------------|-----------------------------------------|----------------------|---------|--------------|--------------|--------------|----------------------|

2024-05-08 15:21:14.807 [http-nio-80-exec-2] INFO  jdbc.sqlonly - SELECT * FROM BS;

2024-05-08 15:21:14.813 [http-nio-80-exec-2] INFO  jdbc.resultsettable - 
|------|----------------|--------------|-----------------------------------------|----------------------|---------|--------------|--------------|--------------|----------------------|
|bd_id |title           |bs_img        |bs_uuid                                  |content               |read_cnt |bs_category_1 |bs_category_2 |bs_category_3 |create_dt             |
|------|----------------|--------------|-----------------------------------------|----------------------|---------|--------------|--------------|--------------|----------------------|
|7     |5월 1일방송         |academy.jpg   |c63e7d63-21b5-4fc5-91f8-c1c8607151be.jpg |<p>영성시 5월 1일 방송</p>
 |0        |2             |영성시           |null          |2024-05-02 19:06:38.0 |
|8     |5월 2일 방송        |community.png |06c89959-2054-4b68-9ecf-349026624d2e.png |                      |0        |3             |영성강화          |null          |2024-05-02 19:47:30.0 |
|9     |5월 3일           |book.jpg      |9b60820e-65d4-4e99-ae18-3165c64f6e88.jpg |<p>금요일 방송</p>
       |0        |4             |영성강화          |null          |2024-05-02 19:48:05.0 |
|10    |영성강화 - 5월 4일 방송 |academy.jpg   |8acd5e58-4a04-49f4-9df8-daaff2776f2c.jpg |<p>영성강화 5월 4일</p>
   |0        |5             |영성강화          |null          |2024-05-03 14:02:52.0 |
|11    |5월 5일 주일예배      |main.jpg      |57790fd8-1ea6-4f7c-ac49-997d8e95dff3.jpg |<p>예배와 설교입니다.</p>
   |0        |6             |예배            |null          |2024-05-03 14:04:58.0 |
|12    |5월 6일 강의        |head.jpg      |fc4c6ca4-ef69-4373-b1b3-668754cd2a06.jpg |<p>강화내용</p>
         |0        |0             |영성강화          |null          |2024-05-03 14:17:54.0 |
|13    |5월7일 영성시        |head.jpg      |d01c9b4a-bded-476c-9f97-b88637a4ec24.jpg |<p>영성시&nbsp;</p>
    |0        |1             |              |null          |2024-05-03 14:47:16.0 |
|------|----------------|--------------|-----------------------------------------|----------------------|---------|--------------|--------------|--------------|----------------------|

2024-05-08 15:26:47.906 [http-nio-80-exec-1] INFO  jdbc.sqlonly - SELECT * FROM AUTHOR

2024-05-08 15:26:47.920 [http-nio-80-exec-1] INFO  jdbc.resultsettable - 
|------|----------|-------------|--------|----------|-----------------------------|-------------------------------------|-----------------------------------------|---------|----------------------|
|bd_id |author_id |title        |book_id |author_nm |content                      |author_img                           |author_uuid                              |read_cnt |create_dt             |
|------|----------|-------------|--------|----------|-----------------------------|-------------------------------------|-----------------------------------------|---------|----------------------|
|1     |0         |방송중          |[null]  |오혜령       |                             |'젊음의 찬가'를 진행하다(35세).jpg              |4c5f8cb7-d565-4184-ae81-02281bd212d6.jpg |0        |2024-04-20 17:00:34.0 |
|2     |0         |진실로          |[null]  |오혜령       |                             |s20080111.jpg                        |7ca09ff1-8109-4917-8214-15dae7744b7e.jpg |0        |2024-04-20 17:01:08.0 |
|3     |0         |1            |[null]  |오혜령       |                             |「미국평화봉사단」언어교육단 부단장으로 도미하던 날(26세).jpg |3bd89e8e-94ec-46a4-9bcc-123522578e8d.jpg |0        |2024-04-23 10:32:43.0 |
|4     |0         |444          |[null]  |오혜령       |                             |36세 때, 중병선고 받고도.jpg                  |ab566863-7a23-4605-91b9-c5d7647cd7cc.jpg |0        |2024-04-23 10:33:27.0 |
|5     |0         |진실로 진실로 인간적인 |[null]  |오혜령       |<p>출판 표지사진</p>
             |s20080111.jpg                        |4d3f0368-2df8-4914-b4b5-88de68b73e94.jpg |0        |2024-04-23 11:32:13.0 |
|6     |0         |학생들과의 수업중    |[null]  |오혜령       |<p>저자가 과외수업을 하던 장면입니다.</p>
 |amma13-03.jpg                        |1890e787-33d7-4877-ab82-196ab15f3f2a.jpg |0        |2024-04-23 16:44:16.0 |
|------|----------|-------------|--------|----------|-----------------------------|-------------------------------------|-----------------------------------------|---------|----------------------|

2024-05-08 15:28:09.659 [http-nio-80-exec-3] INFO  jdbc.sqlonly - SELECT
				B.BD_ID			AS BD_ID,
				B.TITLE			AS TITLE,
				B.READ_CNT		AS READ_CNT,
				B.CREATE_DT		AS CREATE_DT,	
				M.MEMBER_NICK 	AS MEMBER_NICK,
				M.MEMBER_ID 	AS MEMBER_ID
		FROM	BOARD B
		JOIN	MEMBER M
		ON B.MEMBER_ID = M.MEMBER_ID

2024-05-08 15:28:09.674 [http-nio-80-exec-3] INFO  jdbc.resultsettable - 
|------|-----------------|---------|----------------------|------------|----------|
|bd_id |title            |read_cnt |create_dt             |member_nick |member_id |
|------|-----------------|---------|----------------------|------------|----------|
|1     |첫번째 게시글 입니다.     |237      |2024-04-20 17:30:49.0 |관리자         |admin     |
|2     |게시판 1번 글작성       |49       |2024-04-21 15:46:12.0 |닉넴1_정보수정    |qwer1     |
|3     |2번째 게시글입니다.      |4        |2024-04-21 15:48:59.0 |닉넴2         |qwer2     |
|4     |4번째 회원이 쓰는 글입니다. |16       |2024-04-23 16:39:54.0 |닉넴4         |qwer4     |
|------|-----------------|---------|----------------------|------------|----------|

2024-05-08 15:33:40.176 [http-nio-80-exec-3] INFO  jdbc.sqlonly - SELECT * FROM BS;

2024-05-08 15:33:40.184 [http-nio-80-exec-3] INFO  jdbc.resultsettable - 
|------|----------------|--------------|-----------------------------------------|----------------------|---------|--------------|--------------|--------------|----------------------|
|bd_id |title           |bs_img        |bs_uuid                                  |content               |read_cnt |bs_category_1 |bs_category_2 |bs_category_3 |create_dt             |
|------|----------------|--------------|-----------------------------------------|----------------------|---------|--------------|--------------|--------------|----------------------|
|7     |5월 1일방송         |academy.jpg   |c63e7d63-21b5-4fc5-91f8-c1c8607151be.jpg |<p>영성시 5월 1일 방송</p>
 |0        |2             |영성시           |null          |2024-05-02 19:06:38.0 |
|8     |5월 2일 방송        |community.png |06c89959-2054-4b68-9ecf-349026624d2e.png |                      |0        |3             |영성강화          |null          |2024-05-02 19:47:30.0 |
|9     |5월 3일           |book.jpg      |9b60820e-65d4-4e99-ae18-3165c64f6e88.jpg |<p>금요일 방송</p>
       |0        |4             |영성강화          |null          |2024-05-02 19:48:05.0 |
|10    |영성강화 - 5월 4일 방송 |academy.jpg   |8acd5e58-4a04-49f4-9df8-daaff2776f2c.jpg |<p>영성강화 5월 4일</p>
   |0        |5             |영성강화          |null          |2024-05-03 14:02:52.0 |
|11    |5월 5일 주일예배      |main.jpg      |57790fd8-1ea6-4f7c-ac49-997d8e95dff3.jpg |<p>예배와 설교입니다.</p>
   |0        |6             |예배            |null          |2024-05-03 14:04:58.0 |
|12    |5월 6일 강의        |head.jpg      |fc4c6ca4-ef69-4373-b1b3-668754cd2a06.jpg |<p>강화내용</p>
         |0        |0             |영성강화          |null          |2024-05-03 14:17:54.0 |
|13    |5월7일 영성시        |head.jpg      |d01c9b4a-bded-476c-9f97-b88637a4ec24.jpg |<p>영성시&nbsp;</p>
    |0        |1             |              |null          |2024-05-03 14:47:16.0 |
|------|----------------|--------------|-----------------------------------------|----------------------|---------|--------------|--------------|--------------|----------------------|

