2024-06-11 18:56:07.319 [http-nio-80-exec-7] INFO  jdbc.sqlonly - SELECT * FROM BS;

2024-06-11 18:56:07.375 [http-nio-80-exec-7] INFO  jdbc.resultsettable - 
|------|--------------|-----------|-----------------------------------------|--------|---------|--------------|--------------|--------------|----------------------|
|bd_id |title         |bs_img     |bs_uuid                                  |content |read_cnt |bs_category_1 |bs_category_2 |bs_category_3 |create_dt             |
|------|--------------|-----------|-----------------------------------------|--------|---------|--------------|--------------|--------------|----------------------|
|1     |목요일-5월 16일 방송 |뉴진스_해린.jpg |57821592-b9d1-4b09-adc2-6dcaff5d54f9.jpg |        |0        |3             |영성예화          |null          |2024-05-16 20:05:24.0 |
|------|--------------|-----------|-----------------------------------------|--------|---------|--------------|--------------|--------------|----------------------|

2024-06-11 18:56:12.373 [http-nio-80-exec-6] INFO  jdbc.sqlonly - SELECT 	* FROM BS
	    WHERE 	bs_category_1 = 0

2024-06-11 18:56:12.378 [http-nio-80-exec-6] INFO  jdbc.resultsettable - 
|------|------|-------|--------|--------|---------|--------------|--------------|--------------|----------|
|bd_id |title |bs_img |bs_uuid |content |read_cnt |bs_category_1 |bs_category_2 |bs_category_3 |create_dt |
|------|------|-------|--------|--------|---------|--------------|--------------|--------------|----------|
|------|------|-------|--------|--------|---------|--------------|--------------|--------------|----------|

2024-06-11 18:56:13.768 [http-nio-80-exec-1] INFO  jdbc.sqlonly - SELECT 	* FROM BS
	    WHERE 	bs_category_1 = 1

2024-06-11 18:56:13.771 [http-nio-80-exec-1] INFO  jdbc.resultsettable - 
|------|------|-------|--------|--------|---------|--------------|--------------|--------------|----------|
|bd_id |title |bs_img |bs_uuid |content |read_cnt |bs_category_1 |bs_category_2 |bs_category_3 |create_dt |
|------|------|-------|--------|--------|---------|--------------|--------------|--------------|----------|
|------|------|-------|--------|--------|---------|--------------|--------------|--------------|----------|

2024-06-11 18:56:14.942 [http-nio-80-exec-4] INFO  jdbc.sqlonly - SELECT 	* FROM BS
	    WHERE 	bs_category_1 = 2

2024-06-11 18:56:14.942 [http-nio-80-exec-4] INFO  jdbc.resultsettable - 
|------|------|-------|--------|--------|---------|--------------|--------------|--------------|----------|
|bd_id |title |bs_img |bs_uuid |content |read_cnt |bs_category_1 |bs_category_2 |bs_category_3 |create_dt |
|------|------|-------|--------|--------|---------|--------------|--------------|--------------|----------|
|------|------|-------|--------|--------|---------|--------------|--------------|--------------|----------|

2024-06-11 18:56:15.796 [http-nio-80-exec-5] INFO  jdbc.sqlonly - SELECT 	* FROM BS
	    WHERE 	bs_category_1 = 3

2024-06-11 18:56:15.798 [http-nio-80-exec-5] INFO  jdbc.resultsettable - 
|------|--------------|-----------|-----------------------------------------|--------|---------|--------------|--------------|--------------|----------------------|
|bd_id |title         |bs_img     |bs_uuid                                  |content |read_cnt |bs_category_1 |bs_category_2 |bs_category_3 |create_dt             |
|------|--------------|-----------|-----------------------------------------|--------|---------|--------------|--------------|--------------|----------------------|
|1     |목요일-5월 16일 방송 |뉴진스_해린.jpg |57821592-b9d1-4b09-adc2-6dcaff5d54f9.jpg |        |0        |3             |영성예화          |null          |2024-05-16 20:05:24.0 |
|------|--------------|-----------|-----------------------------------------|--------|---------|--------------|--------------|--------------|----------------------|

2024-06-11 18:56:17.056 [http-nio-80-exec-8] INFO  jdbc.sqlonly - SELECT 	* FROM BS
	    WHERE 	bs_category_1 = 4

2024-06-11 18:56:17.058 [http-nio-80-exec-8] INFO  jdbc.resultsettable - 
|------|------|-------|--------|--------|---------|--------------|--------------|--------------|----------|
|bd_id |title |bs_img |bs_uuid |content |read_cnt |bs_category_1 |bs_category_2 |bs_category_3 |create_dt |
|------|------|-------|--------|--------|---------|--------------|--------------|--------------|----------|
|------|------|-------|--------|--------|---------|--------------|--------------|--------------|----------|

2024-06-11 18:56:17.821 [http-nio-80-exec-10] INFO  jdbc.sqlonly - SELECT 	* FROM BS
	    WHERE 	bs_category_1 = 5

2024-06-11 18:56:17.821 [http-nio-80-exec-10] INFO  jdbc.resultsettable - 
|------|------|-------|--------|--------|---------|--------------|--------------|--------------|----------|
|bd_id |title |bs_img |bs_uuid |content |read_cnt |bs_category_1 |bs_category_2 |bs_category_3 |create_dt |
|------|------|-------|--------|--------|---------|--------------|--------------|--------------|----------|
|------|------|-------|--------|--------|---------|--------------|--------------|--------------|----------|

2024-06-11 18:56:18.706 [http-nio-80-exec-2] INFO  jdbc.sqlonly - SELECT 	* FROM BS
	    WHERE 	bs_category_1 = 6

2024-06-11 18:56:18.708 [http-nio-80-exec-2] INFO  jdbc.resultsettable - 
|------|------|-------|--------|--------|---------|--------------|--------------|--------------|----------|
|bd_id |title |bs_img |bs_uuid |content |read_cnt |bs_category_1 |bs_category_2 |bs_category_3 |create_dt |
|------|------|-------|--------|--------|---------|--------------|--------------|--------------|----------|
|------|------|-------|--------|--------|---------|--------------|--------------|--------------|----------|

2024-06-11 18:56:20.541 [http-nio-80-exec-3] INFO  jdbc.sqlonly - SELECT 	* FROM BS
	    WHERE 	bs_category_1 = 5

2024-06-11 18:56:20.543 [http-nio-80-exec-3] INFO  jdbc.resultsettable - 
|------|------|-------|--------|--------|---------|--------------|--------------|--------------|----------|
|bd_id |title |bs_img |bs_uuid |content |read_cnt |bs_category_1 |bs_category_2 |bs_category_3 |create_dt |
|------|------|-------|--------|--------|---------|--------------|--------------|--------------|----------|
|------|------|-------|--------|--------|---------|--------------|--------------|--------------|----------|

2024-06-11 18:56:21.306 [http-nio-80-exec-7] INFO  jdbc.sqlonly - SELECT 	* FROM BS
	    WHERE 	bs_category_1 = 4

2024-06-11 18:56:21.306 [http-nio-80-exec-7] INFO  jdbc.resultsettable - 
|------|------|-------|--------|--------|---------|--------------|--------------|--------------|----------|
|bd_id |title |bs_img |bs_uuid |content |read_cnt |bs_category_1 |bs_category_2 |bs_category_3 |create_dt |
|------|------|-------|--------|--------|---------|--------------|--------------|--------------|----------|
|------|------|-------|--------|--------|---------|--------------|--------------|--------------|----------|

2024-06-11 18:56:22.176 [http-nio-80-exec-9] INFO  jdbc.sqlonly - SELECT 	* FROM BS
	    WHERE 	bs_category_1 = 3

2024-06-11 18:56:22.179 [http-nio-80-exec-9] INFO  jdbc.resultsettable - 
|------|--------------|-----------|-----------------------------------------|--------|---------|--------------|--------------|--------------|----------------------|
|bd_id |title         |bs_img     |bs_uuid                                  |content |read_cnt |bs_category_1 |bs_category_2 |bs_category_3 |create_dt             |
|------|--------------|-----------|-----------------------------------------|--------|---------|--------------|--------------|--------------|----------------------|
|1     |목요일-5월 16일 방송 |뉴진스_해린.jpg |57821592-b9d1-4b09-adc2-6dcaff5d54f9.jpg |        |0        |3             |영성예화          |null          |2024-05-16 20:05:24.0 |
|------|--------------|-----------|-----------------------------------------|--------|---------|--------------|--------------|--------------|----------------------|

2024-06-11 18:56:22.927 [http-nio-80-exec-6] INFO  jdbc.sqlonly - SELECT 	* FROM BS
	    WHERE 	bs_category_1 = 2

2024-06-11 18:56:22.927 [http-nio-80-exec-6] INFO  jdbc.resultsettable - 
|------|------|-------|--------|--------|---------|--------------|--------------|--------------|----------|
|bd_id |title |bs_img |bs_uuid |content |read_cnt |bs_category_1 |bs_category_2 |bs_category_3 |create_dt |
|------|------|-------|--------|--------|---------|--------------|--------------|--------------|----------|
|------|------|-------|--------|--------|---------|--------------|--------------|--------------|----------|

2024-06-11 18:56:23.730 [http-nio-80-exec-1] INFO  jdbc.sqlonly - SELECT 	* FROM BS
	    WHERE 	bs_category_1 = 1

2024-06-11 18:56:23.732 [http-nio-80-exec-1] INFO  jdbc.resultsettable - 
|------|------|-------|--------|--------|---------|--------------|--------------|--------------|----------|
|bd_id |title |bs_img |bs_uuid |content |read_cnt |bs_category_1 |bs_category_2 |bs_category_3 |create_dt |
|------|------|-------|--------|--------|---------|--------------|--------------|--------------|----------|
|------|------|-------|--------|--------|---------|--------------|--------------|--------------|----------|

2024-06-11 18:56:24.603 [http-nio-80-exec-4] INFO  jdbc.sqlonly - SELECT 	* FROM BS
	    WHERE 	bs_category_1 = 0

2024-06-11 18:56:24.603 [http-nio-80-exec-4] INFO  jdbc.resultsettable - 
|------|------|-------|--------|--------|---------|--------------|--------------|--------------|----------|
|bd_id |title |bs_img |bs_uuid |content |read_cnt |bs_category_1 |bs_category_2 |bs_category_3 |create_dt |
|------|------|-------|--------|--------|---------|--------------|--------------|--------------|----------|
|------|------|-------|--------|--------|---------|--------------|--------------|--------------|----------|

2024-06-11 19:04:51.352 [http-nio-80-exec-9] INFO  jdbc.sqlonly - SELECT 	* FROM BS
	    WHERE 	bs_category_1 = 2

2024-06-11 19:04:51.354 [http-nio-80-exec-9] INFO  jdbc.resultsettable - 
|------|------|-------|--------|--------|---------|--------------|--------------|--------------|----------|
|bd_id |title |bs_img |bs_uuid |content |read_cnt |bs_category_1 |bs_category_2 |bs_category_3 |create_dt |
|------|------|-------|--------|--------|---------|--------------|--------------|--------------|----------|
|------|------|-------|--------|--------|---------|--------------|--------------|--------------|----------|

2024-06-11 19:04:52.469 [http-nio-80-exec-6] INFO  jdbc.sqlonly - SELECT 	* FROM BS
	    WHERE 	bs_category_1 = 6

2024-06-11 19:04:52.470 [http-nio-80-exec-6] INFO  jdbc.resultsettable - 
|------|------|-------|--------|--------|---------|--------------|--------------|--------------|----------|
|bd_id |title |bs_img |bs_uuid |content |read_cnt |bs_category_1 |bs_category_2 |bs_category_3 |create_dt |
|------|------|-------|--------|--------|---------|--------------|--------------|--------------|----------|
|------|------|-------|--------|--------|---------|--------------|--------------|--------------|----------|

2024-06-11 20:00:15.512 [http-nio-80-exec-4] INFO  jdbc.sqlonly - SELECT * FROM AUTHOR

2024-06-11 20:00:15.528 [http-nio-80-exec-4] INFO  jdbc.resultsettable - 
|------|----------|------|--------|----------|--------|-----------|------------|---------|----------|
|bd_id |author_id |title |book_id |author_nm |content |author_img |author_uuid |read_cnt |create_dt |
|------|----------|------|--------|----------|--------|-----------|------------|---------|----------|
|------|----------|------|--------|----------|--------|-----------|------------|---------|----------|

