2024-09-11 16:05:15.218 [http-nio-80-exec-9] INFO  jdbc.sqlonly - SELECT * FROM BS;

2024-09-11 16:05:15.249 [http-nio-80-exec-9] INFO  jdbc.resultsettable - 
|------|--------------|-----------|-----------------------------------------|--------|---------|--------------|--------------|--------------|----------------------|
|bd_id |title         |bs_img     |bs_uuid                                  |content |read_cnt |bs_category_1 |bs_category_2 |bs_category_3 |create_dt             |
|------|--------------|-----------|-----------------------------------------|--------|---------|--------------|--------------|--------------|----------------------|
|1     |목요일-5월 16일 방송 |뉴진스_해린.jpg |57821592-b9d1-4b09-adc2-6dcaff5d54f9.jpg |        |0        |3             |영성예화          |null          |2024-05-16 20:05:24.0 |
|------|--------------|-----------|-----------------------------------------|--------|---------|--------------|--------------|--------------|----------------------|

2024-09-11 16:05:18.163 [http-nio-80-exec-6] INFO  jdbc.sqlonly - SELECT * FROM AUTHOR

2024-09-11 16:05:18.167 [http-nio-80-exec-6] INFO  jdbc.resultsettable - 
|------|----------|------|--------|----------|--------|-----------|------------|---------|----------|
|bd_id |author_id |title |book_id |author_nm |content |author_img |author_uuid |read_cnt |create_dt |
|------|----------|------|--------|----------|--------|-----------|------------|---------|----------|
|------|----------|------|--------|----------|--------|-----------|------------|---------|----------|

2024-09-11 16:05:20.930 [http-nio-80-exec-5] INFO  jdbc.sqlonly - SELECT
				B.BD_ID			AS BD_ID,
				B.TITLE			AS TITLE,
				B.READ_CNT		AS READ_CNT,
				B.CREATE_DT		AS CREATE_DT,	
				M.MEMBER_NICK 	AS MEMBER_NICK,
				M.MEMBER_ID 	AS MEMBER_ID
		FROM	BOARD B
		JOIN	MEMBER M
		ON B.MEMBER_ID = M.MEMBER_ID

2024-09-11 16:05:20.941 [http-nio-80-exec-5] INFO  jdbc.resultsettable - 
|------|------------|---------|----------------------|------------|----------|
|bd_id |title       |read_cnt |create_dt             |member_nick |member_id |
|------|------------|---------|----------------------|------------|----------|
|1     |1번회원이 남긴 글. |0        |2024-06-12 12:01:14.0 |회원1닉        |qwer1     |
|------|------------|---------|----------------------|------------|----------|

2024-09-11 16:05:28.873 [http-nio-80-exec-8] INFO  jdbc.sqlonly - SELECT * FROM AUTHOR

2024-09-11 16:05:28.876 [http-nio-80-exec-8] INFO  jdbc.resultsettable - 
|------|----------|------|--------|----------|--------|-----------|------------|---------|----------|
|bd_id |author_id |title |book_id |author_nm |content |author_img |author_uuid |read_cnt |create_dt |
|------|----------|------|--------|----------|--------|-----------|------------|---------|----------|
|------|----------|------|--------|----------|--------|-----------|------------|---------|----------|

