2024-04-15 12:54:23.515 [http-nio-80-exec-4] INFO  jdbc.sqlonly - SELECT	PASSWD,	ACTIVE_YN	
		FROM	MEMBER	
		WHERE	MEMBER_ID = 'admin'

2024-04-15 12:54:23.577 [http-nio-80-exec-4] INFO  jdbc.resultsettable - 
|-------------------------------------------------------------|----------|
|passwd                                                       |active_yn |
|-------------------------------------------------------------|----------|
|$2a$10$sILt78KebTRgLr5RW1XPZeXRKfjHjpYA23CbYbO3JSCgeeAtKeU8O |Y         |
|-------------------------------------------------------------|----------|

2024-04-15 17:25:35.859 [http-nio-80-exec-6] INFO  jdbc.sqlonly - SELECT	PASSWD,	ACTIVE_YN	
		FROM	MEMBER	
		WHERE	MEMBER_ID = 'admin'

2024-04-15 17:25:35.864 [http-nio-80-exec-6] INFO  jdbc.resultsettable - 
|-------------------------------------------------------------|----------|
|passwd                                                       |active_yn |
|-------------------------------------------------------------|----------|
|$2a$10$sILt78KebTRgLr5RW1XPZeXRKfjHjpYA23CbYbO3JSCgeeAtKeU8O |Y         |
|-------------------------------------------------------------|----------|

2024-04-15 22:34:41.138 [http-nio-80-exec-6] INFO  jdbc.sqlonly - SELECT	*
		FROM 	MEMORIAL

2024-04-15 22:34:41.169 [http-nio-80-exec-6] INFO  jdbc.resultsettable - 
|------|--------------|--------------------------|-------|-----------------------------------------|---------|----------------------|
|bd_id |title         |content                   |bd_img |bd_uuid                                  |read_cnt |create_dt             |
|------|--------------|--------------------------|-------|-----------------------------------------|---------|----------------------|
|5     |영성기념관을 소개합니다. |<p>기념관을 소개하는 글이랍니다.</p>
 |01.jpg |845bcc5f-9bcf-4a0d-ab88-831c73e8f8df.jpg |10       |2024-04-12 21:35:11.0 |
|------|--------------|--------------------------|-------|-----------------------------------------|---------|----------------------|

2024-04-15 22:39:28.588 [http-nio-80-exec-9] INFO  jdbc.sqlonly - SELECT
				B.BD_ID			AS BD_ID,
				B.TITLE			AS TITLE,
				B.READ_CNT		AS READ_CNT,
				B.CREATE_DT		AS CREATE_DT,	
				M.MEMBER_NICK 	AS MEMBER_NICK,
				M.MEMBER_ID 	AS MEMBER_ID
		FROM	BOARD B
		JOIN	MEMBER M
		ON B.MEMBER_ID = M.MEMBER_ID

2024-04-15 22:39:28.617 [http-nio-80-exec-9] INFO  jdbc.resultsettable - 
|------|---------------|---------|----------------------|------------|----------|
|bd_id |title          |read_cnt |create_dt             |member_nick |member_id |
|------|---------------|---------|----------------------|------------|----------|
|3     |1번째 회원이 만든 게시글 |602      |2024-04-05 16:14:13.0 |별명1         |q1        |
|4     |4번째 회원님의 글입니다. |10       |2024-04-05 16:30:58.0 |444         |q4        |
|5     |4번째 다시 쓰는 글    |5        |2024-04-05 16:33:12.0 |444         |q4        |
|6     |1111           |80       |2024-04-05 17:31:43.0 |별명1         |q1        |
|8     |왜이렇게 안되니?      |4        |2024-04-09 17:02:19.0 |별명1         |q1        |
|9     |선거날인데          |4        |2024-04-10 11:28:44.0 |닉6          |q6        |
|10    |영성기념관 소개       |0        |2024-04-12 10:39:07.0 |운영자         |admin     |
|11    |영성기념관을 소개합니다.  |0        |2024-04-12 10:41:24.0 |운영자         |admin     |
|12    |영성기념관입니다.      |0        |2024-04-12 11:23:14.0 |운영자         |admin     |
|13    |일반게시판          |100      |2024-04-12 13:37:05.0 |운영자         |admin     |
|------|---------------|---------|----------------------|------------|----------|

2024-04-15 22:42:13.819 [http-nio-80-exec-9] INFO  jdbc.sqlonly - SELECT * FROM AUTHOR

2024-04-15 22:42:13.829 [http-nio-80-exec-9] INFO  jdbc.resultsettable - 
|------|--------|----------|--------|-----------|------------|---------|----------|
|bd_id |book_id |author_nm |content |author_img |author_uuid |read_cnt |create_dt |
|------|--------|----------|--------|-----------|------------|---------|----------|
|------|--------|----------|--------|-----------|------------|---------|----------|

