2024-04-03 17:17:29.943 [http-nio-80-exec-1] INFO  jdbc.sqlonly - SELECT 	* FROM MEMBER WHERE MEMBER_ID = 'qwer1234'

2024-04-03 17:17:29.970 [http-nio-80-exec-1] INFO  jdbc.resultsettable - 
|----------|-------------------------------------------------------------|--------|----------|------------|----------------|-----------------------------------------|----|------------|--------------|--------|-------------|--------------|---------------|----|----------|------------|---------|---------|
|member_id |passwd                                                       |join_dt |member_nm |member_nick |profile_img     |profile_uuid                             |sex |hp          |email         |zipcode |road_address |jibun_address |namuji_address |etc |active_yn |inactive_dt |login_yn |login_dt |
|----------|-------------------------------------------------------------|--------|----------|------------|----------------|-----------------------------------------|----|------------|--------------|--------|-------------|--------------|---------------|----|----------|------------|---------|---------|
|qwer1234  |$2a$10$JnzdipF5nCJZZlMEYrEgwelcnUEh8cIZOxDKsQAao5K.iYM55H6i2 |null    |a         |a           |profile (1).jpg |a994a4fd-ce29-4a34-bc34-5e5b550d1dd1.jpg |m   |01011111111 |asdf@asdf.com |        |             |              |               |    |Y         |null        |N        |null     |
|----------|-------------------------------------------------------------|--------|----------|------------|----------------|-----------------------------------------|----|------------|--------------|--------|-------------|--------------|---------------|----|----------|------------|---------|---------|

2024-04-03 17:18:40.046 [http-nio-80-exec-3] INFO  jdbc.sqlonly - INSERT INTO BOARD (
			MEMBER_ID, TITLE, CONTENT
		)
		VALUES(
			NULL, '오빤 강남스타일', '알아서 해보자'
		)

2024-04-03 17:20:48.338 [http-nio-80-exec-1] INFO  jdbc.sqlonly - INSERT INTO BOARD (
			MEMBER_ID, TITLE, CONTENT
		)
		VALUES(
			NULL, '오빤 강남스타일', '알아서 해보자'
		)

2024-04-03 17:24:37.408 [http-nio-80-exec-1] INFO  jdbc.sqlonly - INSERT INTO BOARD (
			MEMBER_ID, TITLE, CONTENT
		)
		VALUES(
			NULL, '오빤 강남스타일', '알아서 해보자'
		)

2024-04-03 17:25:08.534 [http-nio-80-exec-3] INFO  jdbc.sqlonly - SELECT	PASSWD,	ACTIVE_YN	
		FROM	MEMBER	
		WHERE	MEMBER_ID = 'qwer1234'

2024-04-03 17:25:08.535 [http-nio-80-exec-3] INFO  jdbc.resultsettable - 
|-------------------------------------------------------------|----------|
|passwd                                                       |active_yn |
|-------------------------------------------------------------|----------|
|$2a$10$JnzdipF5nCJZZlMEYrEgwelcnUEh8cIZOxDKsQAao5K.iYM55H6i2 |Y         |
|-------------------------------------------------------------|----------|

2024-04-03 17:30:13.768 [http-nio-80-exec-4] INFO  jdbc.sqlonly - SELECT	*
		FROM	BOARD

2024-04-03 17:30:13.775 [http-nio-80-exec-4] INFO  jdbc.resultsettable - 
|------|----------|--------------|------------|---------|----------------------|
|bd_id |member_id |title         |content     |read_cnt |create_dt             |
|------|----------|--------------|------------|---------|----------------------|
|1     |null      |1             |1           |null     |2024-04-03 15:27:30.0 |
|2     |null      |강다            |ㅁㄴ;ㅣ아럼ㄴ;ㅣㅇ허 |null     |2024-04-03 16:49:19.0 |
|3     |null      |전체글 왜 안나오는거야? |나 이런...     |null     |2024-04-03 17:00:33.0 |
|4     |null      |오빤 강남스타일      |알아서 해보자     |null     |2024-04-03 17:18:40.0 |
|5     |null      |오빤 강남스타일      |알아서 해보자     |null     |2024-04-03 17:20:48.0 |
|6     |null      |오빤 강남스타일      |알아서 해보자     |null     |2024-04-03 17:24:37.0 |
|------|----------|--------------|------------|---------|----------------------|

2024-04-03 17:31:56.825 [http-nio-80-exec-1] INFO  jdbc.sqlonly - SELECT 	* FROM MEMBER WHERE MEMBER_ID = 'qwer1234'

2024-04-03 17:31:56.827 [http-nio-80-exec-1] INFO  jdbc.resultsettable - 
|----------|-------------------------------------------------------------|--------|----------|------------|----------------|-----------------------------------------|----|------------|--------------|--------|-------------|--------------|---------------|----|----------|------------|---------|---------|
|member_id |passwd                                                       |join_dt |member_nm |member_nick |profile_img     |profile_uuid                             |sex |hp          |email         |zipcode |road_address |jibun_address |namuji_address |etc |active_yn |inactive_dt |login_yn |login_dt |
|----------|-------------------------------------------------------------|--------|----------|------------|----------------|-----------------------------------------|----|------------|--------------|--------|-------------|--------------|---------------|----|----------|------------|---------|---------|
|qwer1234  |$2a$10$JnzdipF5nCJZZlMEYrEgwelcnUEh8cIZOxDKsQAao5K.iYM55H6i2 |null    |a         |a           |profile (1).jpg |a994a4fd-ce29-4a34-bc34-5e5b550d1dd1.jpg |m   |01011111111 |asdf@asdf.com |        |             |              |               |    |Y         |null        |N        |null     |
|----------|-------------------------------------------------------------|--------|----------|------------|----------------|-----------------------------------------|----|------------|--------------|--------|-------------|--------------|---------------|----|----------|------------|---------|---------|

2024-04-03 17:31:56.829 [http-nio-80-exec-1] INFO  jdbc.sqlonly - SELECT	*
		FROM	BOARD

2024-04-03 17:31:56.832 [http-nio-80-exec-1] INFO  jdbc.resultsettable - 
|------|----------|--------------|------------|---------|----------------------|
|bd_id |member_id |title         |content     |read_cnt |create_dt             |
|------|----------|--------------|------------|---------|----------------------|
|1     |null      |1             |1           |null     |2024-04-03 15:27:30.0 |
|2     |null      |강다            |ㅁㄴ;ㅣ아럼ㄴ;ㅣㅇ허 |null     |2024-04-03 16:49:19.0 |
|3     |null      |전체글 왜 안나오는거야? |나 이런...     |null     |2024-04-03 17:00:33.0 |
|4     |null      |오빤 강남스타일      |알아서 해보자     |null     |2024-04-03 17:18:40.0 |
|5     |null      |오빤 강남스타일      |알아서 해보자     |null     |2024-04-03 17:20:48.0 |
|6     |null      |오빤 강남스타일      |알아서 해보자     |null     |2024-04-03 17:24:37.0 |
|------|----------|--------------|------------|---------|----------------------|

2024-04-03 17:32:11.337 [http-nio-80-exec-3] INFO  jdbc.sqlonly - UPDATE	BOARD
		SET		READ_CNT = READ_CNT + 1
		WHERE	BD_ID = 4

2024-04-03 17:32:11.347 [http-nio-80-exec-3] INFO  jdbc.sqlonly - SELECT	*
		FROM	BOARD
		WHERE	BD_ID = 4

2024-04-03 17:32:11.348 [http-nio-80-exec-3] INFO  jdbc.resultsettable - 
|------|----------|---------|--------|---------|----------------------|
|bd_id |member_id |title    |content |read_cnt |create_dt             |
|------|----------|---------|--------|---------|----------------------|
|4     |null      |오빤 강남스타일 |알아서 해보자 |null     |2024-04-03 17:18:40.0 |
|------|----------|---------|--------|---------|----------------------|

2024-04-03 17:33:11.146 [http-nio-80-exec-1] INFO  jdbc.sqlonly - SELECT 	* FROM MEMBER WHERE MEMBER_ID = 'qwer1234'

2024-04-03 17:33:11.170 [http-nio-80-exec-1] INFO  jdbc.resultsettable - 
|----------|-------------------------------------------------------------|--------|----------|------------|----------------|-----------------------------------------|----|------------|--------------|--------|-------------|--------------|---------------|----|----------|------------|---------|---------|
|member_id |passwd                                                       |join_dt |member_nm |member_nick |profile_img     |profile_uuid                             |sex |hp          |email         |zipcode |road_address |jibun_address |namuji_address |etc |active_yn |inactive_dt |login_yn |login_dt |
|----------|-------------------------------------------------------------|--------|----------|------------|----------------|-----------------------------------------|----|------------|--------------|--------|-------------|--------------|---------------|----|----------|------------|---------|---------|
|qwer1234  |$2a$10$JnzdipF5nCJZZlMEYrEgwelcnUEh8cIZOxDKsQAao5K.iYM55H6i2 |null    |a         |a           |profile (1).jpg |a994a4fd-ce29-4a34-bc34-5e5b550d1dd1.jpg |m   |01011111111 |asdf@asdf.com |        |             |              |               |    |Y         |null        |N        |null     |
|----------|-------------------------------------------------------------|--------|----------|------------|----------------|-----------------------------------------|----|------------|--------------|--------|-------------|--------------|---------------|----|----------|------------|---------|---------|

2024-04-03 17:33:11.173 [http-nio-80-exec-1] INFO  jdbc.sqlonly - SELECT	*
		FROM	BOARD

2024-04-03 17:33:11.176 [http-nio-80-exec-1] INFO  jdbc.resultsettable - 
|------|----------|--------------|------------|---------|----------------------|
|bd_id |member_id |title         |content     |read_cnt |create_dt             |
|------|----------|--------------|------------|---------|----------------------|
|1     |null      |1             |1           |null     |2024-04-03 15:27:30.0 |
|2     |null      |강다            |ㅁㄴ;ㅣ아럼ㄴ;ㅣㅇ허 |null     |2024-04-03 16:49:19.0 |
|3     |null      |전체글 왜 안나오는거야? |나 이런...     |null     |2024-04-03 17:00:33.0 |
|4     |null      |오빤 강남스타일      |알아서 해보자     |null     |2024-04-03 17:18:40.0 |
|5     |null      |오빤 강남스타일      |알아서 해보자     |null     |2024-04-03 17:20:48.0 |
|6     |null      |오빤 강남스타일      |알아서 해보자     |null     |2024-04-03 17:24:37.0 |
|------|----------|--------------|------------|---------|----------------------|

2024-04-03 17:36:43.644 [http-nio-80-exec-2] INFO  jdbc.sqlonly - SELECT 	* FROM MEMBER WHERE MEMBER_ID = 'qwer1234'

2024-04-03 17:36:43.646 [http-nio-80-exec-2] INFO  jdbc.resultsettable - 
|----------|-------------------------------------------------------------|--------|----------|------------|----------------|-----------------------------------------|----|------------|--------------|--------|-------------|--------------|---------------|----|----------|------------|---------|---------|
|member_id |passwd                                                       |join_dt |member_nm |member_nick |profile_img     |profile_uuid                             |sex |hp          |email         |zipcode |road_address |jibun_address |namuji_address |etc |active_yn |inactive_dt |login_yn |login_dt |
|----------|-------------------------------------------------------------|--------|----------|------------|----------------|-----------------------------------------|----|------------|--------------|--------|-------------|--------------|---------------|----|----------|------------|---------|---------|
|qwer1234  |$2a$10$JnzdipF5nCJZZlMEYrEgwelcnUEh8cIZOxDKsQAao5K.iYM55H6i2 |null    |a         |a           |profile (1).jpg |a994a4fd-ce29-4a34-bc34-5e5b550d1dd1.jpg |m   |01011111111 |asdf@asdf.com |        |             |              |               |    |Y         |null        |N        |null     |
|----------|-------------------------------------------------------------|--------|----------|------------|----------------|-----------------------------------------|----|------------|--------------|--------|-------------|--------------|---------------|----|----------|------------|---------|---------|

2024-04-03 17:36:43.648 [http-nio-80-exec-2] INFO  jdbc.sqlonly - SELECT	*
		FROM	BOARD

2024-04-03 17:36:43.652 [http-nio-80-exec-2] INFO  jdbc.resultsettable - 
|------|----------|--------------|------------|---------|----------------------|
|bd_id |member_id |title         |content     |read_cnt |create_dt             |
|------|----------|--------------|------------|---------|----------------------|
|1     |null      |1             |1           |null     |2024-04-03 15:27:30.0 |
|2     |null      |강다            |ㅁㄴ;ㅣ아럼ㄴ;ㅣㅇ허 |null     |2024-04-03 16:49:19.0 |
|3     |null      |전체글 왜 안나오는거야? |나 이런...     |null     |2024-04-03 17:00:33.0 |
|4     |null      |오빤 강남스타일      |알아서 해보자     |null     |2024-04-03 17:18:40.0 |
|5     |null      |오빤 강남스타일      |알아서 해보자     |null     |2024-04-03 17:20:48.0 |
|6     |null      |오빤 강남스타일      |알아서 해보자     |null     |2024-04-03 17:24:37.0 |
|------|----------|--------------|------------|---------|----------------------|

2024-04-03 17:42:21.102 [http-nio-80-exec-2] INFO  jdbc.sqlonly - SELECT 	* FROM MEMBER WHERE MEMBER_ID = 'qwer1234'

2024-04-03 17:42:21.105 [http-nio-80-exec-2] INFO  jdbc.resultsettable - 
|----------|-------------------------------------------------------------|--------|----------|------------|----------------|-----------------------------------------|----|------------|--------------|--------|-------------|--------------|---------------|----|----------|------------|---------|---------|
|member_id |passwd                                                       |join_dt |member_nm |member_nick |profile_img     |profile_uuid                             |sex |hp          |email         |zipcode |road_address |jibun_address |namuji_address |etc |active_yn |inactive_dt |login_yn |login_dt |
|----------|-------------------------------------------------------------|--------|----------|------------|----------------|-----------------------------------------|----|------------|--------------|--------|-------------|--------------|---------------|----|----------|------------|---------|---------|
|qwer1234  |$2a$10$JnzdipF5nCJZZlMEYrEgwelcnUEh8cIZOxDKsQAao5K.iYM55H6i2 |null    |a         |a           |profile (1).jpg |a994a4fd-ce29-4a34-bc34-5e5b550d1dd1.jpg |m   |01011111111 |asdf@asdf.com |        |             |              |               |    |Y         |null        |N        |null     |
|----------|-------------------------------------------------------------|--------|----------|------------|----------------|-----------------------------------------|----|------------|--------------|--------|-------------|--------------|---------------|----|----------|------------|---------|---------|

2024-04-03 17:42:21.106 [http-nio-80-exec-2] INFO  jdbc.sqlonly - SELECT	*
		FROM	BOARD

2024-04-03 17:42:21.108 [http-nio-80-exec-2] INFO  jdbc.resultsettable - 
|------|----------|--------------|------------|---------|----------------------|
|bd_id |member_id |title         |content     |read_cnt |create_dt             |
|------|----------|--------------|------------|---------|----------------------|
|1     |null      |1             |1           |null     |2024-04-03 15:27:30.0 |
|2     |null      |강다            |ㅁㄴ;ㅣ아럼ㄴ;ㅣㅇ허 |null     |2024-04-03 16:49:19.0 |
|3     |null      |전체글 왜 안나오는거야? |나 이런...     |null     |2024-04-03 17:00:33.0 |
|4     |null      |오빤 강남스타일      |알아서 해보자     |null     |2024-04-03 17:18:40.0 |
|5     |null      |오빤 강남스타일      |알아서 해보자     |null     |2024-04-03 17:20:48.0 |
|6     |null      |오빤 강남스타일      |알아서 해보자     |null     |2024-04-03 17:24:37.0 |
|------|----------|--------------|------------|---------|----------------------|

2024-04-03 17:42:23.911 [http-nio-80-exec-7] INFO  jdbc.sqlonly - UPDATE	BOARD
		SET		READ_CNT = READ_CNT + 1
		WHERE	BD_ID = 2

2024-04-03 17:42:23.915 [http-nio-80-exec-7] INFO  jdbc.sqlonly - SELECT	*
		FROM	BOARD
		WHERE	BD_ID = 2

2024-04-03 17:42:23.917 [http-nio-80-exec-7] INFO  jdbc.resultsettable - 
|------|----------|------|------------|---------|----------------------|
|bd_id |member_id |title |content     |read_cnt |create_dt             |
|------|----------|------|------------|---------|----------------------|
|2     |null      |강다    |ㅁㄴ;ㅣ아럼ㄴ;ㅣㅇ허 |null     |2024-04-03 16:49:19.0 |
|------|----------|------|------------|---------|----------------------|

2024-04-03 17:43:56.701 [http-nio-80-exec-2] INFO  jdbc.sqlonly - SELECT 	* FROM MEMBER WHERE MEMBER_ID = 'qwer1234'

2024-04-03 17:43:56.703 [http-nio-80-exec-2] INFO  jdbc.resultsettable - 
|----------|-------------------------------------------------------------|--------|----------|------------|----------------|-----------------------------------------|----|------------|--------------|--------|-------------|--------------|---------------|----|----------|------------|---------|---------|
|member_id |passwd                                                       |join_dt |member_nm |member_nick |profile_img     |profile_uuid                             |sex |hp          |email         |zipcode |road_address |jibun_address |namuji_address |etc |active_yn |inactive_dt |login_yn |login_dt |
|----------|-------------------------------------------------------------|--------|----------|------------|----------------|-----------------------------------------|----|------------|--------------|--------|-------------|--------------|---------------|----|----------|------------|---------|---------|
|qwer1234  |$2a$10$JnzdipF5nCJZZlMEYrEgwelcnUEh8cIZOxDKsQAao5K.iYM55H6i2 |null    |a         |a           |profile (1).jpg |a994a4fd-ce29-4a34-bc34-5e5b550d1dd1.jpg |m   |01011111111 |asdf@asdf.com |        |             |              |               |    |Y         |null        |N        |null     |
|----------|-------------------------------------------------------------|--------|----------|------------|----------------|-----------------------------------------|----|------------|--------------|--------|-------------|--------------|---------------|----|----------|------------|---------|---------|

2024-04-03 17:43:56.703 [http-nio-80-exec-2] INFO  jdbc.sqlonly - UPDATE	BOARD
		SET		READ_CNT = READ_CNT + 1
		WHERE	BD_ID = 2

2024-04-03 17:43:56.705 [http-nio-80-exec-2] INFO  jdbc.sqlonly - SELECT	*
		FROM	BOARD
		WHERE	BD_ID = 2

2024-04-03 17:43:56.706 [http-nio-80-exec-2] INFO  jdbc.resultsettable - 
|------|----------|------|------------|---------|----------------------|
|bd_id |member_id |title |content     |read_cnt |create_dt             |
|------|----------|------|------------|---------|----------------------|
|2     |null      |강다    |ㅁㄴ;ㅣ아럼ㄴ;ㅣㅇ허 |null     |2024-04-03 16:49:19.0 |
|------|----------|------|------------|---------|----------------------|

2024-04-03 17:44:02.986 [http-nio-80-exec-1] INFO  jdbc.sqlonly - SELECT 	* FROM MEMBER WHERE MEMBER_ID = 'qwer1234'

2024-04-03 17:44:02.989 [http-nio-80-exec-1] INFO  jdbc.resultsettable - 
|----------|-------------------------------------------------------------|--------|----------|------------|----------------|-----------------------------------------|----|------------|--------------|--------|-------------|--------------|---------------|----|----------|------------|---------|---------|
|member_id |passwd                                                       |join_dt |member_nm |member_nick |profile_img     |profile_uuid                             |sex |hp          |email         |zipcode |road_address |jibun_address |namuji_address |etc |active_yn |inactive_dt |login_yn |login_dt |
|----------|-------------------------------------------------------------|--------|----------|------------|----------------|-----------------------------------------|----|------------|--------------|--------|-------------|--------------|---------------|----|----------|------------|---------|---------|
|qwer1234  |$2a$10$JnzdipF5nCJZZlMEYrEgwelcnUEh8cIZOxDKsQAao5K.iYM55H6i2 |null    |a         |a           |profile (1).jpg |a994a4fd-ce29-4a34-bc34-5e5b550d1dd1.jpg |m   |01011111111 |asdf@asdf.com |        |             |              |               |    |Y         |null        |N        |null     |
|----------|-------------------------------------------------------------|--------|----------|------------|----------------|-----------------------------------------|----|------------|--------------|--------|-------------|--------------|---------------|----|----------|------------|---------|---------|

2024-04-03 17:44:02.990 [http-nio-80-exec-1] INFO  jdbc.sqlonly - SELECT	*
		FROM	BOARD

2024-04-03 17:44:02.993 [http-nio-80-exec-1] INFO  jdbc.resultsettable - 
|------|----------|--------------|------------|---------|----------------------|
|bd_id |member_id |title         |content     |read_cnt |create_dt             |
|------|----------|--------------|------------|---------|----------------------|
|1     |null      |1             |1           |null     |2024-04-03 15:27:30.0 |
|2     |null      |강다            |ㅁㄴ;ㅣ아럼ㄴ;ㅣㅇ허 |null     |2024-04-03 16:49:19.0 |
|3     |null      |전체글 왜 안나오는거야? |나 이런...     |null     |2024-04-03 17:00:33.0 |
|4     |null      |오빤 강남스타일      |알아서 해보자     |null     |2024-04-03 17:18:40.0 |
|5     |null      |오빤 강남스타일      |알아서 해보자     |null     |2024-04-03 17:20:48.0 |
|6     |null      |오빤 강남스타일      |알아서 해보자     |null     |2024-04-03 17:24:37.0 |
|------|----------|--------------|------------|---------|----------------------|

2024-04-03 17:44:05.088 [http-nio-80-exec-1] INFO  jdbc.sqlonly - SELECT 	* FROM MEMBER WHERE MEMBER_ID = 'qwer1234'

2024-04-03 17:44:05.091 [http-nio-80-exec-1] INFO  jdbc.resultsettable - 
|----------|-------------------------------------------------------------|--------|----------|------------|----------------|-----------------------------------------|----|------------|--------------|--------|-------------|--------------|---------------|----|----------|------------|---------|---------|
|member_id |passwd                                                       |join_dt |member_nm |member_nick |profile_img     |profile_uuid                             |sex |hp          |email         |zipcode |road_address |jibun_address |namuji_address |etc |active_yn |inactive_dt |login_yn |login_dt |
|----------|-------------------------------------------------------------|--------|----------|------------|----------------|-----------------------------------------|----|------------|--------------|--------|-------------|--------------|---------------|----|----------|------------|---------|---------|
|qwer1234  |$2a$10$JnzdipF5nCJZZlMEYrEgwelcnUEh8cIZOxDKsQAao5K.iYM55H6i2 |null    |a         |a           |profile (1).jpg |a994a4fd-ce29-4a34-bc34-5e5b550d1dd1.jpg |m   |01011111111 |asdf@asdf.com |        |             |              |               |    |Y         |null        |N        |null     |
|----------|-------------------------------------------------------------|--------|----------|------------|----------------|-----------------------------------------|----|------------|--------------|--------|-------------|--------------|---------------|----|----------|------------|---------|---------|

2024-04-03 17:44:05.091 [http-nio-80-exec-1] INFO  jdbc.sqlonly - UPDATE	BOARD
		SET		READ_CNT = READ_CNT + 1
		WHERE	BD_ID = 1

2024-04-03 17:44:05.095 [http-nio-80-exec-1] INFO  jdbc.sqlonly - SELECT	*
		FROM	BOARD
		WHERE	BD_ID = 1

2024-04-03 17:44:05.098 [http-nio-80-exec-1] INFO  jdbc.resultsettable - 
|------|----------|------|--------|---------|----------------------|
|bd_id |member_id |title |content |read_cnt |create_dt             |
|------|----------|------|--------|---------|----------------------|
|1     |null      |1     |1       |null     |2024-04-03 15:27:30.0 |
|------|----------|------|--------|---------|----------------------|

2024-04-03 17:45:02.869 [http-nio-80-exec-4] INFO  jdbc.sqlonly - SELECT 	* FROM MEMBER WHERE MEMBER_ID = 'qwer1234'

2024-04-03 17:45:02.871 [http-nio-80-exec-4] INFO  jdbc.resultsettable - 
|----------|-------------------------------------------------------------|--------|----------|------------|----------------|-----------------------------------------|----|------------|--------------|--------|-------------|--------------|---------------|----|----------|------------|---------|---------|
|member_id |passwd                                                       |join_dt |member_nm |member_nick |profile_img     |profile_uuid                             |sex |hp          |email         |zipcode |road_address |jibun_address |namuji_address |etc |active_yn |inactive_dt |login_yn |login_dt |
|----------|-------------------------------------------------------------|--------|----------|------------|----------------|-----------------------------------------|----|------------|--------------|--------|-------------|--------------|---------------|----|----------|------------|---------|---------|
|qwer1234  |$2a$10$JnzdipF5nCJZZlMEYrEgwelcnUEh8cIZOxDKsQAao5K.iYM55H6i2 |null    |a         |a           |profile (1).jpg |a994a4fd-ce29-4a34-bc34-5e5b550d1dd1.jpg |m   |01011111111 |asdf@asdf.com |        |             |              |               |    |Y         |null        |N        |null     |
|----------|-------------------------------------------------------------|--------|----------|------------|----------------|-----------------------------------------|----|------------|--------------|--------|-------------|--------------|---------------|----|----------|------------|---------|---------|

2024-04-03 17:45:02.871 [http-nio-80-exec-4] INFO  jdbc.sqlonly - UPDATE	BOARD
		SET		READ_CNT = READ_CNT + 1
		WHERE	BD_ID = 1

2024-04-03 17:45:02.872 [http-nio-80-exec-4] INFO  jdbc.sqlonly - SELECT	*
		FROM	BOARD
		WHERE	BD_ID = 1

2024-04-03 17:45:02.873 [http-nio-80-exec-4] INFO  jdbc.resultsettable - 
|------|----------|------|--------|---------|----------------------|
|bd_id |member_id |title |content |read_cnt |create_dt             |
|------|----------|------|--------|---------|----------------------|
|1     |null      |1     |1       |null     |2024-04-03 15:27:30.0 |
|------|----------|------|--------|---------|----------------------|

2024-04-03 17:46:54.267 [http-nio-80-exec-6] INFO  jdbc.sqlonly - SELECT 	* FROM MEMBER WHERE MEMBER_ID = 'qwer1234'

2024-04-03 17:46:54.269 [http-nio-80-exec-6] INFO  jdbc.resultsettable - 
|----------|-------------------------------------------------------------|--------|----------|------------|----------------|-----------------------------------------|----|------------|--------------|--------|-------------|--------------|---------------|----|----------|------------|---------|---------|
|member_id |passwd                                                       |join_dt |member_nm |member_nick |profile_img     |profile_uuid                             |sex |hp          |email         |zipcode |road_address |jibun_address |namuji_address |etc |active_yn |inactive_dt |login_yn |login_dt |
|----------|-------------------------------------------------------------|--------|----------|------------|----------------|-----------------------------------------|----|------------|--------------|--------|-------------|--------------|---------------|----|----------|------------|---------|---------|
|qwer1234  |$2a$10$JnzdipF5nCJZZlMEYrEgwelcnUEh8cIZOxDKsQAao5K.iYM55H6i2 |null    |a         |a           |profile (1).jpg |a994a4fd-ce29-4a34-bc34-5e5b550d1dd1.jpg |m   |01011111111 |asdf@asdf.com |        |             |              |               |    |Y         |null        |N        |null     |
|----------|-------------------------------------------------------------|--------|----------|------------|----------------|-----------------------------------------|----|------------|--------------|--------|-------------|--------------|---------------|----|----------|------------|---------|---------|

2024-04-03 17:46:54.271 [http-nio-80-exec-6] INFO  jdbc.sqlonly - SELECT	*
		FROM	BOARD

2024-04-03 17:46:54.273 [http-nio-80-exec-6] INFO  jdbc.resultsettable - 
|------|----------|--------------|------------|---------|----------------------|
|bd_id |member_id |title         |content     |read_cnt |create_dt             |
|------|----------|--------------|------------|---------|----------------------|
|1     |null      |1             |1           |null     |2024-04-03 15:27:30.0 |
|2     |null      |강다            |ㅁㄴ;ㅣ아럼ㄴ;ㅣㅇ허 |null     |2024-04-03 16:49:19.0 |
|3     |null      |전체글 왜 안나오는거야? |나 이런...     |null     |2024-04-03 17:00:33.0 |
|4     |null      |오빤 강남스타일      |알아서 해보자     |null     |2024-04-03 17:18:40.0 |
|5     |null      |오빤 강남스타일      |알아서 해보자     |null     |2024-04-03 17:20:48.0 |
|6     |null      |오빤 강남스타일      |알아서 해보자     |null     |2024-04-03 17:24:37.0 |
|------|----------|--------------|------------|---------|----------------------|

2024-04-03 17:49:27.026 [http-nio-80-exec-8] INFO  jdbc.sqlonly - SELECT 	* FROM MEMBER WHERE MEMBER_ID = 'qwer1234'

2024-04-03 17:49:27.028 [http-nio-80-exec-8] INFO  jdbc.resultsettable - 
|----------|-------------------------------------------------------------|--------|----------|------------|----------------|-----------------------------------------|----|------------|--------------|--------|-------------|--------------|---------------|----|----------|------------|---------|---------|
|member_id |passwd                                                       |join_dt |member_nm |member_nick |profile_img     |profile_uuid                             |sex |hp          |email         |zipcode |road_address |jibun_address |namuji_address |etc |active_yn |inactive_dt |login_yn |login_dt |
|----------|-------------------------------------------------------------|--------|----------|------------|----------------|-----------------------------------------|----|------------|--------------|--------|-------------|--------------|---------------|----|----------|------------|---------|---------|
|qwer1234  |$2a$10$JnzdipF5nCJZZlMEYrEgwelcnUEh8cIZOxDKsQAao5K.iYM55H6i2 |null    |a         |a           |profile (1).jpg |a994a4fd-ce29-4a34-bc34-5e5b550d1dd1.jpg |m   |01011111111 |asdf@asdf.com |        |             |              |               |    |Y         |null        |N        |null     |
|----------|-------------------------------------------------------------|--------|----------|------------|----------------|-----------------------------------------|----|------------|--------------|--------|-------------|--------------|---------------|----|----------|------------|---------|---------|

2024-04-03 17:49:27.029 [http-nio-80-exec-8] INFO  jdbc.sqlonly - UPDATE	BOARD
		SET		READ_CNT = READ_CNT + 1
		WHERE	BD_ID = 1

2024-04-03 17:49:27.033 [http-nio-80-exec-8] INFO  jdbc.sqlonly - SELECT	*
		FROM	BOARD
		WHERE	BD_ID = 1

2024-04-03 17:49:27.035 [http-nio-80-exec-8] INFO  jdbc.resultsettable - 
|------|----------|------|--------|---------|----------------------|
|bd_id |member_id |title |content |read_cnt |create_dt             |
|------|----------|------|--------|---------|----------------------|
|1     |null      |1     |1       |null     |2024-04-03 15:27:30.0 |
|------|----------|------|--------|---------|----------------------|

2024-04-03 17:49:38.823 [http-nio-80-exec-2] INFO  jdbc.sqlonly - SELECT 	* FROM MEMBER WHERE MEMBER_ID = 'qwer1234'

2024-04-03 17:49:38.825 [http-nio-80-exec-2] INFO  jdbc.resultsettable - 
|----------|-------------------------------------------------------------|--------|----------|------------|----------------|-----------------------------------------|----|------------|--------------|--------|-------------|--------------|---------------|----|----------|------------|---------|---------|
|member_id |passwd                                                       |join_dt |member_nm |member_nick |profile_img     |profile_uuid                             |sex |hp          |email         |zipcode |road_address |jibun_address |namuji_address |etc |active_yn |inactive_dt |login_yn |login_dt |
|----------|-------------------------------------------------------------|--------|----------|------------|----------------|-----------------------------------------|----|------------|--------------|--------|-------------|--------------|---------------|----|----------|------------|---------|---------|
|qwer1234  |$2a$10$JnzdipF5nCJZZlMEYrEgwelcnUEh8cIZOxDKsQAao5K.iYM55H6i2 |null    |a         |a           |profile (1).jpg |a994a4fd-ce29-4a34-bc34-5e5b550d1dd1.jpg |m   |01011111111 |asdf@asdf.com |        |             |              |               |    |Y         |null        |N        |null     |
|----------|-------------------------------------------------------------|--------|----------|------------|----------------|-----------------------------------------|----|------------|--------------|--------|-------------|--------------|---------------|----|----------|------------|---------|---------|

2024-04-03 17:49:38.827 [http-nio-80-exec-2] INFO  jdbc.sqlonly - SELECT	*
		FROM	BOARD

2024-04-03 17:49:38.829 [http-nio-80-exec-2] INFO  jdbc.resultsettable - 
|------|----------|--------------|------------|---------|----------------------|
|bd_id |member_id |title         |content     |read_cnt |create_dt             |
|------|----------|--------------|------------|---------|----------------------|
|1     |null      |1             |1           |null     |2024-04-03 15:27:30.0 |
|2     |null      |강다            |ㅁㄴ;ㅣ아럼ㄴ;ㅣㅇ허 |null     |2024-04-03 16:49:19.0 |
|3     |null      |전체글 왜 안나오는거야? |나 이런...     |null     |2024-04-03 17:00:33.0 |
|4     |null      |오빤 강남스타일      |알아서 해보자     |null     |2024-04-03 17:18:40.0 |
|5     |null      |오빤 강남스타일      |알아서 해보자     |null     |2024-04-03 17:20:48.0 |
|6     |null      |오빤 강남스타일      |알아서 해보자     |null     |2024-04-03 17:24:37.0 |
|------|----------|--------------|------------|---------|----------------------|

2024-04-03 17:50:50.583 [http-nio-80-exec-3] INFO  jdbc.sqlonly - SELECT	PASSWD,	ACTIVE_YN	
		FROM	MEMBER	
		WHERE	MEMBER_ID = 'qwer1234'

2024-04-03 17:50:50.584 [http-nio-80-exec-3] INFO  jdbc.resultsettable - 
|-------------------------------------------------------------|----------|
|passwd                                                       |active_yn |
|-------------------------------------------------------------|----------|
|$2a$10$JnzdipF5nCJZZlMEYrEgwelcnUEh8cIZOxDKsQAao5K.iYM55H6i2 |Y         |
|-------------------------------------------------------------|----------|

2024-04-03 17:51:37.464 [http-nio-80-exec-1] INFO  jdbc.sqlonly - SELECT 	* FROM MEMBER WHERE MEMBER_ID = 'qwer1234'

2024-04-03 17:51:37.467 [http-nio-80-exec-1] INFO  jdbc.resultsettable - 
|----------|-------------------------------------------------------------|--------|----------|------------|----------------|-----------------------------------------|----|------------|--------------|--------|-------------|--------------|---------------|----|----------|------------|---------|---------|
|member_id |passwd                                                       |join_dt |member_nm |member_nick |profile_img     |profile_uuid                             |sex |hp          |email         |zipcode |road_address |jibun_address |namuji_address |etc |active_yn |inactive_dt |login_yn |login_dt |
|----------|-------------------------------------------------------------|--------|----------|------------|----------------|-----------------------------------------|----|------------|--------------|--------|-------------|--------------|---------------|----|----------|------------|---------|---------|
|qwer1234  |$2a$10$JnzdipF5nCJZZlMEYrEgwelcnUEh8cIZOxDKsQAao5K.iYM55H6i2 |null    |a         |a           |profile (1).jpg |a994a4fd-ce29-4a34-bc34-5e5b550d1dd1.jpg |m   |01011111111 |asdf@asdf.com |        |             |              |               |    |Y         |null        |N        |null     |
|----------|-------------------------------------------------------------|--------|----------|------------|----------------|-----------------------------------------|----|------------|--------------|--------|-------------|--------------|---------------|----|----------|------------|---------|---------|

