2024-05-16 20:01:08.698 [http-nio-80-exec-7] INFO  jdbc.sqlonly - SELECT 	MEMBER_ID 
		FROM 	MEMBER 
		WHERE 	MEMBER_ID = 'admin'

2024-05-16 20:01:08.730 [http-nio-80-exec-7] INFO  jdbc.resultsettable - 
|----------|
|member_id |
|----------|
|----------|

2024-05-16 20:04:00.971 [http-nio-80-exec-10] INFO  jdbc.sqlonly - SELECT 	MEMBER_ID 
		FROM 	MEMBER 
		WHERE 	MEMBER_ID = 'admin'

2024-05-16 20:04:00.971 [http-nio-80-exec-10] INFO  jdbc.resultsettable - 
|----------|
|member_id |
|----------|
|----------|

2024-05-16 20:04:03.072 [http-nio-80-exec-5] INFO  jdbc.sqlonly - INSERT INTO MEMBER (
			MEMBER_ID, PASSWD, MEMBER_NM, MEMBER_NICK,
			PROFILE_IMG, PROFILE_UUID,
			SEX, HP, EMAIL,	ZIPCODE,
			ROAD_ADDRESS,JIBUN_ADDRESS,NAMUJI_ADDRESS,
			ETC
		) VALUES (
			'admin', '$2a$10$7bh//p7xIYq7W3DqCaKyheqyeF67zY3M3/MhE04Ky3LgHjU5CEKQ.','관리자', '닉_운영자',
			'프로필.jpg', '975eb099-0f6d-49e0-aaf9-255011e5464f.jpg',
			'm', '01029292929', 'figtree627@gmail.com', '',
			'',	'','',
			''
		)

2024-05-16 20:04:11.956 [http-nio-80-exec-10] INFO  jdbc.sqlonly - SELECT	PASSWD,	ACTIVE_YN	
		FROM	MEMBER	
		WHERE	MEMBER_ID = 'admin'

2024-05-16 20:04:11.972 [http-nio-80-exec-10] INFO  jdbc.resultsettable - 
|-------------------------------------------------------------|----------|
|passwd                                                       |active_yn |
|-------------------------------------------------------------|----------|
|$2a$10$7bh//p7xIYq7W3DqCaKyheqyeF67zY3M3/MhE04Ky3LgHjU5CEKQ. |Y         |
|-------------------------------------------------------------|----------|

2024-05-16 20:04:17.317 [http-nio-80-exec-1] INFO  jdbc.sqlonly - SELECT	PASSWD,	ACTIVE_YN	
		FROM	MEMBER	
		WHERE	MEMBER_ID = 'admin'

2024-05-16 20:04:17.319 [http-nio-80-exec-1] INFO  jdbc.resultsettable - 
|-------------------------------------------------------------|----------|
|passwd                                                       |active_yn |
|-------------------------------------------------------------|----------|
|$2a$10$7bh//p7xIYq7W3DqCaKyheqyeF67zY3M3/MhE04Ky3LgHjU5CEKQ. |Y         |
|-------------------------------------------------------------|----------|

2024-05-16 20:04:21.932 [http-nio-80-exec-10] INFO  jdbc.sqlonly - SELECT * FROM BS;

2024-05-16 20:04:21.938 [http-nio-80-exec-10] INFO  jdbc.resultsettable - 
|------|------|-------|--------|--------|---------|--------------|--------------|--------------|----------|
|bd_id |title |bs_img |bs_uuid |content |read_cnt |bs_category_1 |bs_category_2 |bs_category_3 |create_dt |
|------|------|-------|--------|--------|---------|--------------|--------------|--------------|----------|
|------|------|-------|--------|--------|---------|--------------|--------------|--------------|----------|

2024-05-16 20:04:24.721 [http-nio-80-exec-1] INFO  jdbc.sqlonly - SELECT 	* FROM BS
	    WHERE 	bs_category_1 = 2

2024-05-16 20:04:24.721 [http-nio-80-exec-1] INFO  jdbc.resultsettable - 
|------|------|-------|--------|--------|---------|--------------|--------------|--------------|----------|
|bd_id |title |bs_img |bs_uuid |content |read_cnt |bs_category_1 |bs_category_2 |bs_category_3 |create_dt |
|------|------|-------|--------|--------|---------|--------------|--------------|--------------|----------|
|------|------|-------|--------|--------|---------|--------------|--------------|--------------|----------|

2024-05-16 20:04:26.214 [http-nio-80-exec-4] INFO  jdbc.sqlonly - SELECT 	* FROM MEMBER WHERE MEMBER_ID = 'admin'

2024-05-16 20:04:26.221 [http-nio-80-exec-4] INFO  jdbc.resultsettable - 
|----------|-------------------------------------------------------------|----------|------------|------------|-----------------------------------------|----|------------|---------------------|--------|-------------|--------------|---------------|----|----------|----------------------|------------|---------|
|member_id |passwd                                                       |member_nm |member_nick |profile_img |profile_uuid                             |sex |hp          |email                |zipcode |road_address |jibun_address |namuji_address |etc |active_yn |join_dt               |inactive_dt |login_dt |
|----------|-------------------------------------------------------------|----------|------------|------------|-----------------------------------------|----|------------|---------------------|--------|-------------|--------------|---------------|----|----------|----------------------|------------|---------|
|admin     |$2a$10$7bh//p7xIYq7W3DqCaKyheqyeF67zY3M3/MhE04Ky3LgHjU5CEKQ. |관리자       |닉_운영자       |프로필.jpg     |975eb099-0f6d-49e0-aaf9-255011e5464f.jpg |m   |01029292929 |figtree627@gmail.com |        |             |              |               |    |Y         |2024-05-16 20:04:03.0 |null        |[unread] |
|----------|-------------------------------------------------------------|----------|------------|------------|-----------------------------------------|----|------------|---------------------|--------|-------------|--------------|---------------|----|----------|----------------------|------------|---------|

2024-05-16 20:04:26.221 [http-nio-80-exec-4] INFO  jdbc.sqlonly - SELECT 	* FROM MEMBER WHERE MEMBER_ID = 'admin'

2024-05-16 20:04:26.232 [http-nio-80-exec-4] INFO  jdbc.resultsettable - 
|----------|-------------------------------------------------------------|----------|------------|------------|-----------------------------------------|----|------------|---------------------|--------|-------------|--------------|---------------|----|----------|----------------------|------------|---------|
|member_id |passwd                                                       |member_nm |member_nick |profile_img |profile_uuid                             |sex |hp          |email                |zipcode |road_address |jibun_address |namuji_address |etc |active_yn |join_dt               |inactive_dt |login_dt |
|----------|-------------------------------------------------------------|----------|------------|------------|-----------------------------------------|----|------------|---------------------|--------|-------------|--------------|---------------|----|----------|----------------------|------------|---------|
|admin     |$2a$10$7bh//p7xIYq7W3DqCaKyheqyeF67zY3M3/MhE04Ky3LgHjU5CEKQ. |관리자       |닉_운영자       |프로필.jpg     |975eb099-0f6d-49e0-aaf9-255011e5464f.jpg |m   |01029292929 |figtree627@gmail.com |        |             |              |               |    |Y         |2024-05-16 20:04:03.0 |null        |[unread] |
|----------|-------------------------------------------------------------|----------|------------|------------|-----------------------------------------|----|------------|---------------------|--------|-------------|--------------|---------------|----|----------|----------------------|------------|---------|

2024-05-16 20:05:24.322 [http-nio-80-exec-4] INFO  jdbc.sqlonly - INSERT INTO BS (
			 BD_ID, TITLE, CONTENT, BS_IMG, BS_UUID, BS_CATEGORY_1,  BS_CATEGORY_2,  BS_CATEGORY_3
		) VALUES(
			0, '목요일-5월 16일 방송', '', '뉴진스_해린.jpg', '57821592-b9d1-4b09-adc2-6dcaff5d54f9.jpg', 3, '영성예화', NULL		
		)

2024-05-16 20:05:24.334 [http-nio-80-exec-4] INFO  jdbc.sqlonly - SELECT * FROM BS;

2024-05-16 20:05:24.337 [http-nio-80-exec-4] INFO  jdbc.resultsettable - 
|------|--------------|-----------|-----------------------------------------|--------|---------|--------------|--------------|--------------|----------------------|
|bd_id |title         |bs_img     |bs_uuid                                  |content |read_cnt |bs_category_1 |bs_category_2 |bs_category_3 |create_dt             |
|------|--------------|-----------|-----------------------------------------|--------|---------|--------------|--------------|--------------|----------------------|
|1     |목요일-5월 16일 방송 |뉴진스_해린.jpg |57821592-b9d1-4b09-adc2-6dcaff5d54f9.jpg |        |0        |3             |영성예화          |null          |2024-05-16 20:05:24.0 |
|------|--------------|-----------|-----------------------------------------|--------|---------|--------------|--------------|--------------|----------------------|

