2024-04-13 17:51:53.578 [http-nio-80-exec-9] INFO  jdbc.sqlonly - SELECT	BD_ID, BD_IMG, BD_UUID, TITLE, CONTENT, READ_CNT, CREATE_DT 
		FROM 	MEMORIAL

2024-04-13 17:51:53.641 [http-nio-80-exec-9] INFO  jdbc.resultsettable - 
|------|-------|-----------------------------------------|--------------|--------------------------|---------|----------------------|
|bd_id |bd_img |bd_uuid                                  |title         |content                   |read_cnt |create_dt             |
|------|-------|-----------------------------------------|--------------|--------------------------|---------|----------------------|
|5     |01.jpg |845bcc5f-9bcf-4a0d-ab88-831c73e8f8df.jpg |영성기념관을 소개합니다. |<p>기념관을 소개하는 글이랍니다.</p>
 |0        |2024-04-12 21:35:11.0 |
|------|-------|-----------------------------------------|--------------|--------------------------|---------|----------------------|

2024-04-13 17:52:39.860 [http-nio-80-exec-2] INFO  jdbc.sqlonly - SELECT	BD_ID, BD_IMG, BD_UUID, TITLE, CONTENT, READ_CNT, CREATE_DT 
		FROM 	MEMORIAL

2024-04-13 17:52:39.864 [http-nio-80-exec-2] INFO  jdbc.resultsettable - 
|------|-------|-----------------------------------------|--------------|--------------------------|---------|----------------------|
|bd_id |bd_img |bd_uuid                                  |title         |content                   |read_cnt |create_dt             |
|------|-------|-----------------------------------------|--------------|--------------------------|---------|----------------------|
|5     |01.jpg |845bcc5f-9bcf-4a0d-ab88-831c73e8f8df.jpg |영성기념관을 소개합니다. |<p>기념관을 소개하는 글이랍니다.</p>
 |0        |2024-04-12 21:35:11.0 |
|------|-------|-----------------------------------------|--------------|--------------------------|---------|----------------------|

2024-04-13 17:53:40.015 [http-nio-80-exec-3] INFO  jdbc.sqlonly - SELECT	BD_ID, BD_IMG, BD_UUID, TITLE, CONTENT, READ_CNT, CREATE_DT 
		FROM 	MEMORIAL

2024-04-13 17:53:40.022 [http-nio-80-exec-3] INFO  jdbc.resultsettable - 
|------|-------|-----------------------------------------|--------------|--------------------------|---------|----------------------|
|bd_id |bd_img |bd_uuid                                  |title         |content                   |read_cnt |create_dt             |
|------|-------|-----------------------------------------|--------------|--------------------------|---------|----------------------|
|5     |01.jpg |845bcc5f-9bcf-4a0d-ab88-831c73e8f8df.jpg |영성기념관을 소개합니다. |<p>기념관을 소개하는 글이랍니다.</p>
 |0        |2024-04-12 21:35:11.0 |
|------|-------|-----------------------------------------|--------------|--------------------------|---------|----------------------|

2024-04-13 17:58:05.181 [http-nio-80-exec-8] INFO  jdbc.sqlonly - SELECT	BD_ID, BD_IMG, BD_UUID, TITLE, CONTENT, READ_CNT, CREATE_DT 
		FROM 	MEMORIAL

2024-04-13 17:58:05.193 [http-nio-80-exec-8] INFO  jdbc.resultsettable - 
|------|-------|-----------------------------------------|--------------|--------------------------|---------|----------------------|
|bd_id |bd_img |bd_uuid                                  |title         |content                   |read_cnt |create_dt             |
|------|-------|-----------------------------------------|--------------|--------------------------|---------|----------------------|
|5     |01.jpg |845bcc5f-9bcf-4a0d-ab88-831c73e8f8df.jpg |영성기념관을 소개합니다. |<p>기념관을 소개하는 글이랍니다.</p>
 |0        |2024-04-12 21:35:11.0 |
|------|-------|-----------------------------------------|--------------|--------------------------|---------|----------------------|

2024-04-13 17:58:20.342 [http-nio-80-exec-2] INFO  jdbc.sqlonly - SELECT	BD_ID, BD_IMG, BD_UUID, TITLE, CONTENT, READ_CNT, CREATE_DT 
		FROM 	MEMORIAL

2024-04-13 17:58:20.345 [http-nio-80-exec-2] INFO  jdbc.resultsettable - 
|------|-------|-----------------------------------------|--------------|--------------------------|---------|----------------------|
|bd_id |bd_img |bd_uuid                                  |title         |content                   |read_cnt |create_dt             |
|------|-------|-----------------------------------------|--------------|--------------------------|---------|----------------------|
|5     |01.jpg |845bcc5f-9bcf-4a0d-ab88-831c73e8f8df.jpg |영성기념관을 소개합니다. |<p>기념관을 소개하는 글이랍니다.</p>
 |0        |2024-04-12 21:35:11.0 |
|------|-------|-----------------------------------------|--------------|--------------------------|---------|----------------------|

2024-04-13 17:59:33.441 [http-nio-80-exec-9] INFO  jdbc.sqlonly - SELECT	BD_ID, BD_IMG, BD_UUID, TITLE, CONTENT, READ_CNT, CREATE_DT 
		FROM 	MEMORIAL

2024-04-13 17:59:33.449 [http-nio-80-exec-9] INFO  jdbc.resultsettable - 
|------|-------|-----------------------------------------|--------------|--------------------------|---------|----------------------|
|bd_id |bd_img |bd_uuid                                  |title         |content                   |read_cnt |create_dt             |
|------|-------|-----------------------------------------|--------------|--------------------------|---------|----------------------|
|5     |01.jpg |845bcc5f-9bcf-4a0d-ab88-831c73e8f8df.jpg |영성기념관을 소개합니다. |<p>기념관을 소개하는 글이랍니다.</p>
 |0        |2024-04-12 21:35:11.0 |
|------|-------|-----------------------------------------|--------------|--------------------------|---------|----------------------|

2024-04-13 18:00:57.961 [http-nio-80-exec-10] INFO  jdbc.sqlonly - SELECT	*
		FROM 	MEMORIAL

2024-04-13 18:00:57.965 [http-nio-80-exec-10] INFO  jdbc.resultsettable - 
|------|--------------|--------------------------|-------|-----------------------------------------|---------|----------------------|
|bd_id |title         |content                   |bd_img |bd_uuid                                  |read_cnt |create_dt             |
|------|--------------|--------------------------|-------|-----------------------------------------|---------|----------------------|
|5     |영성기념관을 소개합니다. |<p>기념관을 소개하는 글이랍니다.</p>
 |01.jpg |845bcc5f-9bcf-4a0d-ab88-831c73e8f8df.jpg |0        |2024-04-12 21:35:11.0 |
|------|--------------|--------------------------|-------|-----------------------------------------|---------|----------------------|

2024-04-13 18:02:12.197 [http-nio-80-exec-6] INFO  jdbc.sqlonly - SELECT	*
		FROM 	MEMORIAL

2024-04-13 18:02:12.200 [http-nio-80-exec-6] INFO  jdbc.resultsettable - 
|------|--------------|--------------------------|-------|-----------------------------------------|---------|----------------------|
|bd_id |title         |content                   |bd_img |bd_uuid                                  |read_cnt |create_dt             |
|------|--------------|--------------------------|-------|-----------------------------------------|---------|----------------------|
|5     |영성기념관을 소개합니다. |<p>기념관을 소개하는 글이랍니다.</p>
 |01.jpg |845bcc5f-9bcf-4a0d-ab88-831c73e8f8df.jpg |0        |2024-04-12 21:35:11.0 |
|------|--------------|--------------------------|-------|-----------------------------------------|---------|----------------------|

2024-04-13 18:02:21.243 [http-nio-80-exec-3] INFO  jdbc.sqlonly - SELECT	*
		FROM 	MEMORIAL

2024-04-13 18:02:21.253 [http-nio-80-exec-3] INFO  jdbc.resultsettable - 
|------|--------------|--------------------------|-------|-----------------------------------------|---------|----------------------|
|bd_id |title         |content                   |bd_img |bd_uuid                                  |read_cnt |create_dt             |
|------|--------------|--------------------------|-------|-----------------------------------------|---------|----------------------|
|5     |영성기념관을 소개합니다. |<p>기념관을 소개하는 글이랍니다.</p>
 |01.jpg |845bcc5f-9bcf-4a0d-ab88-831c73e8f8df.jpg |0        |2024-04-12 21:35:11.0 |
|------|--------------|--------------------------|-------|-----------------------------------------|---------|----------------------|

2024-04-13 18:03:10.237 [http-nio-80-exec-1] INFO  jdbc.sqlonly - SELECT	*
		FROM 	MEMORIAL

2024-04-13 18:03:10.245 [http-nio-80-exec-1] INFO  jdbc.resultsettable - 
|------|--------------|--------------------------|-------|-----------------------------------------|---------|----------------------|
|bd_id |title         |content                   |bd_img |bd_uuid                                  |read_cnt |create_dt             |
|------|--------------|--------------------------|-------|-----------------------------------------|---------|----------------------|
|5     |영성기념관을 소개합니다. |<p>기념관을 소개하는 글이랍니다.</p>
 |01.jpg |845bcc5f-9bcf-4a0d-ab88-831c73e8f8df.jpg |0        |2024-04-12 21:35:11.0 |
|------|--------------|--------------------------|-------|-----------------------------------------|---------|----------------------|

2024-04-13 18:07:32.236 [http-nio-80-exec-3] INFO  jdbc.sqlonly - SELECT	*
		FROM 	MEMORIAL

2024-04-13 18:07:32.239 [http-nio-80-exec-3] INFO  jdbc.resultsettable - 
|------|--------------|--------------------------|-------|-----------------------------------------|---------|----------------------|
|bd_id |title         |content                   |bd_img |bd_uuid                                  |read_cnt |create_dt             |
|------|--------------|--------------------------|-------|-----------------------------------------|---------|----------------------|
|5     |영성기념관을 소개합니다. |<p>기념관을 소개하는 글이랍니다.</p>
 |01.jpg |845bcc5f-9bcf-4a0d-ab88-831c73e8f8df.jpg |0        |2024-04-12 21:35:11.0 |
|------|--------------|--------------------------|-------|-----------------------------------------|---------|----------------------|

2024-04-13 18:07:35.088 [http-nio-80-exec-9] INFO  jdbc.sqlonly - UPDATE 	MEMORIAL 
		SET		READ_CNT = READ_CNT+1
		WHERE 	BD_ID = 5

2024-04-13 18:07:35.102 [http-nio-80-exec-9] INFO  jdbc.sqlonly - SELECT 	* 
		FROM 	MEMORIAL
		WHERE 	BD_ID = 5

2024-04-13 18:07:35.105 [http-nio-80-exec-9] INFO  jdbc.resultsettable - 
|------|--------------|--------------------------|-------|-----------------------------------------|---------|----------------------|
|bd_id |title         |content                   |bd_img |bd_uuid                                  |read_cnt |create_dt             |
|------|--------------|--------------------------|-------|-----------------------------------------|---------|----------------------|
|5     |영성기념관을 소개합니다. |<p>기념관을 소개하는 글이랍니다.</p>
 |01.jpg |845bcc5f-9bcf-4a0d-ab88-831c73e8f8df.jpg |1        |2024-04-12 21:35:11.0 |
|------|--------------|--------------------------|-------|-----------------------------------------|---------|----------------------|

2024-04-13 18:07:35.106 [http-nio-80-exec-9] INFO  jdbc.sqlonly - UPDATE 	MEMORIAL 
		SET		READ_CNT = READ_CNT+1
		WHERE 	BD_ID = 5

2024-04-13 18:07:35.112 [http-nio-80-exec-9] INFO  jdbc.sqlonly - SELECT 	* 
		FROM 	MEMORIAL
		WHERE 	BD_ID = 5

2024-04-13 18:07:35.115 [http-nio-80-exec-9] INFO  jdbc.resultsettable - 
|------|--------------|--------------------------|-------|-----------------------------------------|---------|----------------------|
|bd_id |title         |content                   |bd_img |bd_uuid                                  |read_cnt |create_dt             |
|------|--------------|--------------------------|-------|-----------------------------------------|---------|----------------------|
|5     |영성기념관을 소개합니다. |<p>기념관을 소개하는 글이랍니다.</p>
 |01.jpg |845bcc5f-9bcf-4a0d-ab88-831c73e8f8df.jpg |2        |2024-04-12 21:35:11.0 |
|------|--------------|--------------------------|-------|-----------------------------------------|---------|----------------------|

2024-04-13 18:07:37.239 [http-nio-80-exec-10] INFO  jdbc.sqlonly - SELECT	*
		FROM 	MEMORIAL

2024-04-13 18:07:37.244 [http-nio-80-exec-10] INFO  jdbc.resultsettable - 
|------|--------------|--------------------------|-------|-----------------------------------------|---------|----------------------|
|bd_id |title         |content                   |bd_img |bd_uuid                                  |read_cnt |create_dt             |
|------|--------------|--------------------------|-------|-----------------------------------------|---------|----------------------|
|5     |영성기념관을 소개합니다. |<p>기념관을 소개하는 글이랍니다.</p>
 |01.jpg |845bcc5f-9bcf-4a0d-ab88-831c73e8f8df.jpg |2        |2024-04-12 21:35:11.0 |
|------|--------------|--------------------------|-------|-----------------------------------------|---------|----------------------|

2024-04-13 18:07:40.113 [http-nio-80-exec-1] INFO  jdbc.sqlonly - UPDATE 	MEMORIAL 
		SET		READ_CNT = READ_CNT+1
		WHERE 	BD_ID = 5

2024-04-13 18:07:40.118 [http-nio-80-exec-1] INFO  jdbc.sqlonly - SELECT 	* 
		FROM 	MEMORIAL
		WHERE 	BD_ID = 5

2024-04-13 18:07:40.123 [http-nio-80-exec-1] INFO  jdbc.resultsettable - 
|------|--------------|--------------------------|-------|-----------------------------------------|---------|----------------------|
|bd_id |title         |content                   |bd_img |bd_uuid                                  |read_cnt |create_dt             |
|------|--------------|--------------------------|-------|-----------------------------------------|---------|----------------------|
|5     |영성기념관을 소개합니다. |<p>기념관을 소개하는 글이랍니다.</p>
 |01.jpg |845bcc5f-9bcf-4a0d-ab88-831c73e8f8df.jpg |3        |2024-04-12 21:35:11.0 |
|------|--------------|--------------------------|-------|-----------------------------------------|---------|----------------------|

2024-04-13 18:07:40.124 [http-nio-80-exec-1] INFO  jdbc.sqlonly - UPDATE 	MEMORIAL 
		SET		READ_CNT = READ_CNT+1
		WHERE 	BD_ID = 5

2024-04-13 18:07:40.130 [http-nio-80-exec-1] INFO  jdbc.sqlonly - SELECT 	* 
		FROM 	MEMORIAL
		WHERE 	BD_ID = 5

2024-04-13 18:07:40.132 [http-nio-80-exec-1] INFO  jdbc.resultsettable - 
|------|--------------|--------------------------|-------|-----------------------------------------|---------|----------------------|
|bd_id |title         |content                   |bd_img |bd_uuid                                  |read_cnt |create_dt             |
|------|--------------|--------------------------|-------|-----------------------------------------|---------|----------------------|
|5     |영성기념관을 소개합니다. |<p>기념관을 소개하는 글이랍니다.</p>
 |01.jpg |845bcc5f-9bcf-4a0d-ab88-831c73e8f8df.jpg |4        |2024-04-12 21:35:11.0 |
|------|--------------|--------------------------|-------|-----------------------------------------|---------|----------------------|

2024-04-13 18:07:42.233 [http-nio-80-exec-6] INFO  jdbc.sqlonly - SELECT	*
		FROM 	MEMORIAL

2024-04-13 18:07:42.239 [http-nio-80-exec-6] INFO  jdbc.resultsettable - 
|------|--------------|--------------------------|-------|-----------------------------------------|---------|----------------------|
|bd_id |title         |content                   |bd_img |bd_uuid                                  |read_cnt |create_dt             |
|------|--------------|--------------------------|-------|-----------------------------------------|---------|----------------------|
|5     |영성기념관을 소개합니다. |<p>기념관을 소개하는 글이랍니다.</p>
 |01.jpg |845bcc5f-9bcf-4a0d-ab88-831c73e8f8df.jpg |4        |2024-04-12 21:35:11.0 |
|------|--------------|--------------------------|-------|-----------------------------------------|---------|----------------------|

2024-04-13 18:07:45.145 [http-nio-80-exec-7] INFO  jdbc.sqlonly - UPDATE 	MEMORIAL 
		SET		READ_CNT = READ_CNT+1
		WHERE 	BD_ID = 5

2024-04-13 18:07:45.150 [http-nio-80-exec-7] INFO  jdbc.sqlonly - SELECT 	* 
		FROM 	MEMORIAL
		WHERE 	BD_ID = 5

2024-04-13 18:07:45.155 [http-nio-80-exec-7] INFO  jdbc.resultsettable - 
|------|--------------|--------------------------|-------|-----------------------------------------|---------|----------------------|
|bd_id |title         |content                   |bd_img |bd_uuid                                  |read_cnt |create_dt             |
|------|--------------|--------------------------|-------|-----------------------------------------|---------|----------------------|
|5     |영성기념관을 소개합니다. |<p>기념관을 소개하는 글이랍니다.</p>
 |01.jpg |845bcc5f-9bcf-4a0d-ab88-831c73e8f8df.jpg |5        |2024-04-12 21:35:11.0 |
|------|--------------|--------------------------|-------|-----------------------------------------|---------|----------------------|

2024-04-13 18:07:45.156 [http-nio-80-exec-7] INFO  jdbc.sqlonly - UPDATE 	MEMORIAL 
		SET		READ_CNT = READ_CNT+1
		WHERE 	BD_ID = 5

2024-04-13 18:07:45.161 [http-nio-80-exec-7] INFO  jdbc.sqlonly - SELECT 	* 
		FROM 	MEMORIAL
		WHERE 	BD_ID = 5

2024-04-13 18:07:45.164 [http-nio-80-exec-7] INFO  jdbc.resultsettable - 
|------|--------------|--------------------------|-------|-----------------------------------------|---------|----------------------|
|bd_id |title         |content                   |bd_img |bd_uuid                                  |read_cnt |create_dt             |
|------|--------------|--------------------------|-------|-----------------------------------------|---------|----------------------|
|5     |영성기념관을 소개합니다. |<p>기념관을 소개하는 글이랍니다.</p>
 |01.jpg |845bcc5f-9bcf-4a0d-ab88-831c73e8f8df.jpg |6        |2024-04-12 21:35:11.0 |
|------|--------------|--------------------------|-------|-----------------------------------------|---------|----------------------|

2024-04-13 18:07:47.480 [http-nio-80-exec-1] INFO  jdbc.sqlonly - SELECT	*
		FROM 	MEMORIAL

2024-04-13 18:07:47.485 [http-nio-80-exec-1] INFO  jdbc.resultsettable - 
|------|--------------|--------------------------|-------|-----------------------------------------|---------|----------------------|
|bd_id |title         |content                   |bd_img |bd_uuid                                  |read_cnt |create_dt             |
|------|--------------|--------------------------|-------|-----------------------------------------|---------|----------------------|
|5     |영성기념관을 소개합니다. |<p>기념관을 소개하는 글이랍니다.</p>
 |01.jpg |845bcc5f-9bcf-4a0d-ab88-831c73e8f8df.jpg |6        |2024-04-12 21:35:11.0 |
|------|--------------|--------------------------|-------|-----------------------------------------|---------|----------------------|

2024-04-13 18:07:50.094 [http-nio-80-exec-9] INFO  jdbc.sqlonly - UPDATE 	MEMORIAL 
		SET		READ_CNT = READ_CNT+1
		WHERE 	BD_ID = 5

2024-04-13 18:07:50.102 [http-nio-80-exec-9] INFO  jdbc.sqlonly - SELECT 	* 
		FROM 	MEMORIAL
		WHERE 	BD_ID = 5

2024-04-13 18:07:50.104 [http-nio-80-exec-9] INFO  jdbc.resultsettable - 
|------|--------------|--------------------------|-------|-----------------------------------------|---------|----------------------|
|bd_id |title         |content                   |bd_img |bd_uuid                                  |read_cnt |create_dt             |
|------|--------------|--------------------------|-------|-----------------------------------------|---------|----------------------|
|5     |영성기념관을 소개합니다. |<p>기념관을 소개하는 글이랍니다.</p>
 |01.jpg |845bcc5f-9bcf-4a0d-ab88-831c73e8f8df.jpg |7        |2024-04-12 21:35:11.0 |
|------|--------------|--------------------------|-------|-----------------------------------------|---------|----------------------|

2024-04-13 18:07:50.105 [http-nio-80-exec-9] INFO  jdbc.sqlonly - UPDATE 	MEMORIAL 
		SET		READ_CNT = READ_CNT+1
		WHERE 	BD_ID = 5

2024-04-13 18:07:50.110 [http-nio-80-exec-9] INFO  jdbc.sqlonly - SELECT 	* 
		FROM 	MEMORIAL
		WHERE 	BD_ID = 5

2024-04-13 18:07:50.120 [http-nio-80-exec-9] INFO  jdbc.resultsettable - 
|------|--------------|--------------------------|-------|-----------------------------------------|---------|----------------------|
|bd_id |title         |content                   |bd_img |bd_uuid                                  |read_cnt |create_dt             |
|------|--------------|--------------------------|-------|-----------------------------------------|---------|----------------------|
|5     |영성기념관을 소개합니다. |<p>기념관을 소개하는 글이랍니다.</p>
 |01.jpg |845bcc5f-9bcf-4a0d-ab88-831c73e8f8df.jpg |8        |2024-04-12 21:35:11.0 |
|------|--------------|--------------------------|-------|-----------------------------------------|---------|----------------------|

2024-04-13 18:09:07.278 [http-nio-80-exec-1] INFO  jdbc.sqlonly - SELECT	*
		FROM 	MEMORIAL

2024-04-13 18:09:07.285 [http-nio-80-exec-1] INFO  jdbc.resultsettable - 
|------|--------------|--------------------------|-------|-----------------------------------------|---------|----------------------|
|bd_id |title         |content                   |bd_img |bd_uuid                                  |read_cnt |create_dt             |
|------|--------------|--------------------------|-------|-----------------------------------------|---------|----------------------|
|5     |영성기념관을 소개합니다. |<p>기념관을 소개하는 글이랍니다.</p>
 |01.jpg |845bcc5f-9bcf-4a0d-ab88-831c73e8f8df.jpg |8        |2024-04-12 21:35:11.0 |
|------|--------------|--------------------------|-------|-----------------------------------------|---------|----------------------|

2024-04-13 18:09:14.479 [http-nio-80-exec-6] INFO  jdbc.sqlonly - UPDATE 	MEMORIAL 
		SET		READ_CNT = READ_CNT+1
		WHERE 	BD_ID = 5

2024-04-13 18:09:14.484 [http-nio-80-exec-6] INFO  jdbc.sqlonly - SELECT 	* 
		FROM 	MEMORIAL
		WHERE 	BD_ID = 5

2024-04-13 18:09:14.486 [http-nio-80-exec-6] INFO  jdbc.resultsettable - 
|------|--------------|--------------------------|-------|-----------------------------------------|---------|----------------------|
|bd_id |title         |content                   |bd_img |bd_uuid                                  |read_cnt |create_dt             |
|------|--------------|--------------------------|-------|-----------------------------------------|---------|----------------------|
|5     |영성기념관을 소개합니다. |<p>기념관을 소개하는 글이랍니다.</p>
 |01.jpg |845bcc5f-9bcf-4a0d-ab88-831c73e8f8df.jpg |9        |2024-04-12 21:35:11.0 |
|------|--------------|--------------------------|-------|-----------------------------------------|---------|----------------------|

2024-04-13 18:09:14.487 [http-nio-80-exec-6] INFO  jdbc.sqlonly - UPDATE 	MEMORIAL 
		SET		READ_CNT = READ_CNT+1
		WHERE 	BD_ID = 5

2024-04-13 18:09:14.494 [http-nio-80-exec-6] INFO  jdbc.sqlonly - SELECT 	* 
		FROM 	MEMORIAL
		WHERE 	BD_ID = 5

2024-04-13 18:09:14.496 [http-nio-80-exec-6] INFO  jdbc.resultsettable - 
|------|--------------|--------------------------|-------|-----------------------------------------|---------|----------------------|
|bd_id |title         |content                   |bd_img |bd_uuid                                  |read_cnt |create_dt             |
|------|--------------|--------------------------|-------|-----------------------------------------|---------|----------------------|
|5     |영성기념관을 소개합니다. |<p>기념관을 소개하는 글이랍니다.</p>
 |01.jpg |845bcc5f-9bcf-4a0d-ab88-831c73e8f8df.jpg |10       |2024-04-12 21:35:11.0 |
|------|--------------|--------------------------|-------|-----------------------------------------|---------|----------------------|

2024-04-13 18:09:44.222 [http-nio-80-exec-2] INFO  jdbc.sqlonly - SELECT
				B.BD_ID			AS BD_ID,
				B.TITLE			AS TITLE,
				B.READ_CNT		AS READ_CNT,
				B.CREATE_DT		AS CREATE_DT,	
				M.MEMBER_NICK 	AS MEMBER_NICK,
				M.MEMBER_ID 	AS MEMBER_ID
		FROM	BOARD B
		JOIN	MEMBER M
		ON B.MEMBER_ID = M.MEMBER_ID

2024-04-13 18:09:44.235 [http-nio-80-exec-2] INFO  jdbc.resultsettable - 
|------|---------------|---------|----------------------|------------|----------|
|bd_id |title          |read_cnt |create_dt             |member_nick |member_id |
|------|---------------|---------|----------------------|------------|----------|
|3     |1번째 회원이 만든 게시글 |602      |2024-04-05 16:14:13.0 |별명1         |q1        |
|4     |4번째 회원님의 글입니다. |10       |2024-04-05 16:30:58.0 |444         |q4        |
|5     |4번째 다시 쓰는 글    |5        |2024-04-05 16:33:12.0 |444         |q4        |
|6     |1111           |80       |2024-04-05 17:31:43.0 |별명1         |q1        |
|8     |왜이렇게 안되니?      |4        |2024-04-09 17:02:19.0 |별명1         |q1        |
|9     |선거날인데          |4        |2024-04-10 11:28:44.0 |닉6          |q6        |
|10    |영성기념관 소개       |0        |2024-04-12 10:39:07.0 |운영자         |admin     |
|11    |영성기념관을 소개합니다.  |0        |2024-04-12 10:41:24.0 |운영자         |admin     |
|12    |영성기념관입니다.      |0        |2024-04-12 11:23:14.0 |운영자         |admin     |
|13    |일반게시판          |100      |2024-04-12 13:37:05.0 |운영자         |admin     |
|------|---------------|---------|----------------------|------------|----------|

