2024-04-06 12:11:00.483 [http-nio-80-exec-8] INFO  jdbc.sqlonly - SELECT	PASSWD,	ACTIVE_YN	
		FROM	MEMBER	
		WHERE	MEMBER_ID = 'q1'

2024-04-06 12:11:00.493 [http-nio-80-exec-8] INFO  jdbc.resultsettable - 
|-------------------------------------------------------------|----------|
|passwd                                                       |active_yn |
|-------------------------------------------------------------|----------|
|$2a$10$WqjPBv.6wBeu.p5yBMJ9aO21AqcySeyD8FL8WzXgxyN65aQn2pAqK |Y         |
|-------------------------------------------------------------|----------|

2024-04-06 12:11:20.003 [http-nio-80-exec-7] INFO  jdbc.sqlonly - SELECT
				B.BD_ID			AS BD_ID,
				B.TITLE			AS TITLE,
				B.READ_CNT		AS READ_CNT,
				B.CREATE_DT		AS CREATE_DT,	
				M.MEMBER_NICK 	AS MEMBER_NICK,
				M.MEMBER_ID 	AS MEMBER_ID
		FROM	BOARD B
		JOIN	MEMBER M
		ON B.MEMBER_ID = M.MEMBER_ID

2024-04-06 12:11:20.032 [http-nio-80-exec-7] INFO  jdbc.resultsettable - 
|------|---------------|---------|----------------------|------------|----------|
|bd_id |title          |read_cnt |create_dt             |member_nick |member_id |
|------|---------------|---------|----------------------|------------|----------|
|3     |1111           |52       |2024-04-05 16:14:13.0 |별명1         |q1        |
|4     |4번째 회원님의 글입니다. |3        |2024-04-05 16:30:58.0 |444         |q4        |
|5     |4번째 다시 쓰는 글    |3        |2024-04-05 16:33:12.0 |444         |q4        |
|6     |1111           |24       |2024-04-05 17:31:43.0 |별명1         |q1        |
|------|---------------|---------|----------------------|------------|----------|

2024-04-06 12:11:22.448 [http-nio-80-exec-8] INFO  jdbc.sqlonly - SELECT 	* FROM MEMBER WHERE MEMBER_ID = 'q1'

2024-04-06 12:11:22.458 [http-nio-80-exec-8] INFO  jdbc.resultsettable - 
|----------|-------------------------------------------------------------|----------|------------|-------------------------------------|-------------|----|---|------|--------|-------------|--------------|---------------|----|----------|----------------------|------------|---------|
|member_id |passwd                                                       |member_nm |member_nick |profile_img                          |profile_uuid |sex |hp |email |zipcode |road_address |jibun_address |namuji_address |etc |active_yn |join_dt               |inactive_dt |login_dt |
|----------|-------------------------------------------------------------|----------|------------|-------------------------------------|-------------|----|---|------|--------|-------------|--------------|---------------|----|----------|----------------------|------------|---------|
|q1        |$2a$10$WqjPBv.6wBeu.p5yBMJ9aO21AqcySeyD8FL8WzXgxyN65aQn2pAqK |이름1       |별명1         |c:/spring_member_profile/default.jpg |null         |m   |   |      |        |             |              |               |    |Y         |2024-04-05 16:29:33.0 |null        |null     |
|----------|-------------------------------------------------------------|----------|------------|-------------------------------------|-------------|----|---|------|--------|-------------|--------------|---------------|----|----------|----------------------|------------|---------|

2024-04-06 12:11:22.460 [http-nio-80-exec-8] INFO  jdbc.sqlonly - UPDATE	BOARD
		SET		READ_CNT = READ_CNT + 1
		WHERE	BD_ID = 3

2024-04-06 12:11:22.473 [http-nio-80-exec-8] INFO  jdbc.sqlonly - SELECT
				B.BD_ID			AS BD_ID,
				B.TITLE			AS TITLE,
				B.CONTENT		AS CONTENT,
				B.READ_CNT		AS READ_CNT,
				B.CREATE_DT		AS CREATE_DT,	
				M.MEMBER_NICK 	AS MEMBER_NICK,
				M.MEMBER_ID 	AS MEMBER_ID
		FROM	BOARD B
		JOIN	MEMBER M
		ON 		B.MEMBER_ID = M.MEMBER_ID
		WHERE 	BD_ID = 3

2024-04-06 12:11:22.476 [http-nio-80-exec-8] INFO  jdbc.resultsettable - 
|------|------|--------|---------|----------------------|------------|----------|
|bd_id |title |content |read_cnt |create_dt             |member_nick |member_id |
|------|------|--------|---------|----------------------|------------|----------|
|3     |1111  |1111    |53       |2024-04-05 16:14:13.0 |별명1         |q1        |
|------|------|--------|---------|----------------------|------------|----------|

2024-04-06 12:11:22.477 [http-nio-80-exec-8] INFO  jdbc.sqlonly - UPDATE	BOARD
		SET		READ_CNT = READ_CNT + 1
		WHERE	BD_ID = 3

2024-04-06 12:11:22.482 [http-nio-80-exec-8] INFO  jdbc.sqlonly - SELECT
				B.BD_ID			AS BD_ID,
				B.TITLE			AS TITLE,
				B.CONTENT		AS CONTENT,
				B.READ_CNT		AS READ_CNT,
				B.CREATE_DT		AS CREATE_DT,	
				M.MEMBER_NICK 	AS MEMBER_NICK,
				M.MEMBER_ID 	AS MEMBER_ID
		FROM	BOARD B
		JOIN	MEMBER M
		ON 		B.MEMBER_ID = M.MEMBER_ID
		WHERE 	BD_ID = 3

2024-04-06 12:11:22.489 [http-nio-80-exec-8] INFO  jdbc.resultsettable - 
|------|------|--------|---------|----------------------|------------|----------|
|bd_id |title |content |read_cnt |create_dt             |member_nick |member_id |
|------|------|--------|---------|----------------------|------------|----------|
|3     |1111  |1111    |54       |2024-04-05 16:14:13.0 |별명1         |q1        |
|------|------|--------|---------|----------------------|------------|----------|

2024-04-06 12:11:22.490 [http-nio-80-exec-8] INFO  jdbc.sqlonly - UPDATE	BOARD
		SET		READ_CNT = READ_CNT + 1
		WHERE	BD_ID = 3

2024-04-06 12:11:22.500 [http-nio-80-exec-8] INFO  jdbc.sqlonly - SELECT
				B.BD_ID			AS BD_ID,
				B.TITLE			AS TITLE,
				B.CONTENT		AS CONTENT,
				B.READ_CNT		AS READ_CNT,
				B.CREATE_DT		AS CREATE_DT,	
				M.MEMBER_NICK 	AS MEMBER_NICK,
				M.MEMBER_ID 	AS MEMBER_ID
		FROM	BOARD B
		JOIN	MEMBER M
		ON 		B.MEMBER_ID = M.MEMBER_ID
		WHERE 	BD_ID = 3

2024-04-06 12:11:22.502 [http-nio-80-exec-8] INFO  jdbc.resultsettable - 
|------|------|--------|---------|----------------------|------------|----------|
|bd_id |title |content |read_cnt |create_dt             |member_nick |member_id |
|------|------|--------|---------|----------------------|------------|----------|
|3     |1111  |1111    |55       |2024-04-05 16:14:13.0 |별명1         |q1        |
|------|------|--------|---------|----------------------|------------|----------|

