2024-04-04 14:50:09.209 [http-nio-80-exec-1] INFO  jdbc.sqlonly - SELECT	*
		FROM	BOARD

2024-04-04 14:50:09.366 [http-nio-80-exec-1] INFO  jdbc.resultsettable - 
|------|----------|---------|------------------|----------------------|
|bd_id |member_id |title    |content           |create_dt             |
|------|----------|---------|------------------|----------------------|
|1     |null      |게시판을 만들자 |너무너무 어렵다. 아니다 쉽다. |2024-04-02 21:04:16.0 |
|2     |null      |게시판을 만들자 |너무너무 어렵다. 아니다 쉽다. |2024-04-02 21:09:28.0 |
|3     |null      |1        |1                 |2024-04-02 21:09:51.0 |
|4     |null      |1        |1                 |2024-04-02 21:10:28.0 |
|5     |null      |1        |1                 |2024-04-02 21:19:30.0 |
|6     |null      |1        |1                 |2024-04-02 21:20:19.0 |
|7     |null      |1        |1                 |2024-04-02 21:25:06.0 |
|8     |null      |1        |1                 |2024-04-02 21:40:50.0 |
|9     |null      |이번       |갑시다...ㅠㅠ          |2024-04-02 21:41:22.0 |
|10    |null      |별명1      |갑시다...ㅠㅠ          |2024-04-02 21:41:56.0 |
|------|----------|---------|------------------|----------------------|

2024-04-04 14:52:50.818 [http-nio-80-exec-4] INFO  jdbc.sqlonly - SELECT	*
		FROM	BOARD

2024-04-04 14:52:50.832 [http-nio-80-exec-4] INFO  jdbc.resultsettable - 
|------|----------|---------|------------------|----------------------|
|bd_id |member_id |title    |content           |create_dt             |
|------|----------|---------|------------------|----------------------|
|1     |null      |게시판을 만들자 |너무너무 어렵다. 아니다 쉽다. |2024-04-02 21:04:16.0 |
|2     |null      |게시판을 만들자 |너무너무 어렵다. 아니다 쉽다. |2024-04-02 21:09:28.0 |
|3     |null      |1        |1                 |2024-04-02 21:09:51.0 |
|4     |null      |1        |1                 |2024-04-02 21:10:28.0 |
|5     |null      |1        |1                 |2024-04-02 21:19:30.0 |
|6     |null      |1        |1                 |2024-04-02 21:20:19.0 |
|7     |null      |1        |1                 |2024-04-02 21:25:06.0 |
|8     |null      |1        |1                 |2024-04-02 21:40:50.0 |
|9     |null      |이번       |갑시다...ㅠㅠ          |2024-04-02 21:41:22.0 |
|10    |null      |별명1      |갑시다...ㅠㅠ          |2024-04-02 21:41:56.0 |
|------|----------|---------|------------------|----------------------|

2024-04-04 14:52:54.540 [http-nio-80-exec-5] INFO  jdbc.sqlonly - SELECT	*
		FROM	BOARD

2024-04-04 14:52:54.546 [http-nio-80-exec-5] INFO  jdbc.resultsettable - 
|------|----------|---------|------------------|----------------------|
|bd_id |member_id |title    |content           |create_dt             |
|------|----------|---------|------------------|----------------------|
|1     |null      |게시판을 만들자 |너무너무 어렵다. 아니다 쉽다. |2024-04-02 21:04:16.0 |
|2     |null      |게시판을 만들자 |너무너무 어렵다. 아니다 쉽다. |2024-04-02 21:09:28.0 |
|3     |null      |1        |1                 |2024-04-02 21:09:51.0 |
|4     |null      |1        |1                 |2024-04-02 21:10:28.0 |
|5     |null      |1        |1                 |2024-04-02 21:19:30.0 |
|6     |null      |1        |1                 |2024-04-02 21:20:19.0 |
|7     |null      |1        |1                 |2024-04-02 21:25:06.0 |
|8     |null      |1        |1                 |2024-04-02 21:40:50.0 |
|9     |null      |이번       |갑시다...ㅠㅠ          |2024-04-02 21:41:22.0 |
|10    |null      |별명1      |갑시다...ㅠㅠ          |2024-04-02 21:41:56.0 |
|------|----------|---------|------------------|----------------------|

2024-04-04 14:53:29.534 [http-nio-80-exec-6] INFO  jdbc.sqlonly - SELECT	PASSWD,	ACTIVE_YN	
		FROM	MEMBER	
		WHERE	MEMBER_ID = 'qwer1234'

2024-04-04 14:53:29.587 [http-nio-80-exec-6] INFO  jdbc.resultsettable - 
|-------|----------|
|passwd |active_yn |
|-------|----------|
|-------|----------|

2024-04-04 14:53:40.325 [http-nio-80-exec-2] INFO  jdbc.sqlonly - SELECT	PASSWD,	ACTIVE_YN	
		FROM	MEMBER	
		WHERE	MEMBER_ID = 'f1111'

2024-04-04 14:53:40.327 [http-nio-80-exec-2] INFO  jdbc.resultsettable - 
|-------|----------|
|passwd |active_yn |
|-------|----------|
|-------|----------|

2024-04-04 14:53:41.278 [http-nio-80-exec-5] INFO  jdbc.sqlonly - SELECT	PASSWD,	ACTIVE_YN	
		FROM	MEMBER	
		WHERE	MEMBER_ID = 'f1111'

2024-04-04 14:53:41.279 [http-nio-80-exec-5] INFO  jdbc.resultsettable - 
|-------|----------|
|passwd |active_yn |
|-------|----------|
|-------|----------|

2024-04-04 14:53:41.628 [http-nio-80-exec-9] INFO  jdbc.sqlonly - SELECT	PASSWD,	ACTIVE_YN	
		FROM	MEMBER	
		WHERE	MEMBER_ID = 'f1111'

2024-04-04 14:53:41.629 [http-nio-80-exec-9] INFO  jdbc.resultsettable - 
|-------|----------|
|passwd |active_yn |
|-------|----------|
|-------|----------|

2024-04-04 14:53:41.814 [http-nio-80-exec-4] INFO  jdbc.sqlonly - SELECT	PASSWD,	ACTIVE_YN	
		FROM	MEMBER	
		WHERE	MEMBER_ID = 'f1111'

2024-04-04 14:53:41.816 [http-nio-80-exec-4] INFO  jdbc.resultsettable - 
|-------|----------|
|passwd |active_yn |
|-------|----------|
|-------|----------|

2024-04-04 18:15:55.402 [http-nio-80-exec-7] INFO  jdbc.sqlonly - SELECT 	MEMBER_ID 
		FROM 	MEMBER 
		WHERE 	MEMBER_ID = 'f1111'

2024-04-04 18:15:55.434 [http-nio-80-exec-7] INFO  jdbc.resultsettable - 
|----------|
|member_id |
|----------|
|----------|

2024-04-04 18:16:01.235 [http-nio-80-exec-9] INFO  jdbc.sqlonly - INSERT INTO MEMBER (
			MEMBER_ID, PASSWD, JOIN_DT, MEMBER_NM, MEMBER_NICK,
			PROFILE_IMG, PROFILE_UUID,
			SEX, HP, EMAIL,	ZIPCODE,
			ROAD_ADDRESS,JIBUN_ADDRESS,NAMUJI_ADDRESS,
			ETC
		) VALUES (
			'f1111','$2a$10$Y7hrjs0Gpk2iLkXq3CYIUuXqDKwPgqRR0GpZfblJMi.sRzxfUGzUi', NULL, '1', '1',
			NULL, NULL,
			'm', '', '', '',
			'',	'','',
			''
		)

2024-04-04 18:16:04.649 [http-nio-80-exec-5] INFO  jdbc.sqlonly - SELECT
				B.BD_ID			AS BD_ID,
				B.TITLE			AS TITLE,
				B.READ_CNT		AS READ_CNT,
				B.CREATE_DT		AS CREATE_DT,	
				M.MEMBER_NICK 	AS MEMBER_NICK,
				M.MEMBER_ID 	AS MEMBER_ID
		FROM	BOARD B
		JOIN	MEMBER M
		ON B.MEMBER_ID = M.MEMBER_ID

2024-04-04 18:16:04.679 [http-nio-80-exec-5] ERROR jdbc.sqlonly - 1. PreparedStatement.execute() SELECT
				B.BD_ID			AS BD_ID,
				B.TITLE			AS TITLE,
				B.READ_CNT		AS READ_CNT,
				B.CREATE_DT		AS CREATE_DT,	
				M.MEMBER_NICK 	AS MEMBER_NICK,
				M.MEMBER_ID 	AS MEMBER_ID
		FROM	BOARD B
		JOIN	MEMBER M
		ON B.MEMBER_ID = M.MEMBER_ID

java.sql.SQLSyntaxErrorException: Unknown column 'B.READ_CNT' in 'field list'
	at com.mysql.cj.jdbc.exceptions.SQLError.createSQLException(SQLError.java:121)
	at com.mysql.cj.jdbc.exceptions.SQLExceptionsMapping.translateException(SQLExceptionsMapping.java:122)
	at com.mysql.cj.jdbc.ClientPreparedStatement.executeInternal(ClientPreparedStatement.java:912)
	at com.mysql.cj.jdbc.ClientPreparedStatement.execute(ClientPreparedStatement.java:354)
	at net.sf.log4jdbc.sql.jdbcapi.PreparedStatementSpy.execute(PreparedStatementSpy.java:443)
	at com.zaxxer.hikari.pool.ProxyPreparedStatement.execute(ProxyPreparedStatement.java:44)
	at com.zaxxer.hikari.pool.HikariProxyPreparedStatement.execute(HikariProxyPreparedStatement.java)
	at org.apache.ibatis.executor.statement.PreparedStatementHandler.query(PreparedStatementHandler.java:65)
	at org.apache.ibatis.executor.statement.RoutingStatementHandler.query(RoutingStatementHandler.java:80)
	at org.apache.ibatis.executor.SimpleExecutor.doQuery(SimpleExecutor.java:65)
	at org.apache.ibatis.executor.BaseExecutor.queryFromDatabase(BaseExecutor.java:336)
	at org.apache.ibatis.executor.BaseExecutor.query(BaseExecutor.java:158)
	at org.apache.ibatis.executor.CachingExecutor.query(CachingExecutor.java:110)
	at org.apache.ibatis.executor.CachingExecutor.query(CachingExecutor.java:90)
	at org.apache.ibatis.session.defaults.DefaultSqlSession.selectList(DefaultSqlSession.java:154)
	at org.apache.ibatis.session.defaults.DefaultSqlSession.selectList(DefaultSqlSession.java:147)
	at org.apache.ibatis.session.defaults.DefaultSqlSession.selectList(DefaultSqlSession.java:142)
	at java.base/jdk.internal.reflect.NativeMethodAccessorImpl.invoke0(Native Method)
	at java.base/jdk.internal.reflect.NativeMethodAccessorImpl.invoke(NativeMethodAccessorImpl.java:77)
	at java.base/jdk.internal.reflect.DelegatingMethodAccessorImpl.invoke(DelegatingMethodAccessorImpl.java:43)
	at java.base/java.lang.reflect.Method.invoke(Method.java:568)
	at org.mybatis.spring.SqlSessionTemplate$SqlSessionInterceptor.invoke(SqlSessionTemplate.java:425)
	at jdk.proxy2/jdk.proxy2.$Proxy71.selectList(Unknown Source)
	at org.mybatis.spring.SqlSessionTemplate.selectList(SqlSessionTemplate.java:224)
	at org.apache.ibatis.binding.MapperMethod.executeForMany(MapperMethod.java:147)
	at org.apache.ibatis.binding.MapperMethod.execute(MapperMethod.java:80)
	at org.apache.ibatis.binding.MapperProxy$PlainMethodInvoker.invoke(MapperProxy.java:141)
	at org.apache.ibatis.binding.MapperProxy.invoke(MapperProxy.java:86)
	at jdk.proxy3/jdk.proxy3.$Proxy72.getBdList(Unknown Source)
	at com.application.oasisCMS.bd.service.BdServiceImpl.getBdList(BdServiceImpl.java:35)
	at com.application.oasisCMS.bd.controller.BdController.bdList(BdController.java:56)
	at java.base/jdk.internal.reflect.NativeMethodAccessorImpl.invoke0(Native Method)
	at java.base/jdk.internal.reflect.NativeMethodAccessorImpl.invoke(NativeMethodAccessorImpl.java:77)
	at java.base/jdk.internal.reflect.DelegatingMethodAccessorImpl.invoke(DelegatingMethodAccessorImpl.java:43)
	at java.base/java.lang.reflect.Method.invoke(Method.java:568)
	at org.springframework.web.method.support.InvocableHandlerMethod.doInvoke(InvocableHandlerMethod.java:255)
	at org.springframework.web.method.support.InvocableHandlerMethod.invokeForRequest(InvocableHandlerMethod.java:188)
	at org.springframework.web.servlet.mvc.method.annotation.ServletInvocableHandlerMethod.invokeAndHandle(ServletInvocableHandlerMethod.java:118)
	at org.springframework.web.servlet.mvc.method.annotation.RequestMappingHandlerAdapter.invokeHandlerMethod(RequestMappingHandlerAdapter.java:925)
	at org.springframework.web.servlet.mvc.method.annotation.RequestMappingHandlerAdapter.handleInternal(RequestMappingHandlerAdapter.java:830)
	at org.springframework.web.servlet.mvc.method.AbstractHandlerMethodAdapter.handle(AbstractHandlerMethodAdapter.java:87)
	at org.springframework.web.servlet.DispatcherServlet.doDispatch(DispatcherServlet.java:1089)
	at org.springframework.web.servlet.DispatcherServlet.doService(DispatcherServlet.java:979)
	at org.springframework.web.servlet.FrameworkServlet.processRequest(FrameworkServlet.java:1014)
	at org.springframework.web.servlet.FrameworkServlet.doGet(FrameworkServlet.java:903)
	at jakarta.servlet.http.HttpServlet.service(HttpServlet.java:564)
	at org.springframework.web.servlet.FrameworkServlet.service(FrameworkServlet.java:885)
	at jakarta.servlet.http.HttpServlet.service(HttpServlet.java:658)
	at org.apache.catalina.core.ApplicationFilterChain.internalDoFilter(ApplicationFilterChain.java:205)
	at org.apache.catalina.core.ApplicationFilterChain.doFilter(ApplicationFilterChain.java:149)
	at org.apache.tomcat.websocket.server.WsFilter.doFilter(WsFilter.java:51)
	at org.apache.catalina.core.ApplicationFilterChain.internalDoFilter(ApplicationFilterChain.java:174)
	at org.apache.catalina.core.ApplicationFilterChain.doFilter(ApplicationFilterChain.java:149)
	at org.springframework.web.filter.CompositeFilter$VirtualFilterChain.doFilter(CompositeFilter.java:108)
	at org.springframework.security.web.FilterChainProxy.lambda$doFilterInternal$3(FilterChainProxy.java:231)
	at org.springframework.security.web.FilterChainProxy$VirtualFilterChain.doFilter(FilterChainProxy.java:365)
	at org.springframework.security.web.access.ExceptionTranslationFilter.doFilter(ExceptionTranslationFilter.java:126)
	at org.springframework.security.web.access.ExceptionTranslationFilter.doFilter(ExceptionTranslationFilter.java:120)
	at org.springframework.security.web.FilterChainProxy$VirtualFilterChain.doFilter(FilterChainProxy.java:374)
	at org.springframework.security.web.authentication.AnonymousAuthenticationFilter.doFilter(AnonymousAuthenticationFilter.java:100)
	at org.springframework.security.web.FilterChainProxy$VirtualFilterChain.doFilter(FilterChainProxy.java:374)
	at org.springframework.security.web.servletapi.SecurityContextHolderAwareRequestFilter.doFilter(SecurityContextHolderAwareRequestFilter.java:179)
	at org.springframework.security.web.FilterChainProxy$VirtualFilterChain.doFilter(FilterChainProxy.java:374)
	at org.springframework.security.web.savedrequest.RequestCacheAwareFilter.doFilter(RequestCacheAwareFilter.java:63)
	at org.springframework.security.web.FilterChainProxy$VirtualFilterChain.doFilter(FilterChainProxy.java:374)
	at org.springframework.security.web.authentication.logout.LogoutFilter.doFilter(LogoutFilter.java:107)
	at org.springframework.security.web.authentication.logout.LogoutFilter.doFilter(LogoutFilter.java:93)
	at org.springframework.security.web.FilterChainProxy$VirtualFilterChain.doFilter(FilterChainProxy.java:374)
	at org.springframework.security.web.header.HeaderWriterFilter.doHeadersAfter(HeaderWriterFilter.java:90)
	at org.springframework.security.web.header.HeaderWriterFilter.doFilterInternal(HeaderWriterFilter.java:75)
	at org.springframework.web.filter.OncePerRequestFilter.doFilter(OncePerRequestFilter.java:116)
	at org.springframework.security.web.FilterChainProxy$VirtualFilterChain.doFilter(FilterChainProxy.java:374)
	at org.springframework.security.web.context.SecurityContextHolderFilter.doFilter(SecurityContextHolderFilter.java:82)
	at org.springframework.security.web.context.SecurityContextHolderFilter.doFilter(SecurityContextHolderFilter.java:69)
	at org.springframework.security.web.FilterChainProxy$VirtualFilterChain.doFilter(FilterChainProxy.java:374)
	at org.springframework.security.web.context.request.async.WebAsyncManagerIntegrationFilter.doFilterInternal(WebAsyncManagerIntegrationFilter.java:62)
	at org.springframework.web.filter.OncePerRequestFilter.doFilter(OncePerRequestFilter.java:116)
	at org.springframework.security.web.FilterChainProxy$VirtualFilterChain.doFilter(FilterChainProxy.java:374)
	at org.springframework.security.web.session.DisableEncodeUrlFilter.doFilterInternal(DisableEncodeUrlFilter.java:42)
	at org.springframework.web.filter.OncePerRequestFilter.doFilter(OncePerRequestFilter.java:116)
	at org.springframework.security.web.FilterChainProxy$VirtualFilterChain.doFilter(FilterChainProxy.java:374)
	at org.springframework.security.web.FilterChainProxy.doFilterInternal(FilterChainProxy.java:233)
	at org.springframework.security.web.FilterChainProxy.doFilter(FilterChainProxy.java:191)
	at org.springframework.web.filter.CompositeFilter$VirtualFilterChain.doFilter(CompositeFilter.java:113)
	at org.springframework.web.servlet.handler.HandlerMappingIntrospector.lambda$createCacheFilter$3(HandlerMappingIntrospector.java:195)
	at org.springframework.web.filter.CompositeFilter$VirtualFilterChain.doFilter(CompositeFilter.java:113)
	at org.springframework.web.filter.CompositeFilter.doFilter(CompositeFilter.java:74)
	at org.springframework.security.config.annotation.web.configuration.WebMvcSecurityConfiguration$CompositeFilterChainProxy.doFilter(WebMvcSecurityConfiguration.java:230)
	at org.springframework.web.filter.DelegatingFilterProxy.invokeDelegate(DelegatingFilterProxy.java:352)
	at org.springframework.web.filter.DelegatingFilterProxy.doFilter(DelegatingFilterProxy.java:268)
	at org.apache.catalina.core.ApplicationFilterChain.internalDoFilter(ApplicationFilterChain.java:174)
	at org.apache.catalina.core.ApplicationFilterChain.doFilter(ApplicationFilterChain.java:149)
	at org.springframework.web.filter.RequestContextFilter.doFilterInternal(RequestContextFilter.java:100)
	at org.springframework.web.filter.OncePerRequestFilter.doFilter(OncePerRequestFilter.java:116)
	at org.apache.catalina.core.ApplicationFilterChain.internalDoFilter(ApplicationFilterChain.java:174)
	at org.apache.catalina.core.ApplicationFilterChain.doFilter(ApplicationFilterChain.java:149)
	at org.springframework.web.filter.FormContentFilter.doFilterInternal(FormContentFilter.java:93)
	at org.springframework.web.filter.OncePerRequestFilter.doFilter(OncePerRequestFilter.java:116)
	at org.apache.catalina.core.ApplicationFilterChain.internalDoFilter(ApplicationFilterChain.java:174)
	at org.apache.catalina.core.ApplicationFilterChain.doFilter(ApplicationFilterChain.java:149)
	at org.springframework.web.filter.CharacterEncodingFilter.doFilterInternal(CharacterEncodingFilter.java:201)
	at org.springframework.web.filter.OncePerRequestFilter.doFilter(OncePerRequestFilter.java:116)
	at org.apache.catalina.core.ApplicationFilterChain.internalDoFilter(ApplicationFilterChain.java:174)
	at org.apache.catalina.core.ApplicationFilterChain.doFilter(ApplicationFilterChain.java:149)
	at org.apache.catalina.core.StandardWrapperValve.invoke(StandardWrapperValve.java:167)
	at org.apache.catalina.core.StandardContextValve.invoke(StandardContextValve.java:90)
	at org.apache.catalina.authenticator.AuthenticatorBase.invoke(AuthenticatorBase.java:482)
	at org.apache.catalina.core.StandardHostValve.invoke(StandardHostValve.java:115)
	at org.apache.catalina.valves.ErrorReportValve.invoke(ErrorReportValve.java:93)
	at org.apache.catalina.core.StandardEngineValve.invoke(StandardEngineValve.java:74)
	at org.apache.catalina.connector.CoyoteAdapter.service(CoyoteAdapter.java:344)
	at org.apache.coyote.http11.Http11Processor.service(Http11Processor.java:391)
	at org.apache.coyote.AbstractProcessorLight.process(AbstractProcessorLight.java:63)
	at org.apache.coyote.AbstractProtocol$ConnectionHandler.process(AbstractProtocol.java:896)
	at org.apache.tomcat.util.net.NioEndpoint$SocketProcessor.doRun(NioEndpoint.java:1744)
	at org.apache.tomcat.util.net.SocketProcessorBase.run(SocketProcessorBase.java:52)
	at org.apache.tomcat.util.threads.ThreadPoolExecutor.runWorker(ThreadPoolExecutor.java:1191)
	at org.apache.tomcat.util.threads.ThreadPoolExecutor$Worker.run(ThreadPoolExecutor.java:659)
	at org.apache.tomcat.util.threads.TaskThread$WrappingRunnable.run(TaskThread.java:63)
	at java.base/java.lang.Thread.run(Thread.java:833)
2024-04-04 18:24:27.981 [http-nio-80-exec-1] INFO  jdbc.sqlonly - SELECT
				B.BD_ID			AS BD_ID,
				B.TITLE			AS TITLE,
				B.READ_CNT		AS READ_CNT,
				B.CREATE_DT		AS CREATE_DT,	
				M.MEMBER_NICK 	AS MEMBER_NICK,
				M.MEMBER_ID 	AS MEMBER_ID
		FROM	BOARD B
		JOIN	MEMBER M
		ON B.MEMBER_ID = M.MEMBER_ID

2024-04-04 18:24:28.000 [http-nio-80-exec-1] ERROR jdbc.sqlonly - 1. PreparedStatement.execute() SELECT
				B.BD_ID			AS BD_ID,
				B.TITLE			AS TITLE,
				B.READ_CNT		AS READ_CNT,
				B.CREATE_DT		AS CREATE_DT,	
				M.MEMBER_NICK 	AS MEMBER_NICK,
				M.MEMBER_ID 	AS MEMBER_ID
		FROM	BOARD B
		JOIN	MEMBER M
		ON B.MEMBER_ID = M.MEMBER_ID

java.sql.SQLSyntaxErrorException: Unknown column 'B.READ_CNT' in 'field list'
	at com.mysql.cj.jdbc.exceptions.SQLError.createSQLException(SQLError.java:121)
	at com.mysql.cj.jdbc.exceptions.SQLExceptionsMapping.translateException(SQLExceptionsMapping.java:122)
	at com.mysql.cj.jdbc.ClientPreparedStatement.executeInternal(ClientPreparedStatement.java:912)
	at com.mysql.cj.jdbc.ClientPreparedStatement.execute(ClientPreparedStatement.java:354)
	at net.sf.log4jdbc.sql.jdbcapi.PreparedStatementSpy.execute(PreparedStatementSpy.java:443)
	at com.zaxxer.hikari.pool.ProxyPreparedStatement.execute(ProxyPreparedStatement.java:44)
	at com.zaxxer.hikari.pool.HikariProxyPreparedStatement.execute(HikariProxyPreparedStatement.java)
	at org.apache.ibatis.executor.statement.PreparedStatementHandler.query(PreparedStatementHandler.java:65)
	at org.apache.ibatis.executor.statement.RoutingStatementHandler.query(RoutingStatementHandler.java:80)
	at org.apache.ibatis.executor.SimpleExecutor.doQuery(SimpleExecutor.java:65)
	at org.apache.ibatis.executor.BaseExecutor.queryFromDatabase(BaseExecutor.java:336)
	at org.apache.ibatis.executor.BaseExecutor.query(BaseExecutor.java:158)
	at org.apache.ibatis.executor.CachingExecutor.query(CachingExecutor.java:110)
	at org.apache.ibatis.executor.CachingExecutor.query(CachingExecutor.java:90)
	at org.apache.ibatis.session.defaults.DefaultSqlSession.selectList(DefaultSqlSession.java:154)
	at org.apache.ibatis.session.defaults.DefaultSqlSession.selectList(DefaultSqlSession.java:147)
	at org.apache.ibatis.session.defaults.DefaultSqlSession.selectList(DefaultSqlSession.java:142)
	at java.base/jdk.internal.reflect.NativeMethodAccessorImpl.invoke0(Native Method)
	at java.base/jdk.internal.reflect.NativeMethodAccessorImpl.invoke(NativeMethodAccessorImpl.java:77)
	at java.base/jdk.internal.reflect.DelegatingMethodAccessorImpl.invoke(DelegatingMethodAccessorImpl.java:43)
	at java.base/java.lang.reflect.Method.invoke(Method.java:568)
	at org.mybatis.spring.SqlSessionTemplate$SqlSessionInterceptor.invoke(SqlSessionTemplate.java:425)
	at jdk.proxy2/jdk.proxy2.$Proxy71.selectList(Unknown Source)
	at org.mybatis.spring.SqlSessionTemplate.selectList(SqlSessionTemplate.java:224)
	at org.apache.ibatis.binding.MapperMethod.executeForMany(MapperMethod.java:147)
	at org.apache.ibatis.binding.MapperMethod.execute(MapperMethod.java:80)
	at org.apache.ibatis.binding.MapperProxy$PlainMethodInvoker.invoke(MapperProxy.java:141)
	at org.apache.ibatis.binding.MapperProxy.invoke(MapperProxy.java:86)
	at jdk.proxy3/jdk.proxy3.$Proxy72.getBdList(Unknown Source)
	at com.application.oasisCMS.bd.service.BdServiceImpl.getBdList(BdServiceImpl.java:35)
	at com.application.oasisCMS.bd.controller.BdController.bdList(BdController.java:56)
	at java.base/jdk.internal.reflect.NativeMethodAccessorImpl.invoke0(Native Method)
	at java.base/jdk.internal.reflect.NativeMethodAccessorImpl.invoke(NativeMethodAccessorImpl.java:77)
	at java.base/jdk.internal.reflect.DelegatingMethodAccessorImpl.invoke(DelegatingMethodAccessorImpl.java:43)
	at java.base/java.lang.reflect.Method.invoke(Method.java:568)
	at org.springframework.web.method.support.InvocableHandlerMethod.doInvoke(InvocableHandlerMethod.java:255)
	at org.springframework.web.method.support.InvocableHandlerMethod.invokeForRequest(InvocableHandlerMethod.java:188)
	at org.springframework.web.servlet.mvc.method.annotation.ServletInvocableHandlerMethod.invokeAndHandle(ServletInvocableHandlerMethod.java:118)
	at org.springframework.web.servlet.mvc.method.annotation.RequestMappingHandlerAdapter.invokeHandlerMethod(RequestMappingHandlerAdapter.java:925)
	at org.springframework.web.servlet.mvc.method.annotation.RequestMappingHandlerAdapter.handleInternal(RequestMappingHandlerAdapter.java:830)
	at org.springframework.web.servlet.mvc.method.AbstractHandlerMethodAdapter.handle(AbstractHandlerMethodAdapter.java:87)
	at org.springframework.web.servlet.DispatcherServlet.doDispatch(DispatcherServlet.java:1089)
	at org.springframework.web.servlet.DispatcherServlet.doService(DispatcherServlet.java:979)
	at org.springframework.web.servlet.FrameworkServlet.processRequest(FrameworkServlet.java:1014)
	at org.springframework.web.servlet.FrameworkServlet.doGet(FrameworkServlet.java:903)
	at jakarta.servlet.http.HttpServlet.service(HttpServlet.java:564)
	at org.springframework.web.servlet.FrameworkServlet.service(FrameworkServlet.java:885)
	at jakarta.servlet.http.HttpServlet.service(HttpServlet.java:658)
	at org.apache.catalina.core.ApplicationFilterChain.internalDoFilter(ApplicationFilterChain.java:205)
	at org.apache.catalina.core.ApplicationFilterChain.doFilter(ApplicationFilterChain.java:149)
	at org.apache.tomcat.websocket.server.WsFilter.doFilter(WsFilter.java:51)
	at org.apache.catalina.core.ApplicationFilterChain.internalDoFilter(ApplicationFilterChain.java:174)
	at org.apache.catalina.core.ApplicationFilterChain.doFilter(ApplicationFilterChain.java:149)
	at org.springframework.web.filter.CompositeFilter$VirtualFilterChain.doFilter(CompositeFilter.java:108)
	at org.springframework.security.web.FilterChainProxy.lambda$doFilterInternal$3(FilterChainProxy.java:231)
	at org.springframework.security.web.FilterChainProxy$VirtualFilterChain.doFilter(FilterChainProxy.java:365)
	at org.springframework.security.web.access.ExceptionTranslationFilter.doFilter(ExceptionTranslationFilter.java:126)
	at org.springframework.security.web.access.ExceptionTranslationFilter.doFilter(ExceptionTranslationFilter.java:120)
	at org.springframework.security.web.FilterChainProxy$VirtualFilterChain.doFilter(FilterChainProxy.java:374)
	at org.springframework.security.web.authentication.AnonymousAuthenticationFilter.doFilter(AnonymousAuthenticationFilter.java:100)
	at org.springframework.security.web.FilterChainProxy$VirtualFilterChain.doFilter(FilterChainProxy.java:374)
	at org.springframework.security.web.servletapi.SecurityContextHolderAwareRequestFilter.doFilter(SecurityContextHolderAwareRequestFilter.java:179)
	at org.springframework.security.web.FilterChainProxy$VirtualFilterChain.doFilter(FilterChainProxy.java:374)
	at org.springframework.security.web.savedrequest.RequestCacheAwareFilter.doFilter(RequestCacheAwareFilter.java:63)
	at org.springframework.security.web.FilterChainProxy$VirtualFilterChain.doFilter(FilterChainProxy.java:374)
	at org.springframework.security.web.authentication.logout.LogoutFilter.doFilter(LogoutFilter.java:107)
	at org.springframework.security.web.authentication.logout.LogoutFilter.doFilter(LogoutFilter.java:93)
	at org.springframework.security.web.FilterChainProxy$VirtualFilterChain.doFilter(FilterChainProxy.java:374)
	at org.springframework.security.web.header.HeaderWriterFilter.doHeadersAfter(HeaderWriterFilter.java:90)
	at org.springframework.security.web.header.HeaderWriterFilter.doFilterInternal(HeaderWriterFilter.java:75)
	at org.springframework.web.filter.OncePerRequestFilter.doFilter(OncePerRequestFilter.java:116)
	at org.springframework.security.web.FilterChainProxy$VirtualFilterChain.doFilter(FilterChainProxy.java:374)
	at org.springframework.security.web.context.SecurityContextHolderFilter.doFilter(SecurityContextHolderFilter.java:82)
	at org.springframework.security.web.context.SecurityContextHolderFilter.doFilter(SecurityContextHolderFilter.java:69)
	at org.springframework.security.web.FilterChainProxy$VirtualFilterChain.doFilter(FilterChainProxy.java:374)
	at org.springframework.security.web.context.request.async.WebAsyncManagerIntegrationFilter.doFilterInternal(WebAsyncManagerIntegrationFilter.java:62)
	at org.springframework.web.filter.OncePerRequestFilter.doFilter(OncePerRequestFilter.java:116)
	at org.springframework.security.web.FilterChainProxy$VirtualFilterChain.doFilter(FilterChainProxy.java:374)
	at org.springframework.security.web.session.DisableEncodeUrlFilter.doFilterInternal(DisableEncodeUrlFilter.java:42)
	at org.springframework.web.filter.OncePerRequestFilter.doFilter(OncePerRequestFilter.java:116)
	at org.springframework.security.web.FilterChainProxy$VirtualFilterChain.doFilter(FilterChainProxy.java:374)
	at org.springframework.security.web.FilterChainProxy.doFilterInternal(FilterChainProxy.java:233)
	at org.springframework.security.web.FilterChainProxy.doFilter(FilterChainProxy.java:191)
	at org.springframework.web.filter.CompositeFilter$VirtualFilterChain.doFilter(CompositeFilter.java:113)
	at org.springframework.web.servlet.handler.HandlerMappingIntrospector.lambda$createCacheFilter$3(HandlerMappingIntrospector.java:195)
	at org.springframework.web.filter.CompositeFilter$VirtualFilterChain.doFilter(CompositeFilter.java:113)
	at org.springframework.web.filter.CompositeFilter.doFilter(CompositeFilter.java:74)
	at org.springframework.security.config.annotation.web.configuration.WebMvcSecurityConfiguration$CompositeFilterChainProxy.doFilter(WebMvcSecurityConfiguration.java:230)
	at org.springframework.web.filter.DelegatingFilterProxy.invokeDelegate(DelegatingFilterProxy.java:352)
	at org.springframework.web.filter.DelegatingFilterProxy.doFilter(DelegatingFilterProxy.java:268)
	at org.apache.catalina.core.ApplicationFilterChain.internalDoFilter(ApplicationFilterChain.java:174)
	at org.apache.catalina.core.ApplicationFilterChain.doFilter(ApplicationFilterChain.java:149)
	at org.springframework.web.filter.RequestContextFilter.doFilterInternal(RequestContextFilter.java:100)
	at org.springframework.web.filter.OncePerRequestFilter.doFilter(OncePerRequestFilter.java:116)
	at org.apache.catalina.core.ApplicationFilterChain.internalDoFilter(ApplicationFilterChain.java:174)
	at org.apache.catalina.core.ApplicationFilterChain.doFilter(ApplicationFilterChain.java:149)
	at org.springframework.web.filter.FormContentFilter.doFilterInternal(FormContentFilter.java:93)
	at org.springframework.web.filter.OncePerRequestFilter.doFilter(OncePerRequestFilter.java:116)
	at org.apache.catalina.core.ApplicationFilterChain.internalDoFilter(ApplicationFilterChain.java:174)
	at org.apache.catalina.core.ApplicationFilterChain.doFilter(ApplicationFilterChain.java:149)
	at org.springframework.web.filter.CharacterEncodingFilter.doFilterInternal(CharacterEncodingFilter.java:201)
	at org.springframework.web.filter.OncePerRequestFilter.doFilter(OncePerRequestFilter.java:116)
	at org.apache.catalina.core.ApplicationFilterChain.internalDoFilter(ApplicationFilterChain.java:174)
	at org.apache.catalina.core.ApplicationFilterChain.doFilter(ApplicationFilterChain.java:149)
	at org.apache.catalina.core.StandardWrapperValve.invoke(StandardWrapperValve.java:167)
	at org.apache.catalina.core.StandardContextValve.invoke(StandardContextValve.java:90)
	at org.apache.catalina.authenticator.AuthenticatorBase.invoke(AuthenticatorBase.java:482)
	at org.apache.catalina.core.StandardHostValve.invoke(StandardHostValve.java:115)
	at org.apache.catalina.valves.ErrorReportValve.invoke(ErrorReportValve.java:93)
	at org.apache.catalina.core.StandardEngineValve.invoke(StandardEngineValve.java:74)
	at org.apache.catalina.connector.CoyoteAdapter.service(CoyoteAdapter.java:344)
	at org.apache.coyote.http11.Http11Processor.service(Http11Processor.java:391)
	at org.apache.coyote.AbstractProcessorLight.process(AbstractProcessorLight.java:63)
	at org.apache.coyote.AbstractProtocol$ConnectionHandler.process(AbstractProtocol.java:896)
	at org.apache.tomcat.util.net.NioEndpoint$SocketProcessor.doRun(NioEndpoint.java:1744)
	at org.apache.tomcat.util.net.SocketProcessorBase.run(SocketProcessorBase.java:52)
	at org.apache.tomcat.util.threads.ThreadPoolExecutor.runWorker(ThreadPoolExecutor.java:1191)
	at org.apache.tomcat.util.threads.ThreadPoolExecutor$Worker.run(ThreadPoolExecutor.java:659)
	at org.apache.tomcat.util.threads.TaskThread$WrappingRunnable.run(TaskThread.java:63)
	at java.base/java.lang.Thread.run(Thread.java:833)
2024-04-04 18:24:41.513 [http-nio-80-exec-8] INFO  jdbc.sqlonly - SELECT
				B.BD_ID			AS BD_ID,
				B.TITLE			AS TITLE,
				B.READ_CNT		AS READ_CNT,
				B.CREATE_DT		AS CREATE_DT,	
				M.MEMBER_NICK 	AS MEMBER_NICK,
				M.MEMBER_ID 	AS MEMBER_ID
		FROM	BOARD B
		JOIN	MEMBER M
		ON B.MEMBER_ID = M.MEMBER_ID

2024-04-04 18:24:41.515 [http-nio-80-exec-8] ERROR jdbc.sqlonly - 1. PreparedStatement.execute() SELECT
				B.BD_ID			AS BD_ID,
				B.TITLE			AS TITLE,
				B.READ_CNT		AS READ_CNT,
				B.CREATE_DT		AS CREATE_DT,	
				M.MEMBER_NICK 	AS MEMBER_NICK,
				M.MEMBER_ID 	AS MEMBER_ID
		FROM	BOARD B
		JOIN	MEMBER M
		ON B.MEMBER_ID = M.MEMBER_ID

java.sql.SQLSyntaxErrorException: Unknown column 'B.READ_CNT' in 'field list'
	at com.mysql.cj.jdbc.exceptions.SQLError.createSQLException(SQLError.java:121)
	at com.mysql.cj.jdbc.exceptions.SQLExceptionsMapping.translateException(SQLExceptionsMapping.java:122)
	at com.mysql.cj.jdbc.ClientPreparedStatement.executeInternal(ClientPreparedStatement.java:912)
	at com.mysql.cj.jdbc.ClientPreparedStatement.execute(ClientPreparedStatement.java:354)
	at net.sf.log4jdbc.sql.jdbcapi.PreparedStatementSpy.execute(PreparedStatementSpy.java:443)
	at com.zaxxer.hikari.pool.ProxyPreparedStatement.execute(ProxyPreparedStatement.java:44)
	at com.zaxxer.hikari.pool.HikariProxyPreparedStatement.execute(HikariProxyPreparedStatement.java)
	at org.apache.ibatis.executor.statement.PreparedStatementHandler.query(PreparedStatementHandler.java:65)
	at org.apache.ibatis.executor.statement.RoutingStatementHandler.query(RoutingStatementHandler.java:80)
	at org.apache.ibatis.executor.SimpleExecutor.doQuery(SimpleExecutor.java:65)
	at org.apache.ibatis.executor.BaseExecutor.queryFromDatabase(BaseExecutor.java:336)
	at org.apache.ibatis.executor.BaseExecutor.query(BaseExecutor.java:158)
	at org.apache.ibatis.executor.CachingExecutor.query(CachingExecutor.java:110)
	at org.apache.ibatis.executor.CachingExecutor.query(CachingExecutor.java:90)
	at org.apache.ibatis.session.defaults.DefaultSqlSession.selectList(DefaultSqlSession.java:154)
	at org.apache.ibatis.session.defaults.DefaultSqlSession.selectList(DefaultSqlSession.java:147)
	at org.apache.ibatis.session.defaults.DefaultSqlSession.selectList(DefaultSqlSession.java:142)
	at java.base/jdk.internal.reflect.NativeMethodAccessorImpl.invoke0(Native Method)
	at java.base/jdk.internal.reflect.NativeMethodAccessorImpl.invoke(NativeMethodAccessorImpl.java:77)
	at java.base/jdk.internal.reflect.DelegatingMethodAccessorImpl.invoke(DelegatingMethodAccessorImpl.java:43)
	at java.base/java.lang.reflect.Method.invoke(Method.java:568)
	at org.mybatis.spring.SqlSessionTemplate$SqlSessionInterceptor.invoke(SqlSessionTemplate.java:425)
	at jdk.proxy2/jdk.proxy2.$Proxy71.selectList(Unknown Source)
	at org.mybatis.spring.SqlSessionTemplate.selectList(SqlSessionTemplate.java:224)
	at org.apache.ibatis.binding.MapperMethod.executeForMany(MapperMethod.java:147)
	at org.apache.ibatis.binding.MapperMethod.execute(MapperMethod.java:80)
	at org.apache.ibatis.binding.MapperProxy$PlainMethodInvoker.invoke(MapperProxy.java:141)
	at org.apache.ibatis.binding.MapperProxy.invoke(MapperProxy.java:86)
	at jdk.proxy3/jdk.proxy3.$Proxy72.getBdList(Unknown Source)
	at com.application.oasisCMS.bd.service.BdServiceImpl.getBdList(BdServiceImpl.java:35)
	at com.application.oasisCMS.bd.controller.BdController.bdList(BdController.java:56)
	at java.base/jdk.internal.reflect.NativeMethodAccessorImpl.invoke0(Native Method)
	at java.base/jdk.internal.reflect.NativeMethodAccessorImpl.invoke(NativeMethodAccessorImpl.java:77)
	at java.base/jdk.internal.reflect.DelegatingMethodAccessorImpl.invoke(DelegatingMethodAccessorImpl.java:43)
	at java.base/java.lang.reflect.Method.invoke(Method.java:568)
	at org.springframework.web.method.support.InvocableHandlerMethod.doInvoke(InvocableHandlerMethod.java:255)
	at org.springframework.web.method.support.InvocableHandlerMethod.invokeForRequest(InvocableHandlerMethod.java:188)
	at org.springframework.web.servlet.mvc.method.annotation.ServletInvocableHandlerMethod.invokeAndHandle(ServletInvocableHandlerMethod.java:118)
	at org.springframework.web.servlet.mvc.method.annotation.RequestMappingHandlerAdapter.invokeHandlerMethod(RequestMappingHandlerAdapter.java:925)
	at org.springframework.web.servlet.mvc.method.annotation.RequestMappingHandlerAdapter.handleInternal(RequestMappingHandlerAdapter.java:830)
	at org.springframework.web.servlet.mvc.method.AbstractHandlerMethodAdapter.handle(AbstractHandlerMethodAdapter.java:87)
	at org.springframework.web.servlet.DispatcherServlet.doDispatch(DispatcherServlet.java:1089)
	at org.springframework.web.servlet.DispatcherServlet.doService(DispatcherServlet.java:979)
	at org.springframework.web.servlet.FrameworkServlet.processRequest(FrameworkServlet.java:1014)
	at org.springframework.web.servlet.FrameworkServlet.doGet(FrameworkServlet.java:903)
	at jakarta.servlet.http.HttpServlet.service(HttpServlet.java:564)
	at org.springframework.web.servlet.FrameworkServlet.service(FrameworkServlet.java:885)
	at jakarta.servlet.http.HttpServlet.service(HttpServlet.java:658)
	at org.apache.catalina.core.ApplicationFilterChain.internalDoFilter(ApplicationFilterChain.java:205)
	at org.apache.catalina.core.ApplicationFilterChain.doFilter(ApplicationFilterChain.java:149)
	at org.apache.tomcat.websocket.server.WsFilter.doFilter(WsFilter.java:51)
	at org.apache.catalina.core.ApplicationFilterChain.internalDoFilter(ApplicationFilterChain.java:174)
	at org.apache.catalina.core.ApplicationFilterChain.doFilter(ApplicationFilterChain.java:149)
	at org.springframework.web.filter.CompositeFilter$VirtualFilterChain.doFilter(CompositeFilter.java:108)
	at org.springframework.security.web.FilterChainProxy.lambda$doFilterInternal$3(FilterChainProxy.java:231)
	at org.springframework.security.web.FilterChainProxy$VirtualFilterChain.doFilter(FilterChainProxy.java:365)
	at org.springframework.security.web.access.ExceptionTranslationFilter.doFilter(ExceptionTranslationFilter.java:126)
	at org.springframework.security.web.access.ExceptionTranslationFilter.doFilter(ExceptionTranslationFilter.java:120)
	at org.springframework.security.web.FilterChainProxy$VirtualFilterChain.doFilter(FilterChainProxy.java:374)
	at org.springframework.security.web.authentication.AnonymousAuthenticationFilter.doFilter(AnonymousAuthenticationFilter.java:100)
	at org.springframework.security.web.FilterChainProxy$VirtualFilterChain.doFilter(FilterChainProxy.java:374)
	at org.springframework.security.web.servletapi.SecurityContextHolderAwareRequestFilter.doFilter(SecurityContextHolderAwareRequestFilter.java:179)
	at org.springframework.security.web.FilterChainProxy$VirtualFilterChain.doFilter(FilterChainProxy.java:374)
	at org.springframework.security.web.savedrequest.RequestCacheAwareFilter.doFilter(RequestCacheAwareFilter.java:63)
	at org.springframework.security.web.FilterChainProxy$VirtualFilterChain.doFilter(FilterChainProxy.java:374)
	at org.springframework.security.web.authentication.logout.LogoutFilter.doFilter(LogoutFilter.java:107)
	at org.springframework.security.web.authentication.logout.LogoutFilter.doFilter(LogoutFilter.java:93)
	at org.springframework.security.web.FilterChainProxy$VirtualFilterChain.doFilter(FilterChainProxy.java:374)
	at org.springframework.security.web.header.HeaderWriterFilter.doHeadersAfter(HeaderWriterFilter.java:90)
	at org.springframework.security.web.header.HeaderWriterFilter.doFilterInternal(HeaderWriterFilter.java:75)
	at org.springframework.web.filter.OncePerRequestFilter.doFilter(OncePerRequestFilter.java:116)
	at org.springframework.security.web.FilterChainProxy$VirtualFilterChain.doFilter(FilterChainProxy.java:374)
	at org.springframework.security.web.context.SecurityContextHolderFilter.doFilter(SecurityContextHolderFilter.java:82)
	at org.springframework.security.web.context.SecurityContextHolderFilter.doFilter(SecurityContextHolderFilter.java:69)
	at org.springframework.security.web.FilterChainProxy$VirtualFilterChain.doFilter(FilterChainProxy.java:374)
	at org.springframework.security.web.context.request.async.WebAsyncManagerIntegrationFilter.doFilterInternal(WebAsyncManagerIntegrationFilter.java:62)
	at org.springframework.web.filter.OncePerRequestFilter.doFilter(OncePerRequestFilter.java:116)
	at org.springframework.security.web.FilterChainProxy$VirtualFilterChain.doFilter(FilterChainProxy.java:374)
	at org.springframework.security.web.session.DisableEncodeUrlFilter.doFilterInternal(DisableEncodeUrlFilter.java:42)
	at org.springframework.web.filter.OncePerRequestFilter.doFilter(OncePerRequestFilter.java:116)
	at org.springframework.security.web.FilterChainProxy$VirtualFilterChain.doFilter(FilterChainProxy.java:374)
	at org.springframework.security.web.FilterChainProxy.doFilterInternal(FilterChainProxy.java:233)
	at org.springframework.security.web.FilterChainProxy.doFilter(FilterChainProxy.java:191)
	at org.springframework.web.filter.CompositeFilter$VirtualFilterChain.doFilter(CompositeFilter.java:113)
	at org.springframework.web.servlet.handler.HandlerMappingIntrospector.lambda$createCacheFilter$3(HandlerMappingIntrospector.java:195)
	at org.springframework.web.filter.CompositeFilter$VirtualFilterChain.doFilter(CompositeFilter.java:113)
	at org.springframework.web.filter.CompositeFilter.doFilter(CompositeFilter.java:74)
	at org.springframework.security.config.annotation.web.configuration.WebMvcSecurityConfiguration$CompositeFilterChainProxy.doFilter(WebMvcSecurityConfiguration.java:230)
	at org.springframework.web.filter.DelegatingFilterProxy.invokeDelegate(DelegatingFilterProxy.java:352)
	at org.springframework.web.filter.DelegatingFilterProxy.doFilter(DelegatingFilterProxy.java:268)
	at org.apache.catalina.core.ApplicationFilterChain.internalDoFilter(ApplicationFilterChain.java:174)
	at org.apache.catalina.core.ApplicationFilterChain.doFilter(ApplicationFilterChain.java:149)
	at org.springframework.web.filter.RequestContextFilter.doFilterInternal(RequestContextFilter.java:100)
	at org.springframework.web.filter.OncePerRequestFilter.doFilter(OncePerRequestFilter.java:116)
	at org.apache.catalina.core.ApplicationFilterChain.internalDoFilter(ApplicationFilterChain.java:174)
	at org.apache.catalina.core.ApplicationFilterChain.doFilter(ApplicationFilterChain.java:149)
	at org.springframework.web.filter.FormContentFilter.doFilterInternal(FormContentFilter.java:93)
	at org.springframework.web.filter.OncePerRequestFilter.doFilter(OncePerRequestFilter.java:116)
	at org.apache.catalina.core.ApplicationFilterChain.internalDoFilter(ApplicationFilterChain.java:174)
	at org.apache.catalina.core.ApplicationFilterChain.doFilter(ApplicationFilterChain.java:149)
	at org.springframework.web.filter.CharacterEncodingFilter.doFilterInternal(CharacterEncodingFilter.java:201)
	at org.springframework.web.filter.OncePerRequestFilter.doFilter(OncePerRequestFilter.java:116)
	at org.apache.catalina.core.ApplicationFilterChain.internalDoFilter(ApplicationFilterChain.java:174)
	at org.apache.catalina.core.ApplicationFilterChain.doFilter(ApplicationFilterChain.java:149)
	at org.apache.catalina.core.StandardWrapperValve.invoke(StandardWrapperValve.java:167)
	at org.apache.catalina.core.StandardContextValve.invoke(StandardContextValve.java:90)
	at org.apache.catalina.authenticator.AuthenticatorBase.invoke(AuthenticatorBase.java:482)
	at org.apache.catalina.core.StandardHostValve.invoke(StandardHostValve.java:115)
	at org.apache.catalina.valves.ErrorReportValve.invoke(ErrorReportValve.java:93)
	at org.apache.catalina.core.StandardEngineValve.invoke(StandardEngineValve.java:74)
	at org.apache.catalina.connector.CoyoteAdapter.service(CoyoteAdapter.java:344)
	at org.apache.coyote.http11.Http11Processor.service(Http11Processor.java:391)
	at org.apache.coyote.AbstractProcessorLight.process(AbstractProcessorLight.java:63)
	at org.apache.coyote.AbstractProtocol$ConnectionHandler.process(AbstractProtocol.java:896)
	at org.apache.tomcat.util.net.NioEndpoint$SocketProcessor.doRun(NioEndpoint.java:1744)
	at org.apache.tomcat.util.net.SocketProcessorBase.run(SocketProcessorBase.java:52)
	at org.apache.tomcat.util.threads.ThreadPoolExecutor.runWorker(ThreadPoolExecutor.java:1191)
	at org.apache.tomcat.util.threads.ThreadPoolExecutor$Worker.run(ThreadPoolExecutor.java:659)
	at org.apache.tomcat.util.threads.TaskThread$WrappingRunnable.run(TaskThread.java:63)
	at java.base/java.lang.Thread.run(Thread.java:833)
2024-04-04 18:28:17.464 [http-nio-80-exec-9] INFO  jdbc.sqlonly - SELECT
				B.BD_ID			AS BD_ID,
				B.TITLE			AS TITLE,
				B.READ_CNT		AS READ_CNT,
				B.CREATE_DT		AS CREATE_DT,	
				M.MEMBER_NICK 	AS MEMBER_NICK,
				M.MEMBER_ID 	AS MEMBER_ID
		FROM	BOARD B
		JOIN	MEMBER M
		ON B.MEMBER_ID = M.MEMBER_ID

2024-04-04 18:28:17.511 [http-nio-80-exec-9] INFO  jdbc.resultsettable - 
|------|------|---------|----------|------------|----------|
|bd_id |title |read_cnt |create_dt |member_nick |member_id |
|------|------|---------|----------|------------|----------|
|------|------|---------|----------|------------|----------|

2024-04-04 18:28:24.002 [http-nio-80-exec-9] INFO  jdbc.sqlonly - SELECT
				B.BD_ID			AS BD_ID,
				B.TITLE			AS TITLE,
				B.READ_CNT		AS READ_CNT,
				B.CREATE_DT		AS CREATE_DT,	
				M.MEMBER_NICK 	AS MEMBER_NICK,
				M.MEMBER_ID 	AS MEMBER_ID
		FROM	BOARD B
		JOIN	MEMBER M
		ON B.MEMBER_ID = M.MEMBER_ID

2024-04-04 18:28:24.004 [http-nio-80-exec-9] INFO  jdbc.resultsettable - 
|------|------|---------|----------|------------|----------|
|bd_id |title |read_cnt |create_dt |member_nick |member_id |
|------|------|---------|----------|------------|----------|
|------|------|---------|----------|------------|----------|

2024-04-04 18:28:30.056 [http-nio-80-exec-10] INFO  jdbc.sqlonly - SELECT	PASSWD,	ACTIVE_YN	
		FROM	MEMBER	
		WHERE	MEMBER_ID = 'f1111'

2024-04-04 18:28:30.062 [http-nio-80-exec-10] INFO  jdbc.resultsettable - 
|-------------------------------------------------------------|----------|
|passwd                                                       |active_yn |
|-------------------------------------------------------------|----------|
|$2a$10$Y7hrjs0Gpk2iLkXq3CYIUuXqDKwPgqRR0GpZfblJMi.sRzxfUGzUi |Y         |
|-------------------------------------------------------------|----------|

2024-04-04 18:28:34.935 [http-nio-80-exec-9] INFO  jdbc.sqlonly - SELECT
				B.BD_ID			AS BD_ID,
				B.TITLE			AS TITLE,
				B.READ_CNT		AS READ_CNT,
				B.CREATE_DT		AS CREATE_DT,	
				M.MEMBER_NICK 	AS MEMBER_NICK,
				M.MEMBER_ID 	AS MEMBER_ID
		FROM	BOARD B
		JOIN	MEMBER M
		ON B.MEMBER_ID = M.MEMBER_ID

2024-04-04 18:28:34.946 [http-nio-80-exec-9] INFO  jdbc.resultsettable - 
|------|------|---------|----------|------------|----------|
|bd_id |title |read_cnt |create_dt |member_nick |member_id |
|------|------|---------|----------|------------|----------|
|------|------|---------|----------|------------|----------|

2024-04-04 18:28:39.466 [http-nio-80-exec-9] INFO  jdbc.sqlonly - SELECT 	* FROM MEMBER WHERE MEMBER_ID = 'f1111'

2024-04-04 18:28:39.476 [http-nio-80-exec-9] INFO  jdbc.resultsettable - 
|----------|-------------------------------------------------------------|--------|----------|------------|------------|-------------|----|---|------|--------|-------------|--------------|---------------|----|----------|------------|---------|---------|
|member_id |passwd                                                       |join_dt |member_nm |member_nick |profile_img |profile_uuid |sex |hp |email |zipcode |road_address |jibun_address |namuji_address |etc |active_yn |inactive_dt |login_yn |login_dt |
|----------|-------------------------------------------------------------|--------|----------|------------|------------|-------------|----|---|------|--------|-------------|--------------|---------------|----|----------|------------|---------|---------|
|f1111     |$2a$10$Y7hrjs0Gpk2iLkXq3CYIUuXqDKwPgqRR0GpZfblJMi.sRzxfUGzUi |null    |1         |1           |null        |null         |m   |   |      |        |             |              |               |    |Y         |null        |N        |null     |
|----------|-------------------------------------------------------------|--------|----------|------------|------------|-------------|----|---|------|--------|-------------|--------------|---------------|----|----------|------------|---------|---------|

2024-04-04 18:28:49.118 [http-nio-80-exec-5] INFO  jdbc.sqlonly - INSERT INTO BOARD (
			MEMBER_ID, TITLE, CONTENT
		)
		VALUES(
			NULL, 'GHGHGHGH', 'GKGKGKGKGK'
		)

2024-04-04 18:33:25.429 [http-nio-80-exec-5] INFO  jdbc.sqlonly - SELECT
				B.BD_ID			AS BD_ID,
				B.TITLE			AS TITLE,
				B.READ_CNT		AS READ_CNT,
				B.CREATE_DT		AS CREATE_DT,	
				M.MEMBER_NICK 	AS MEMBER_NICK,
				M.MEMBER_ID 	AS MEMBER_ID
		FROM	BOARD B
		JOIN	MEMBER M
		ON B.MEMBER_ID = M.MEMBER_ID

2024-04-04 18:33:25.437 [http-nio-80-exec-5] INFO  jdbc.resultsettable - 
|------|------|---------|----------|------------|----------|
|bd_id |title |read_cnt |create_dt |member_nick |member_id |
|------|------|---------|----------|------------|----------|
|------|------|---------|----------|------------|----------|

