2024-05-04 14:36:03.541 [http-nio-80-exec-4] INFO  jdbc.sqlonly - SELECT	PASSWD,	ACTIVE_YN	
		FROM	MEMBER	
		WHERE	MEMBER_ID = 'admin'

2024-05-04 14:36:03.588 [http-nio-80-exec-4] INFO  jdbc.resultsettable - 
|-------------------------------------------------------------|----------|
|passwd                                                       |active_yn |
|-------------------------------------------------------------|----------|
|$2a$10$dDmu6J6aFyVPH9VrVDR26.WvAVy3Qs0nO/fGIIfHJ57dXBDfyFZie |Y         |
|-------------------------------------------------------------|----------|

2024-05-04 14:36:13.063 [http-nio-80-exec-8] INFO  jdbc.sqlonly - SELECT * FROM BS;

2024-05-04 14:36:13.082 [http-nio-80-exec-8] INFO  jdbc.resultsettable - 
|------|----------------|--------------|-----------------------------------------|----------------------|---------|--------------|--------------|--------------|----------------------|
|bd_id |title           |bs_img        |bs_uuid                                  |content               |read_cnt |bs_category_1 |bs_category_2 |bs_category_3 |create_dt             |
|------|----------------|--------------|-----------------------------------------|----------------------|---------|--------------|--------------|--------------|----------------------|
|7     |5월 1일방송         |academy.jpg   |c63e7d63-21b5-4fc5-91f8-c1c8607151be.jpg |<p>영성시 5월 1일 방송</p>
 |0        |2             |영성시           |null          |2024-05-02 19:06:38.0 |
|8     |5월 2일 방송        |community.png |06c89959-2054-4b68-9ecf-349026624d2e.png |                      |0        |3             |영성강화          |null          |2024-05-02 19:47:30.0 |
|9     |5월 3일           |book.jpg      |9b60820e-65d4-4e99-ae18-3165c64f6e88.jpg |<p>금요일 방송</p>
       |0        |4             |영성강화          |null          |2024-05-02 19:48:05.0 |
|10    |영성강화 - 5월 4일 방송 |academy.jpg   |8acd5e58-4a04-49f4-9df8-daaff2776f2c.jpg |<p>영성강화 5월 4일</p>
   |0        |5             |영성강화          |null          |2024-05-03 14:02:52.0 |
|11    |5월 5일 주일예배      |main.jpg      |57790fd8-1ea6-4f7c-ac49-997d8e95dff3.jpg |<p>예배와 설교입니다.</p>
   |0        |6             |예배            |null          |2024-05-03 14:04:58.0 |
|12    |5월 6일 강의        |head.jpg      |fc4c6ca4-ef69-4373-b1b3-668754cd2a06.jpg |<p>강화내용</p>
         |0        |0             |영성강화          |null          |2024-05-03 14:17:54.0 |
|13    |5월7일 영성시        |head.jpg      |d01c9b4a-bded-476c-9f97-b88637a4ec24.jpg |<p>영성시&nbsp;</p>
    |0        |1             |              |null          |2024-05-03 14:47:16.0 |
|------|----------------|--------------|-----------------------------------------|----------------------|---------|--------------|--------------|--------------|----------------------|

